60

C      -1.236263400000000      0.000000000000000      3.329976400000000
C      -0.382026400000000     -1.175756400000000      3.329976400000000
C       1.000158100000000     -0.726657400000000      3.329976400000000
C       1.000158100000000      0.726657400000000      3.329976400000000
C      -0.382026400000000      1.175756400000000      3.329976400000000
C       2.344335600000000     -2.601457500000000      0.594642100000000
C       3.198572600000000     -1.425701100000000      0.594642100000000
C       2.962467300000000     -0.699043700000000      1.830905500000000
C       1.962309200000000     -1.425701100000000      2.594958300000000
C       1.580282800000000     -2.601457500000000      1.830905500000000
C       3.198572600000000      1.425701100000000      0.594642100000000
C       2.344335600000000      2.601457500000000      0.594642100000000
C       1.580282800000000      2.601457500000000      1.830905500000000
C       1.962309200000000      1.425701100000000      2.594958300000000
C       2.962467300000000      0.699043700000000      1.830905500000000
C      -0.367509000000000      3.482589200000000      0.594642100000000
C      -1.749693500000000      3.033490300000000      0.594642100000000
C      -1.985798800000000      2.306832900000000      1.830905500000000
C      -0.749535400000000      2.306832900000000      2.594958300000000
C       0.250622700000000      3.033490300000000      1.830905500000000
C      -3.425705700000000      0.726657400000000      0.594642100000000
C      -3.425705700000000     -0.726657400000000      0.594642100000000
C      -2.807574000000000     -1.175756400000000      1.830905500000000
C      -2.425547600000000      0.000000000000000      2.594958300000000
C      -2.807574000000000      1.175756400000000      1.830905500000000
C      -1.749693500000000     -3.033490300000000      0.594642100000000
C      -0.367509000000000     -3.482589200000000      0.594642100000000
C       0.250622700000000     -3.033490300000000      1.830905500000000
C      -0.749535400000000     -2.306832900000000      2.594958300000000
C      -1.985798800000000     -2.306832900000000      1.830905500000000
C      -0.250622700000000     -3.033490300000000     -1.830905500000000
C       0.749535400000000     -2.306832900000000     -2.594958300000000
C       1.985798800000000     -2.306832900000000     -1.830905500000000
C       1.749693500000000     -3.033490300000000     -0.594642100000000
C       0.367509000000000     -3.482589200000000     -0.594642100000000
C       2.807574000000000     -1.175756400000000     -1.830905500000000
C       2.425547600000000      0.000000000000000     -2.594958300000000
C       2.807574000000000      1.175756400000000     -1.830905500000000
C       3.425705700000000      0.726657400000000     -0.594642100000000
C       3.425705700000000     -0.726657400000000     -0.594642100000000
C       1.985798800000000      2.306832900000000     -1.830905500000000
C       0.749535400000000      2.306832900000000     -2.594958300000000
C      -0.250622700000000      3.033490300000000     -1.830905500000000
C       0.367509000000000      3.482589200000000     -0.594642100000000
C       1.749693500000000      3.033490300000000     -0.594642100000000
C      -1.580282800000000      2.601457500000000     -1.830905500000000
C      -1.962309200000000      1.425701100000000     -2.594958300000000
C      -2.962467300000000      0.699043700000000     -1.830905500000000
C      -3.198572600000000      1.425701100000000     -0.594642100000000
C      -2.344335600000000      2.601457500000000     -0.594642100000000
C      -2.962467300000000     -0.699043700000000     -1.830905500000000
C      -1.962309200000000     -1.425701100000000     -2.594958300000000
C      -1.580282800000000     -2.601457500000000     -1.830905500000000
C      -2.344335600000000     -2.601457500000000     -0.594642100000000
C      -3.198572600000000     -1.425701100000000     -0.594642100000000
C      -1.000158100000000     -0.726657400000000     -3.329976400000000
C      -1.000158100000000      0.726657400000000     -3.329976400000000
C       0.382026400000000      1.175756400000000     -3.329976400000000
C       1.236263400000000      0.000000000000000     -3.329976400000000
C       0.382026400000000     -1.175756400000000     -3.329976400000000
61

C      -1.297709658912220      0.000000000000000      3.531632247672760
C      -0.371076044254750     -1.174788005863590      3.310581966430120
C       0.979797575504590     -0.721577052319610      3.281105349528220
C       0.979797575504590      0.721577052319610      3.281105349528220
C      -0.371076044254750      1.174788005863600      3.310581966430130
C       2.335441849462950     -2.582643486982960      0.583463405812490
C       3.182071695711500     -1.415430146361290      0.582344333723130
C       2.943739598679160     -0.694040601000040      1.807081865520270
C       1.950463984708830     -1.415567791359610      2.561765581670670
C       1.577674888658660     -2.578718015081030      1.809124542782110
C       3.182071695711500      1.415430146361290      0.582344333723130
C       2.335441849462950      2.582643486982960      0.583463405812490
C       1.577674888658660      2.578718015081030      1.809124542782110
C       1.950463984708830      1.415567791359610      2.561765581670660
C       2.943739598679160      0.694040601000040      1.807081865520270
C      -0.361192816841470      3.445192526128790      0.585829960473900
C      -1.734692901914990      3.001534599827200      0.589167933373500
C      -1.972207135102610      2.293084756078780      1.810596397202940
C      -0.734003326668930      2.276919003035000      2.568534800784190
C       0.253092575068930      2.997890645350740      1.808988677634710
C      -3.396497847464550      0.717587443120720      0.574104781675680
C      -3.396497847464550     -0.717587443120720      0.574104781675680
C      -2.771680376036520     -1.149644159154140      1.806648764348090
C      -2.421684653998640      0.000000000000000      2.560546273021430
C      -2.771680376036520      1.149644159154140      1.806648764348090
C      -1.734692901914990     -3.001534599827190      0.589167933373510
C      -0.361192816841480     -3.445192526128790      0.585829960473900
C       0.253092575068930     -2.997890645350730      1.808988677634710
C      -0.734003326668920     -2.276919003034990      2.568534800784190
C      -1.972207135102610     -2.293084756078780      1.810596397202950
C      -0.245858938108500     -3.009707058226850     -1.822325387635020
C       0.744390128339270     -2.288418764803610     -2.578228753840610
C       1.972681067298330     -2.288611706755200     -1.821148978011700
C       1.740312034280130     -3.008320222016710     -0.596235788294800
C       0.367248134663710     -3.451141297170270     -0.594434260780260
C       2.790273727901680     -1.165510100258890     -1.823306708612980
C       2.410770112463490     -0.000000000000000     -2.580309718590230
C       2.790273727901680      1.165510100258890     -1.823306708612980
C       3.405980956007670      0.721092502378880     -0.598756684035400
C       3.405980956007670     -0.721092502378880     -0.598756684035400
C       1.972681067298330      2.288611706755200     -1.821148978011700
C       0.744390128339270      2.288418764803600     -2.578228753840620
C      -0.245858938108500      3.009707058226850     -1.822325387635020
C       0.367248134663710      3.451141297170270     -0.594434260780260
C       1.740312034280130      3.008320222016710     -0.596235788294800
C      -1.568470699769340      2.580496804338010     -1.821227366010160
C      -1.947308570511690      1.415336871953560     -2.583606764068230
C      -2.942431609627680      0.694344753418890     -1.829774895042400
C      -3.174793801153030      1.414442857604300     -0.603269701858650
C      -2.326886543217420      2.581135882694290     -0.600864094877910
C      -2.942431609627680     -0.694344753418890     -1.829774895042400
C      -1.947308570511690     -1.415336871953560     -2.583606764068230
C      -1.568470699769340     -2.580496804338010     -1.821227366010160
C      -2.326886543217420     -2.581135882694290     -0.600864094877900
C      -3.174793801153030     -1.414442857604290     -0.603269701858650
C      -0.991385242686330     -0.720976078331480     -3.310298712345270
C      -0.991385242686330      0.720976078331480     -3.310298712345280
C       0.380541000318020      1.165485157344340     -3.308846871879520
C       1.226685972342420     -0.000000000000000     -3.307833681513340
C       0.380541000318020     -1.165485157344340     -3.308846871879520
Cl     -1.937374867411320     -0.000000000000050      5.255093168063590
62

C      -1.300603966256840      0.010993095659430      3.523344810185420
C      -0.357828167821010     -1.157467255873440      3.296986519787820
C       0.949889246114340     -0.713663566534020      3.269363245768260
C       0.968848736602660      0.725059221928540      3.261445645043660
C      -0.381316861594900      1.188911772045660      3.300318437003410
C       2.314347830931530     -2.573085591735690      0.576126886034110
C       3.156005573151060     -1.402605526827250      0.579105372127460
C       2.947274414853230     -0.693642926405260      1.799861205140560
C       2.080930361011800     -1.518068792001120      2.726624530027190
C       1.574033369878900     -2.598429693723660      1.797377887381240
C       3.165180097671920      1.403026635648000      0.574921790992260
C       2.321167024550910      2.572679131472870      0.578455173451340
C       1.568783523801630      2.576265589255670      1.809616618791470
C       1.943814242084700      1.426839125248800      2.564990002319050
C       2.929933538714790      0.680282782640570      1.793626843091490
C      -0.368058404653820      3.446747545142450      0.586109725608750
C      -1.743815498535810      3.009057956385540      0.583608198579070
C      -1.990301857299550      2.301291859262000      1.805206192494130
C      -0.745355022559130      2.290719941243640      2.566334990738060
C       0.241893504891950      3.010768763948340      1.808165397184290
C      -3.408568538214510      0.731412186659690      0.571235011468290
C      -3.394466829746740     -0.705494504187420      0.576852500899260
C      -2.767209146392020     -1.130958499902060      1.818060678203220
C      -2.427075885899200      0.002760786374780      2.550407099240370
C      -2.790264583181390      1.169491308659070      1.800141122461510
C      -1.717038062121560     -2.997323954233660      0.582955233305640
C      -0.351757061719090     -3.450245595708850      0.573159622182200
C       0.262799868344030     -3.002315718472710      1.791093109234370
C      -0.751446108645160     -2.296092510895710      2.569999928122610
C      -1.945568798435340     -2.288852850507500      1.827307907071980
C      -0.242667432040220     -3.015029703576580     -1.836704820681710
C       0.745631193988560     -2.290061856304950     -2.595955838712920
C       1.973481840382340     -2.289049428328490     -1.839973373802740
C       1.736029930455570     -3.009457720524090     -0.612200139205430
C       0.372897915001840     -3.458503468287850     -0.614328594321270
C       2.785525122504390     -1.166141202015900     -1.836427941221950
C       2.407507847649240      0.002893866594460     -2.593794927066650
C       2.788204899885000      1.165992121686160     -1.835995965485680
C       3.399044107872610      0.716946706356710     -0.610877476731960
C       3.395783872553890     -0.717511812846700     -0.609428799826630
C       1.967431119371200      2.288034828195500     -1.829238796765390
C       0.743749380642450      2.289477738729550     -2.582999138621880
C      -0.249924870818200      3.012185013116710     -1.820966919813510
C       0.361293474444730      3.453245002091770     -0.599373193405020
C       1.732467732904730      3.004886674918880     -0.599485200005670
C      -1.573371831488040      2.586675092368650     -1.826036115307910
C      -1.950699937163410      1.420405207912880     -2.587392533292560
C      -2.945920090107210      0.701958152644110     -1.831798231409410
C      -3.184634376410020      1.425438081231720     -0.609703533435650
C      -2.334727235237030      2.589253765207630     -0.606861665722620
C      -2.939425527570080     -0.687732563201460     -1.823013461015680
C      -1.945058541413650     -1.410992768087160     -2.578121586217530
C      -1.562373070505210     -2.576104102518300     -1.822076925747620
C      -2.308548780955580     -2.572675548121620     -0.592710780049100
C      -3.166266238514720     -1.399094009493910     -0.594637278828740
C      -0.993399970454240     -0.717331275028310     -3.312251751462390
C      -0.995033437917850      0.724690736126890     -3.313272760762990
C       0.377205030842360      1.168639220459940     -3.315489207305810
C       1.223539066979640      0.003613158777070     -3.319930421644990
C       0.377200835078330     -1.163851562069290     -3.318796584308230
Cl     -1.934615447953810     -0.005729615561590      5.231551328874110
Cl      3.059098902641900     -2.233580776914480      4.091975383421330
63

C      -1.308750518635010      0.008085060358800      3.563669254415080
C      -0.372814264818610     -1.151289936061630      3.266662015746940
C       0.953229986227860     -0.708537121157440      3.269701727934760
C       0.962244659636070      0.714976957219030      3.251475232695750
C      -0.392701198558130      1.176887488784030      3.278678217327200
C       2.309840730765840     -2.567143555391760      0.582280460244130
C       3.158246906255210     -1.399003629416240      0.582721091950620
C       2.953751629784690     -0.691243837940520      1.802968666190960
C       2.079421980886740     -1.512028502811720      2.724024281932480
C       1.576613032795580     -2.593718679417160      1.799827686980370
C       3.171369293865070      1.408497597706690      0.575798877127320
C       2.327176137795060      2.575683546010600      0.577286150232010
C       1.569752235064810      2.573267313032860      1.804404716221280
C       1.943855184632470      1.423490655287040      2.559015754429760
C       2.936229883651340      0.684452334683390      1.796557609855660
C      -0.366653635620720      3.440777706425420      0.577644310561330
C      -1.738726947693460      2.999466107498370      0.572270491034800
C      -1.988008292240570      2.285923839924840      1.792734462078150
C      -0.746179546463130      2.286355968060540      2.563446203899960
C       0.240932453354050      3.001734197809800      1.802363479801190
C      -3.369821566438120      0.724527422634740      0.570720486738830
C      -3.364173860589650     -0.715742590946280      0.573627223995260
C      -2.782861857037370     -1.158831918685930      1.793339692783270
C      -2.638533492203750      0.007406356995680      2.748405207231480
C      -2.788785249208020      1.174864716366490      1.793359169902790
C      -1.726477636294490     -2.985702708519620      0.568335637310420
C      -0.359361077923500     -3.430657849085340      0.569236202655680
C       0.254298048392350     -2.989017435268730      1.793433755906270
C      -0.745842746710150     -2.286515508251840      2.567112920295780
C      -1.965932751617230     -2.267798696092060      1.793893293934500
C      -0.243242203259060     -3.008741569066250     -1.844333474006480
C       0.748746664839670     -2.287915234873560     -2.598735336989040
C       1.972213507852400     -2.285503931073330     -1.833649594328220
C       1.732903978802500     -3.004774034649830     -0.610388370860780
C       0.368714021512010     -3.447765590937230     -0.614110213405440
C       2.788543797143320     -1.162718786916360     -1.833201662944490
C       2.413398745650720      0.002048347760770     -2.593350205542830
C       2.793174035311070      1.167637667851940     -1.834732377438880
C       3.403951051812290      0.720007443867220     -0.609076163829610
C       3.398936071495140     -0.714591546088100     -0.606218131764540
C       1.973586333057020      2.288610955725130     -1.830114555354060
C       0.749361065910210      2.289811630046940     -2.589353826417420
C      -0.243711570975780      3.008825768451010     -1.832129164640680
C       0.365654424186270      3.451133643070150     -0.604189043357470
C       1.737310823244230      3.005964410356760     -0.602914211309280
C      -1.565544074417850      2.583597759307160     -1.840660244255050
C      -1.941948468979070      1.417645091732340     -2.600733488437990
C      -2.932641633583250      0.696556633271650     -1.845225047371720
C      -3.163099939467460      1.418442544181820     -0.616735050563070
C      -2.325888758527580      2.581298997511590     -0.617454447868790
C      -2.931606710619810     -0.690644698903160     -1.843065276990080
C      -1.941021579729040     -1.413486939693520     -2.603506212188980
C      -1.563413013016850     -2.579156360651300     -1.845898967985360
C      -2.319036536395090     -2.572353462759350     -0.618269388726040
C      -3.159978518886210     -1.411159951700990     -0.617708271208290
C      -0.984197748283950     -0.718175432839800     -3.332228102289870
C      -0.984071134107810      0.723518546157460     -3.330575127362220
C       0.385827064303760      1.167656279853110     -3.325019189064800
C       1.233051369470200      0.002891123417900     -3.325567102757140
C       0.385722812688950     -1.163817957824640     -3.329319626825640
Cl     -1.599651807597290     -0.016402562857290      5.349313922086320
Cl     -4.100277944683920      0.005423123819510      3.818600716101990
Cl      3.060285382917070     -2.221268868376720      4.100384325869860
64

C      -1.299394143297350      0.011567962392210      3.547621476228710
C      -0.362228996550260     -1.145683974780540      3.240897687331050
C       0.918197768086590     -0.719370792146900      3.207851376838370
C       0.951874564965220      0.732557819679960      3.229965547437540
C      -0.391530323708490      1.190089486230520      3.269971044858890
C       2.304348991159640     -2.563836347745700      0.572545099236600
C       3.152219152502890     -1.398074885170290      0.575527762821770
C       2.943972883951910     -0.692242949437060      1.795125289829050
C       2.078220923302520     -1.522380461521340      2.722348449186160
C       1.565049020269880     -2.599120709623240      1.793721186999880
C       3.166036922065610      1.407337307761090      0.573289708847630
C       2.324543798348780      2.579836008798360      0.574777370807620
C       1.568241095578710      2.587051652055550      1.801435635796640
C       1.931969237633460      1.428011780672420      2.550240960987930
C       2.929149376076030      0.682224424885190      1.788517660675170
C      -0.367581373759310      3.453506178980140      0.571108213837900
C      -1.739734836914600      3.010932478845480      0.566139536101660
C      -1.987260297791050      2.300086851223150      1.789404184007690
C      -0.747311227169830      2.309017120511820      2.561415382445260
C       0.239638516069050      3.017428639828700      1.801127201813390
C      -3.356666381211210      0.728947772190120      0.568849635178850
C      -3.339027535084330     -0.708863780845710      0.570826314742560
C      -2.743082197316290     -1.154284204376630      1.791327160234510
C      -2.628233263389280      0.013507173633180      2.746828860418080
C      -2.779946513765920      1.182378728888470      1.790850985789890
C      -1.712512863978630     -2.965374566043830      0.570672049864680
C      -0.347556741435070     -3.420544391483080      0.571691839482690
C       0.263990994835400     -3.020364716269230      1.798570844553160
C      -0.796189974364870     -2.474072907818320      2.739854481240080
C      -1.960194877057790     -2.271152981519470      1.795524449274290
C      -0.239484643626680     -3.001132174804870     -1.849515881620830
C       0.751351319323640     -2.282767586231200     -2.607465788014820
C       1.976213604841500     -2.281781106700940     -1.845737278472800
C       1.733771589776350     -2.997919161771890     -0.619133197828820
C       0.372285171338080     -3.438259808576130     -0.619122988086010
C       2.789914556979460     -1.158857629765820     -1.842071929681320
C       2.414808246290000      0.007153911781310     -2.600331265228750
C       2.793289445921150      1.171412633246340     -1.839008104477990
C       3.402051166797860      0.721646497050130     -0.613420912028260
C       3.396300057624910     -0.712084081048690     -0.612339511182860
C       1.973738538693640      2.292424162844330     -1.833282629577290
C       0.750149036997010      2.294536210573920     -2.592558576981340
C      -0.242695597220450      3.015060875007000     -1.837339671222700
C       0.365082986024720      3.456594585686540     -0.607787890862150
C       1.737356033433700      3.009589555457230     -0.605645227309980
C      -1.564878407853590      2.591107098567810     -1.846559428284240
C      -1.940533948171060      1.424542254135840     -2.606544237060970
C      -2.929860911335040      0.702652479401550     -1.848638283048430
C      -3.159056547966280      1.423878102724360     -0.620817849810370
C      -2.324999828364410      2.589554902031000     -0.623208265713670
C      -2.928451359537010     -0.684223994856310     -1.848532832345340
C      -1.939163812218720     -1.407837770145350     -2.609274194371200
C      -1.558797500627980     -2.571274508579830     -1.850619850994450
C      -2.306006469485510     -2.559621475990840     -0.618652652902760
C      -3.144883985019980     -1.400747191302440     -0.617897144329150
C      -0.983006909572920     -0.712115789438000     -3.338769169457770
C      -0.983180914973310      0.729667103017630     -3.335031879865180
C       0.387156514791590      1.173823101821430     -3.329971154790980
C       1.234211140937480      0.008607327774550     -3.332353814455890
C       0.387144210886380     -1.157818641961530     -3.337452679344520
Cl     -1.576969655635500     -0.033412039763260      5.335326950996170
Cl     -4.088876566749850      0.003764490580540      3.812453008346990
Cl      3.018476990129830     -2.186559834213610      4.115366435297120
Cl     -1.188347280071550     -3.617775700584040      4.083527786876590
65

C      -1.296591953834190      0.001985123129770      3.532174001200870
C      -0.370468247078170     -1.166641999128510      3.233716616589950
C       0.901412609612860     -0.730678533308740      3.177428450461490
C       0.908885381718030      0.727249171683210      3.181974474428840
C      -0.387744516996310      1.179023387758830      3.271203414515040
C       2.299945425805400     -2.570158972522720      0.569442897562670
C       3.142461698546060     -1.397796821173190      0.575249958591600
C       2.934200766272160     -0.697586154513520      1.790020925306780
C       2.069958641281660     -1.529015977430790      2.714379084401970
C       1.561598122458510     -2.612729196999400      1.790422652932200
C       3.158233377670810      1.410635270285080      0.562661060912760
C       2.320719999708170      2.583015611384450      0.559170849364760
C       1.561637717184770      2.595126638032500      1.783496563661150
C       1.940093912565320      1.434183618001320      2.539625819982000
C       2.908743164346640      0.688230321374940      1.784158737884760
C      -0.348962188984170      3.443512720183870      0.571610651401410
C      -1.716157205479430      2.985959349290580      0.568146173640230
C      -1.966587703077660      2.292324171502710      1.793880754207970
C      -0.801738186538940      2.492677944036160      2.734850908751460
C       0.253815895774230      3.051457421016790      1.797805854773660
C      -3.329768010454160      0.720056408323220      0.570311127347600
C      -3.328067216379260     -0.716565351756140      0.570647807031130
C      -2.740238838907850     -1.167358281982670      1.792062611904430
C      -2.624775448372240      0.002148058232750      2.748329299230730
C      -2.742465286245300      1.170950211804500      1.791423394018940
C      -1.713987142995100     -2.978754262552450      0.567185591980960
C      -0.349301351794860     -3.434949612252940      0.568133338312690
C       0.261490742067990     -3.039049873358330      1.796811137780210
C      -0.802159272080270     -2.499180763498740      2.741866523259050
C      -1.963285238081900     -2.288992008983450      1.794717229470680
C      -0.238893916043640     -3.007264258308510     -1.852663293970020
C       0.753057410836790     -2.286515499773540     -2.609974126444450
C       1.974935458966220     -2.285866993475560     -1.849018020733950
C       1.732125675226960     -3.003957243456370     -0.622407920129800
C       0.371664189958510     -3.447070681301000     -0.623143172560210
C       2.788564185974540     -1.160166895319880     -1.842818828258010
C       2.415915656955240      0.004769211882380     -2.606163928520850
C       2.794868880172640      1.171124279911210     -1.849529943445270
C       3.397300092759200      0.722454902921960     -0.618938168195630
C       3.391834521081460     -0.713307414103060     -0.616697367261040
C       1.980714113123100      2.295386135152350     -1.851598032601230
C       0.755144712946230      2.293865231209630     -2.608374024424360
C      -0.235582131040030      3.012777358464550     -1.846841248384060
C       0.375933853418230      3.457142399328870     -0.622127925226450
C       1.742844531599830      3.016563732399540     -0.625485574236570
C      -1.556134903267150      2.584741125463890     -1.851648747550130
C      -1.935313365549460      1.420164729411360     -2.610057920581700
C      -2.922723328325810      0.697078752728070     -1.849662735424310
C      -3.141294674639290      1.413104883308140     -0.619014067327090
C      -2.305615524603010      2.574538277239330     -0.620689561443500
C      -2.923090697190670     -0.690720303240930     -1.850182482610250
C      -1.937362243025810     -1.413045733253770     -2.612094414267930
C      -1.557548694063480     -2.577967192209960     -1.853997239262280
C      -2.305611690547050     -2.569162446616560     -0.622222702639760
C      -3.140991092072080     -1.408046969204540     -0.619676776570310
C      -0.980187742188790     -0.715992457046250     -3.342921796886200
C      -0.980380697780360      0.724392330379060     -3.342381711569860
C       0.390265277402410      1.170457219463990     -3.340312263774330
C       1.236463519036950      0.004509933244410     -3.339640893793250
C       0.388796562762250     -1.161910049962980     -3.342051184061820
Cl     -1.559582825095460     -0.045833157719350      5.327045953986420
Cl     -4.083763502087860      0.004833968612590      3.810643872922190
Cl      3.000983966602790     -2.176934630800370      4.119874985517400
Cl     -1.193183782040930     -3.647708032258480      4.077467224023280
Cl     -1.208569264941340      3.681621914008930      4.061064755401750
66

C      -1.289155338293450     -0.001158863002700      3.506515392499060
C      -0.370072955475180     -1.174256449810400      3.222941956758900
C       0.899414870916750     -0.727765534121980      3.149388030995480
C       0.899451499474420      0.725587641274940      3.149611042025410
C      -0.370081862482780      1.171964595389500      3.222988010510570
C       2.295942772050760     -2.568552304649420      0.563295978028610
C       3.131144391129520     -1.394654579679070      0.566917157830390
C       2.918961607654380     -0.685518456644220      1.786569195627430
C       2.071697670221340     -1.530972220314940      2.712823763045270
C       1.561490294260920     -2.614160012937770      1.786188804042610
C       3.131165713846850      1.393663894522790      0.567487249658130
C       2.295859070010210      2.567491846743220      0.564336726358420
C       1.561421013516320      2.612591669750300      1.787253927163370
C       2.071692523117420      1.529046343407580      2.713405565401970
C       2.919191856984690      0.684074263679880      1.786933906048180
C      -0.349739085615970      3.437298023088960      0.564683532170820
C      -1.714966413037780      2.981394289239730      0.564179728787750
C      -1.964068016574220      2.292023597717130      1.791599690085610
C      -0.802564409475460      2.505662080959970      2.739834440425110
C       0.261926911900120      3.042684630508830      1.793432851435120
C      -3.328930502863700      0.718076422328890      0.566917183744670
C      -3.328841459121490     -0.719335355173070      0.566584288731030
C      -2.740847359661840     -1.171470366687120      1.786431544474900
C      -2.623224719193310     -0.001082340044340      2.740369188686010
C      -2.740998018983140      1.169760563814940      1.786983846271730
C      -1.714865104158930     -2.982634734373740      0.562953884626540
C      -0.349625463323470     -3.438477565772070      0.563280619943490
C       0.262012878937270     -3.044179715318870      1.792158244992400
C      -0.802461963487760     -2.507750770715840      2.738792023117560
C      -1.963875950888610     -2.293669580268620      1.790656696302360
C      -0.242525508631440     -3.010706110542850     -1.858231587562630
C       0.747939328525380     -2.290540950274610     -2.617508162604830
C       1.970543556620230     -2.288745088053070     -1.856561598353450
C       1.729583208220300     -3.005844997680270     -0.629058588604870
C       0.369664143666150     -3.450017372019560     -0.628959287873230
C       2.783616924577180     -1.165067540621990     -1.854026834770010
C       2.409828580088180      0.000094161119140     -2.614368641870380
C       2.783565430691030      1.164978939464870     -1.853563807480260
C       3.379239843794240      0.714904672051490     -0.620740464636140
C       3.379299554587410     -0.715439001867020     -0.621039706214490
C       1.970469326184640      2.288630106551030     -1.855652126033720
C       0.747877741039600      2.290683915876210     -2.616607580756310
C      -0.242611512905800      3.010473817458060     -1.857024262598820
C       0.369542685055960      3.449306725315210     -0.627559191915620
C       1.729461099784270      3.005215479169430     -0.627848325001120
C      -1.561006266332090      2.581131307467110     -1.857404459631260
C      -1.941540211480310      1.416349799348570     -2.616149345898440
C      -2.927068203739400      0.693663358936300     -1.853898586445790
C      -3.143209965720490      1.410425068744240     -0.622874949429750
C      -2.307600297988320      2.571535399117230     -0.624891084709510
C      -2.927224551916480     -0.694044161565080     -1.854252547301440
C      -1.941570289761900     -1.416360976298320     -2.616740554365140
C      -1.560964956811490     -2.581429396994210     -1.858452608723330
C      -2.307566420289010     -2.572360640430350     -0.625935221255090
C      -3.143236614035560     -1.411260626475240     -0.623461854804150
C      -0.986926569413740     -0.720426859796360     -3.349368500846020
C      -0.986900672305430      0.720767985743670     -3.349089251151800
C       0.383299141207190      1.166379833805270     -3.348991915753300
C       1.229639812072930      0.000211268328740     -3.348843630173030
C       0.383306491795190     -1.165969765630010     -3.349439944130800
Cl     -1.522467650281400     -0.000927680487380      5.297318200234180
Cl     -4.070734920296850     -0.001626292909690      3.816921592054190
Cl      2.989309611568410     -2.169052684711270      4.124537463737290
Cl      2.989157145956740      2.166674796143140      4.125589058592510
Cl     -1.195448220891520      3.655252782407510      4.072520805058500
Cl     -1.195310790973520     -3.658293967277890      4.070591157372730
