66

C       3.763518000000000     -1.105021000000000      0.825642000000000
C       3.857313000000000     -0.687268000000000     -0.687646000000000
C       3.572794000000000      0.804026000000000     -0.684370000000000
C       3.392955000000000      0.186388000000000      1.526143000000000
C       3.392607000000000      1.286779000000000      0.648963000000000
C       2.333577000000000     -0.022130000000000      2.407622000000000
C       2.570700000000000     -1.975963000000000      1.159287000000000
C       1.880711000000000     -1.408874000000000      2.246604000000000
C       1.892004000000000     -2.780575000000000      0.222253000000000
C       2.717699000000000     -1.220888000000000     -1.520085000000000
C       1.972324000000000     -2.378948000000000     -1.208201000000000
C       2.545673000000000      1.097364000000000     -1.629619000000000
C       2.127477000000000     -0.163643000000000     -2.233701000000000
C       1.632363000000000      2.134493000000000     -1.480374000000000
C       2.483979000000000      2.317540000000000      0.877270000000000
C       1.850951000000000      3.078292000000000     -0.284120000000000
C       1.387585000000000      0.996588000000000      2.680710000000000
C       1.571731000000000      2.219011000000000      1.944342000000000
C       0.044361000000000      0.630744000000000      3.123987000000000
C       0.562790000000000     -1.787325000000000      2.586005000000000
C      -0.360630000000000     -0.785574000000000      3.123268000000000
C       0.684300000000000     -3.354745000000000      0.673695000000000
C       0.057791000000000     -2.913004000000000      1.888729000000000
C      -0.373333000000000     -3.757584000000000     -0.234695000000000
C       0.843427000000000     -2.610420000000000     -2.020851000000000
C      -0.294212000000000     -3.393122000000000     -1.570141000000000
C       0.874907000000000     -0.289424000000000     -2.871941000000000
C       0.340069000000000     -1.599412000000000     -2.909403000000000
C       0.355923000000000      2.076445000000000     -2.168906000000000
C      -0.008682000000000      0.867924000000000     -2.926725000000000
C      -0.687995000000000      2.931648000000000     -1.742160000000000
C       0.539625000000000      3.522287000000000      0.314561000000000
C       0.448781000000000      3.080503000000000      1.672068000000000
C      -0.604259000000000      3.598757000000000     -0.431987000000000
C      -0.969133000000000      1.612210000000000      3.037698000000000
C      -0.771296000000000      2.834462000000000      2.266967000000000
C      -2.354480000000000      1.264881000000000      2.913995000000000
C      -1.736973000000000     -1.091812000000000      3.082383000000000
C      -2.736669000000000     -0.066248000000000      2.947844000000000
C      -1.359407000000000     -3.143533000000000      1.777471000000000
C      -1.639487000000000     -3.670762000000000      0.457379000000000
C      -2.237000000000000     -2.266400000000000      2.380464000000000
C      -2.792144000000000     -3.271785000000000     -0.213988000000000
C      -1.477445000000000     -2.930778000000000     -2.258476000000000
C      -1.071119000000000     -1.815364000000000     -3.089856000000000
C      -2.709874000000000     -2.892023000000000     -1.610947000000000
C      -1.369724000000000      0.624704000000000     -3.210694000000000
C      -1.905079000000000     -0.729055000000000     -3.261879000000000
C      -2.059858000000000      2.593247000000000     -1.948574000000000
C      -2.404140000000000      1.470534000000000     -2.692164000000000
C      -1.896467000000000      3.490930000000000      0.202113000000000
C      -1.983397000000000      3.127350000000000      1.553267000000000
C      -2.988108000000000      2.181211000000000      1.977358000000000
C      -2.818899000000000      2.920978000000000     -0.748019000000000
C      -3.927981000000000      1.696770000000000      1.073756000000000
C      -3.841996000000000      2.078297000000000     -0.325859000000000
C      -3.789621000000000     -0.548119000000000      2.075330000000000
C      -3.480501000000000     -1.915339000000000      1.723933000000000
C      -3.738939000000000     -2.385584000000000      0.435750000000000
C      -4.350942000000000      0.311218000000000      1.132378000000000
C      -3.605618000000000     -1.771735000000000     -1.823825000000000
C      -3.222626000000000     -0.722008000000000     -2.659488000000000
C      -3.531155000000000      0.645236000000000     -2.302767000000000
C      -4.218221000000000      0.925726000000000     -1.124557000000000
C      -4.267099000000000     -1.477067000000000     -0.565172000000000
C      -4.564370000000000     -0.158414000000000     -0.224641000000000
67

C      -4.230641000000000     -0.302508000000000     -0.290555000000000
C      -3.885491000000000     -0.192346000000000      1.154373000000000
C      -3.573229000000000      1.156646000000000      1.494972000000000
C      -3.831443000000000      1.079959000000000     -0.808828000000000
C      -3.534739000000000      1.935784000000000      0.290022000000000
C      -2.913828000000000      0.950563000000000     -1.838117000000000
C      -3.254694000000000     -1.205287000000000     -0.996365000000000
C      -2.627917000000000     -0.482665000000000     -2.024832000000000
C      -2.583799000000000     -2.265779000000000     -0.337504000000000
C      -2.999276000000000     -1.069897000000000      1.812398000000000
C      -2.442682000000000     -2.203028000000000      1.141203000000000
C      -2.483778000000000      1.149680000000000      2.394793000000000
C      -2.167103000000000     -0.255316000000000      2.665156000000000
C      -1.435035000000000      2.104403000000000      2.289532000000000
C      -2.507107000000000      2.864020000000000      0.156924000000000
C      -1.554687000000000      3.066273000000000      1.229258000000000
C      -1.855927000000000      1.906447000000000     -2.042234000000000
C      -1.777568000000000      2.958861000000000     -1.087758000000000
C      -0.638125000000000      1.484288000000000     -2.736215000000000
C      -1.422515000000000     -0.921933000000000     -2.621809000000000
C      -0.437751000000000      0.062290000000000     -3.074373000000000
C      -1.534591000000000     -2.854599000000000     -1.072143000000000
C      -1.004046000000000     -2.224098000000000     -2.251223000000000
C      -0.447832000000000     -3.573366000000000     -0.437207000000000
C      -1.272394000000000     -2.733003000000000      1.710930000000000
C      -0.316119000000000     -3.505327000000000      0.942379000000000
C      -0.877672000000000     -0.654596000000000      3.040398000000000
C      -0.524367000000000     -1.996607000000000      2.702865000000000
C      -0.097313000000000      1.739661000000000      2.770355000000000
C       0.173755000000000      0.357889000000000      3.194571000000000
C       0.997208000000000      2.523938000000000      2.333572000000000
C      -0.381834000000000      3.650003000000000      0.649460000000000
C      -0.519689000000000      3.585545000000000     -0.796050000000000
C       0.856016000000000      3.454645000000000      1.225528000000000
C       0.514546000000000      2.294400000000000     -2.597350000000000
C       0.583421000000000      3.323841000000000     -1.576765000000000
C       1.844718000000000      1.764801000000000     -2.743423000000000
C       0.875363000000000     -0.402503000000000     -3.295694000000000
C       2.025521000000000      0.443905000000000     -3.106390000000000
C       0.366847000000000     -2.635746000000000     -2.399915000000000
C       0.724759000000000     -3.476346000000000     -1.275061000000000
C       1.282505000000000     -1.752413000000000     -2.933159000000000
C       1.995118000000000     -3.373208000000000     -0.714457000000000
C       0.995632000000000     -3.342514000000000      1.528232000000000
C       0.851581000000000     -2.400745000000000      2.620114000000000
C       2.133377000000000     -3.304396000000000      0.727792000000000
C       1.509246000000000     -0.098809000000000      3.196740000000000
C       1.848606000000000     -1.481748000000000      2.886409000000000
C       2.332938000000000      2.000921000000000      2.270907000000000
C       2.589995000000000      0.714827000000000      2.711474000000000
C       2.041668000000000      3.367030000000000      0.401361000000000
C       1.907691000000000      3.301292000000000     -0.989867000000000
C       2.710024000000000      2.368897000000000     -1.742366000000000
C       2.983631000000000      2.501180000000000      1.069355000000000
C       3.676125000000000      1.592780000000000     -1.107530000000000
C       3.815145000000000      1.660994000000000      0.335824000000000
C       3.094518000000000     -0.340151000000000     -2.515671000000000
C       2.633872000000000     -1.704212000000000     -2.410359000000000
C       2.973892000000000     -2.479124000000000     -1.299647000000000
C       3.885398000000000      0.215276000000000     -1.510904000000000
C       3.200416000000000     -2.370188000000000      1.031333000000000
C       3.072165000000000     -1.494917000000000      2.111370000000000
C       3.533942000000000     -0.130456000000000      2.000055000000000
C       4.110340000000000      0.323058000000000      0.817660000000000
C       3.743967000000000     -1.883172000000000     -0.222594000000000
C       4.188935000000000     -0.565961000000000     -0.327501000000000
Cl     -5.978714000000000     -0.786047000000000     -0.608277000000000
68

C      -3.895064000000000     -1.083294000000000     -0.618135000000000
C      -3.795623000000000     -0.576377000000000      0.782060000000000
C      -3.819968000000000      0.951458000000000      0.832285000000000
C      -3.538030000000000      0.166977000000000     -1.398731000000000
C      -3.508801000000000      1.300923000000000     -0.593011000000000
C      -2.512367000000000     -0.090179000000000     -2.319734000000000
C      -2.737433000000000     -1.989312000000000     -0.985929000000000
C      -2.066108000000000     -1.471063000000000     -2.111842000000000
C      -2.012034000000000     -2.727874000000000     -0.019448000000000
C      -2.842968000000000     -1.039569000000000      1.619602000000000
C      -2.050512000000000     -2.240922000000000      1.367701000000000
C      -2.622744000000000      1.275678000000000      1.722226000000000
C      -2.188193000000000      0.111664000000000      2.304193000000000
C      -1.711603000000000      2.358758000000000      1.472878000000000
C      -2.591291000000000      2.294959000000000     -0.868492000000000
C      -1.818939000000000      2.976320000000000      0.195694000000000
C      -1.580115000000000      0.916064000000000     -2.670787000000000
C      -1.743566000000000      2.179001000000000     -2.007424000000000
C      -0.243422000000000      0.525205000000000     -3.127961000000000
C      -0.750066000000000     -1.864722000000000     -2.458653000000000
C       0.161786000000000     -0.884789000000000     -3.060699000000000
C      -0.819514000000000     -3.333025000000000     -0.470979000000000
C      -0.223757000000000     -2.953213000000000     -1.721044000000000
C       0.254255000000000     -3.669427000000000      0.437277000000000
C      -0.934553000000000     -2.408375000000000      2.165814000000000
C       0.196012000000000     -3.210405000000000      1.749045000000000
C      -0.911508000000000     -0.011384000000000      2.928348000000000
C      -0.393910000000000     -1.317988000000000      3.018905000000000
C      -0.410746000000000      2.320344000000000      2.135879000000000
C      -0.028855000000000      1.140830000000000      2.924331000000000
C       0.636182000000000      3.112704000000000      1.590576000000000
C      -0.671567000000000      3.534385000000000     -0.424748000000000
C      -0.618905000000000      3.051327000000000     -1.800163000000000
C       0.516885000000000      3.685589000000000      0.280744000000000
C       0.770792000000000      1.510848000000000     -3.105823000000000
C       0.585940000000000      2.766296000000000     -2.387333000000000
C       2.158775000000000      1.173626000000000     -2.995623000000000
C       1.541889000000000     -1.186183000000000     -3.032606000000000
C       2.542739000000000     -0.156606000000000     -2.973461000000000
C       1.198885000000000     -3.169580000000000     -1.620810000000000
C       1.506024000000000     -3.622904000000000     -0.279273000000000
C       2.061248000000000     -2.323090000000000     -2.284638000000000
C       2.667921000000000     -3.179414000000000      0.348671000000000
C       1.386400000000000     -2.701705000000000      2.384833000000000
C       0.997790000000000     -1.535372000000000      3.164798000000000
C       2.607184000000000     -2.712205000000000      1.720905000000000
C       1.346867000000000      0.893300000000000      3.174174000000000
C       1.860003000000000     -0.442779000000000      3.270449000000000
C       2.032054000000000      2.779577000000000      1.786614000000000
C       2.383771000000000      1.709134000000000      2.579217000000000
C       1.794878000000000      3.550070000000000     -0.397369000000000
C       1.832104000000000      3.103292000000000     -1.719460000000000
C       2.819963000000000      2.137574000000000     -2.125126000000000
C       2.752989000000000      3.038215000000000      0.552030000000000
C       3.794608000000000      1.702935000000000     -1.230338000000000
C       3.758501000000000      2.163985000000000      0.144216000000000
C       3.621901000000000     -0.593998000000000     -2.105578000000000
C       3.317211000000000     -1.936748000000000     -1.673013000000000
C       3.603427000000000     -2.337679000000000     -0.365787000000000
C       4.210476000000000      0.312522000000000     -1.225973000000000
C       3.518331000000000     -1.587741000000000      1.854855000000000
C       3.167509000000000     -0.490991000000000      2.639731000000000
C       3.491551000000000      0.848577000000000      2.205465000000000
C       4.148374000000000      1.055314000000000      0.994949000000000
C       4.156998000000000     -1.374690000000000      0.570223000000000
C       4.460247000000000     -0.080838000000000      0.147510000000000
Cl     -5.356931000000000      1.711565000000000      1.471441000000000
Cl     -5.520825000000000     -1.832628000000000     -1.078338000000000
69

C       3.450077000000000     -1.953742000000000      0.646135000000000
C       3.474432000000000     -1.371316000000000     -0.721128000000000
C       3.803749000000000      0.111747000000000     -0.704028000000000
C       3.326588000000000     -0.697519000000000      1.484695000000000
C       3.546600000000000      0.460819000000000      0.736846000000000
C       2.247902000000000     -0.800583000000000      2.369217000000000
C       2.144974000000000     -2.651311000000000      0.950722000000000
C       1.555529000000000     -2.062501000000000      2.087627000000000
C       1.319983000000000     -3.197123000000000     -0.062540000000000
C       2.460645000000000     -1.629525000000000     -1.622525000000000
C       1.480322000000000     -2.674960000000000     -1.433845000000000
C       2.691143000000000      0.688080000000000     -1.574337000000000
C       2.068532000000000     -0.392401000000000     -2.273423000000000
C       2.001200000000000      1.841885000000000     -1.301502000000000
C       2.835294000000000      1.596897000000000      1.053300000000000
C       2.379952000000000      2.599994000000000     -0.011253000000000
C       1.503542000000000      0.343460000000000      2.738451000000000
C       1.914246000000000      1.573588000000000      2.122369000000000
C       0.111567000000000      0.194920000000000      3.164341000000000
C       0.182137000000000     -2.215681000000000      2.394725000000000
C      -0.546730000000000     -1.113570000000000      3.028931000000000
C       0.025051000000000     -3.585780000000000      0.341044000000000
C      -0.519750000000000     -3.155909000000000      1.598699000000000
C      -1.075297000000000     -3.687056000000000     -0.595497000000000
C       0.357211000000000     -2.611381000000000     -2.260704000000000
C      -0.911303000000000     -3.210236000000000     -1.888941000000000
C       0.821784000000000     -0.243015000000000     -2.902347000000000
C       0.054934000000000     -1.432032000000000     -3.058672000000000
C       0.732668000000000      2.089750000000000     -1.975378000000000
C       0.162765000000000      1.052643000000000     -2.836876000000000
C      -0.139295000000000      3.072653000000000     -1.448313000000000
C       1.160227000000000      3.206659000000000      0.643733000000000
C       0.977725000000000      2.652480000000000      1.948462000000000
C       0.057598000000000      3.574751000000000     -0.077985000000000
C      -0.699022000000000      1.352105000000000      3.182623000000000
C      -0.271235000000000      2.584469000000000      2.533312000000000
C      -2.123830000000000      1.282849000000000      3.038884000000000
C      -1.956578000000000     -1.153057000000000      2.971382000000000
C      -2.746211000000000      0.049193000000000      2.944830000000000
C      -1.953932000000000     -3.103978000000000      1.474076000000000
C      -2.311504000000000     -3.436097000000000      0.109029000000000
C      -2.658833000000000     -2.139461000000000      2.163416000000000
C      -3.358256000000000     -2.762369000000000     -0.513764000000000
C      -1.976589000000000     -2.466938000000000     -2.518827000000000
C      -1.359958000000000     -1.367448000000000     -3.241760000000000
C      -3.188157000000000     -2.267238000000000     -1.865635000000000
C      -1.222332000000000      1.088063000000000     -3.129581000000000
C      -1.988068000000000     -0.132276000000000     -3.305037000000000
C      -1.546723000000000      3.014686000000000     -1.672799000000000
C      -2.086036000000000      2.052824000000000     -2.520817000000000
C      -1.237447000000000      3.643842000000000      0.556477000000000
C      -1.401668000000000      3.168747000000000      1.865334000000000
C      -2.568005000000000      2.389120000000000      2.203449000000000
C      -2.242007000000000      3.353828000000000     -0.436181000000000
C      -3.573392000000000      2.179266000000000      1.264882000000000
C      -3.405554000000000      2.675563000000000     -0.090213000000000
C      -3.861841000000000     -0.140507000000000      2.038692000000000
C      -3.806970000000000     -1.499386000000000      1.552188000000000
C      -4.133148000000000     -1.784178000000000      0.225326000000000
C      -4.245176000000000      0.896978000000000      1.189150000000000
C      -3.863097000000000     -0.984378000000000     -1.961022000000000
C      -3.289443000000000      0.053737000000000     -2.694595000000000
C      -3.349809000000000      1.413121000000000     -2.203728000000000
C      -3.981299000000000      1.695922000000000     -0.996401000000000
C      -4.474156000000000     -0.700267000000000     -0.676613000000000
C      -4.528933000000000      0.611611000000000     -0.204397000000000
Cl      5.462970000000000      0.554869000000000     -1.332376000000000
Cl      3.654529000000000      3.886398000000000     -0.372732000000000
Cl      4.913045000000000     -3.009396000000000      1.055102000000000
