60

C      -1.236263400000000      0.000000000000000      3.329976400000000
C      -0.382026400000000     -1.175756400000000      3.329976400000000
C       1.000158100000000     -0.726657400000000      3.329976400000000
C       1.000158100000000      0.726657400000000      3.329976400000000
C      -0.382026400000000      1.175756400000000      3.329976400000000
C       2.344335600000000     -2.601457500000000      0.594642100000000
C       3.198572600000000     -1.425701100000000      0.594642100000000
C       2.962467300000000     -0.699043700000000      1.830905500000000
C       1.962309200000000     -1.425701100000000      2.594958300000000
C       1.580282800000000     -2.601457500000000      1.830905500000000
C       3.198572600000000      1.425701100000000      0.594642100000000
C       2.344335600000000      2.601457500000000      0.594642100000000
C       1.580282800000000      2.601457500000000      1.830905500000000
C       1.962309200000000      1.425701100000000      2.594958300000000
C       2.962467300000000      0.699043700000000      1.830905500000000
C      -0.367509000000000      3.482589200000000      0.594642100000000
C      -1.749693500000000      3.033490300000000      0.594642100000000
C      -1.985798800000000      2.306832900000000      1.830905500000000
C      -0.749535400000000      2.306832900000000      2.594958300000000
C       0.250622700000000      3.033490300000000      1.830905500000000
C      -3.425705700000000      0.726657400000000      0.594642100000000
C      -3.425705700000000     -0.726657400000000      0.594642100000000
C      -2.807574000000000     -1.175756400000000      1.830905500000000
C      -2.425547600000000      0.000000000000000      2.594958300000000
C      -2.807574000000000      1.175756400000000      1.830905500000000
C      -1.749693500000000     -3.033490300000000      0.594642100000000
C      -0.367509000000000     -3.482589200000000      0.594642100000000
C       0.250622700000000     -3.033490300000000      1.830905500000000
C      -0.749535400000000     -2.306832900000000      2.594958300000000
C      -1.985798800000000     -2.306832900000000      1.830905500000000
C      -0.250622700000000     -3.033490300000000     -1.830905500000000
C       0.749535400000000     -2.306832900000000     -2.594958300000000
C       1.985798800000000     -2.306832900000000     -1.830905500000000
C       1.749693500000000     -3.033490300000000     -0.594642100000000
C       0.367509000000000     -3.482589200000000     -0.594642100000000
C       2.807574000000000     -1.175756400000000     -1.830905500000000
C       2.425547600000000      0.000000000000000     -2.594958300000000
C       2.807574000000000      1.175756400000000     -1.830905500000000
C       3.425705700000000      0.726657400000000     -0.594642100000000
C       3.425705700000000     -0.726657400000000     -0.594642100000000
C       1.985798800000000      2.306832900000000     -1.830905500000000
C       0.749535400000000      2.306832900000000     -2.594958300000000
C      -0.250622700000000      3.033490300000000     -1.830905500000000
C       0.367509000000000      3.482589200000000     -0.594642100000000
C       1.749693500000000      3.033490300000000     -0.594642100000000
C      -1.580282800000000      2.601457500000000     -1.830905500000000
C      -1.962309200000000      1.425701100000000     -2.594958300000000
C      -2.962467300000000      0.699043700000000     -1.830905500000000
C      -3.198572600000000      1.425701100000000     -0.594642100000000
C      -2.344335600000000      2.601457500000000     -0.594642100000000
C      -2.962467300000000     -0.699043700000000     -1.830905500000000
C      -1.962309200000000     -1.425701100000000     -2.594958300000000
C      -1.580282800000000     -2.601457500000000     -1.830905500000000
C      -2.344335600000000     -2.601457500000000     -0.594642100000000
C      -3.198572600000000     -1.425701100000000     -0.594642100000000
C      -1.000158100000000     -0.726657400000000     -3.329976400000000
C      -1.000158100000000      0.726657400000000     -3.329976400000000
C       0.382026400000000      1.175756400000000     -3.329976400000000
C       1.236263400000000      0.000000000000000     -3.329976400000000
C       0.382026400000000     -1.175756400000000     -3.329976400000000
61

C      -1.300665795948695      0.000000040408312      3.547430992196121
C      -0.370863020515549     -1.162421078035557      3.312180429207085
C       0.981837503868388     -0.720903474073410      3.281432651350531
C       0.981837572872061      0.720903570562594      3.281432643759653
C      -0.370862932773600      1.162421102544275      3.312180469327622
C       2.332431431989135     -2.569546964039459      0.575590009023625
C       3.181846216937972     -1.410178181154510      0.570199273877319
C       2.932091930206032     -0.691887235187997      1.794612649864664
C       1.943241965235686     -1.405625948162503      2.546334995785855
C       1.574506761785356     -2.565661874361215      1.796778333889217
C       3.181846188882342      1.410178095547877      0.570199269097282
C       2.332431614968514      2.569546996058405      0.575589923097343
C       1.574506711090195      2.565661757036440      1.796778430817972
C       1.943241826272619      1.405625854319836      2.546334890579681
C       2.932091858777895      0.691887281605234      1.794612614064755
C      -0.356578257267789      3.430576332964522      0.591742388772583
C      -1.732028752803045      2.987392228489040      0.591379813405644
C      -1.961117132294405      2.282184497996496      1.805000320651981
C      -0.730480885047405      2.266318485347530      2.579739157938208
C       0.253139861140643      2.977178950992038      1.809473757883374
C      -3.390698453109053      0.713762694167717      0.571186146460222
C      -3.390698378274183     -0.713762596348704      0.571186019554093
C      -2.769213975055229     -1.148812557741498      1.812827651953976
C      -2.412175902412045      0.000000025676288      2.553463299443566
C      -2.769214019335299      1.148812465782526      1.812827514790632
C      -1.732028837525088     -2.987392165613064      0.591379706297150
C      -0.356578155510567     -3.430576433219095      0.591742185621410
C       0.253139802285300     -2.977178862254674      1.809473898704705
C      -0.730480999325135     -2.266318395558428      2.579739127661101
C      -1.961117234778169     -2.282184407745924      1.805000379879793
C      -0.242438913660697     -2.999906870993211     -1.817786744099731
C       0.744707949468437     -2.281995991572754     -2.573211456734149
C       1.971127945873652     -2.283688456678223     -1.821914099488970
C       1.739080349163231     -2.998989427392731     -0.598418264997731
C       0.365741040819532     -3.432255900233435     -0.587285377630353
C       2.787344324423311     -1.163805240604006     -1.826591280778020
C       2.408159490231363      0.000000036206655     -2.581533715659022
C       2.787344477589938      1.163805126757287     -1.826591103184228
C       3.404049599720958      0.720487907291251     -0.606422598352940
C       3.404049562737248     -0.720487908593377     -0.606422573278702
C       1.971128118778269      2.283688489491361     -1.821914066111562
C       0.744707997003988      2.281995986653238     -2.573211545466780
C      -0.242439055305326      2.999906831802905     -1.817786703223686
C       0.365741126332582      3.432256033344793     -0.587285478806935
C       1.739080320463412      2.998989419353662     -0.598418256358279
C      -1.561287989397735      2.574105175512984     -1.813783218875463
C      -1.942380365134057      1.411741346155933     -2.576750145636806
C      -2.937768572013925      0.693935748964550     -1.825933412339088
C      -3.168552794706533      1.409996692415571     -0.599447853331085
C      -2.319927263925065      2.574794569446290     -0.598910954308014
C      -2.937768723731218     -0.693935639399546     -1.825933367076670
C      -1.942380247775936     -1.411741293293820     -2.576750125340620
C      -1.561287995935428     -2.574105226553312     -1.813783213962569
C      -2.319927199818689     -2.574794828711311     -0.598910862895781
C      -3.168552735771597     -1.409996783413457     -0.599447796100711
C      -0.987869830713398     -0.719823155381627     -3.298177277031159
C      -0.987869699939027      0.719823150270719     -3.298177469328395
C       0.380847946318141      1.162403341123257     -3.302898155386622
C       1.225265650477835      0.000000051008675     -3.302079306242147
C       0.380847976698544     -1.162403339030812     -3.302898136837805
Cl     -2.011027886205247      0.000000024660268      5.233980242676216
62

C      -1.314670228491532      0.000000124774638      3.596796185193860
C      -0.394838359857906     -1.154076113057361      3.295840720140916
C       0.967015098879019     -0.712775682068682      3.268388869401089
C       0.967015074009640      0.712775571170941      3.268388906007993
C      -0.394838568043246      1.154076067111061      3.295840774881170
C       2.327769919032537     -2.563864590938592      0.571688485529920
C       3.181068365639042     -1.408579778583647      0.569841902577665
C       2.925732730949939     -0.691238863999469      1.796243714022765
C       1.928721178561147     -1.400291073613936      2.543652643548615
C       1.566760566584984     -2.558039436781846      1.790230693857650
C       3.181068353147114      1.408579764303739      0.569841894974682
C       2.327770055290499      2.563864500779801      0.571688433887751
C       1.566760608629266      2.558039317854391      1.790230684725959
C       1.928721289148111      1.400291063139529      2.543652747565507
C       2.925732799780439      0.691238771613775      1.796243677201599
C      -0.364350472742215      3.407997736372039      0.582049260198278
C      -1.725861707544728      2.958167182664441      0.575850296311690
C      -1.979914889793041      2.251276732005529      1.795157695141418
C      -0.735953299987667      2.251556143328899      2.569535608686158
C       0.244421633308254      2.958880683982721      1.800390184711516
C      -3.359533019667578      0.712730320551205      0.577211105939284
C      -3.359533039483904     -0.712730255862263      0.577210950867485
C      -2.783416283649749     -1.154583164781540      1.810612032839223
C      -2.646836712581369      0.000000061209406      2.768472168587540
C      -2.783416392343586      1.154583011843101      1.810611975471373
C      -1.725861534915941     -2.958167220728064      0.575850302144718
C      -0.364350462732251     -3.407997632321005      0.582049267683707
C       0.244421710029607     -2.958880594635183      1.800390212230448
C      -0.735953164688141     -2.251556191002023      2.569535620228453
C      -1.979914990107179     -2.251276612892933      1.795157773429470
C      -0.233324951715160     -2.992156903345843     -1.830649499332305
C       0.757809649506350     -2.280336278508841     -2.586315010570658
C       1.977477739674033     -2.280345337627394     -1.828160810266748
C       1.739514061478783     -2.992282655826106     -0.604796908711994
C       0.366746733621994     -3.421137229324947     -0.595781081865338
C       2.795117757260960     -1.162841062172615     -1.829192363592446
C       2.417302427454691     -0.000000082702481     -2.586068835857366
C       2.795117713242563      1.162841133828200     -1.829192479912672
C       3.405513953275267      0.720138982025854     -0.606233374156834
C       3.405513957268721     -0.720138977985416     -0.606233445334820
C       1.977477816322543      2.280345467083030     -1.828160777937328
C       0.757809587032458      2.280336371823157     -2.586314997158493
C      -0.233324846063493      2.992157003042206     -1.830649390973709
C       0.366746726561198      3.421137212540837     -0.595781132604798
C       1.739514201528442      2.992282460350312     -0.604796957857730
C      -1.548817892214598      2.563946195836435     -1.836877316122640
C      -1.924923242297334      1.408498782234029     -2.602974452517143
C      -2.911250699122723      0.691227891330334     -1.830551695068088
C      -3.138101953135306      1.400743246553607     -0.605930549831898
C      -2.303538302797723      2.558741274128210     -0.614495239166145
C      -2.911250930732772     -0.691227877951711     -1.830551476666281
C      -1.924923257238722     -1.408498987669726     -2.602974426767678
C      -1.548817831160672     -2.563946116489104     -1.836877218019932
C      -2.303538354748783     -2.558741293336444     -0.614495425263246
C      -3.138101936842745     -1.400743166130133     -0.605930443454033
C      -0.970321542655304     -0.720164834239550     -3.326020581962079
C      -0.970321529033330      0.720164908357536     -3.326020621979616
C       0.396602579015260      1.162987890412334     -3.320428219627692
C       1.242517632204621     -0.000000034680040     -3.316694912845968
C       0.396602623247891     -1.162987892060788     -3.320428233879869
Cl     -1.643957983575543      0.000000056021815      5.386035615771196
Cl     -4.109061116179137     -0.000000003041914      3.851035412270972
63

C      -1.325019452930689      0.013359584751756      3.581894310306036
C      -0.383304643600516     -1.135239577705601      3.279372561829222
C       0.949273446996771     -0.706385603690464      3.271768337964599
C       0.966964641320023      0.701687099140104      3.264169159457341
C      -0.404803687991242      1.162315638158366      3.288299593527619
C       2.307876611902858     -2.556615105048331      0.575163284092284
C       3.163114224205617     -1.397833127321460      0.571610173549704
C       2.943670999211892     -0.701157989261727      1.796079100192538
C       2.083227450792946     -1.510509933348481      2.728704897408007
C       1.579405977895737     -2.575207321123838      1.796760491438789
C       3.169596385915919      1.389896646215450      0.562936647914628
C       2.324029306764490      2.549326864584680      0.567882979112960
C       1.560389661651721      2.547517861537902      1.790174428317290
C       1.926048231744878      1.400912335835083      2.541209233836081
C       2.929376462457819      0.668522107844188      1.790306326718180
C      -0.365651232508505      3.410733383551297      0.580427748661820
C      -1.733434455184698      2.966645761321432      0.573083982425022
C      -1.992880372813789      2.261794087492035      1.794733654571445
C      -0.748823879225749      2.260513525854661      2.568302717438227
C       0.239019229997668      2.966142842094132      1.795994592230538
C      -3.374143853379482      0.720836857367231      0.572791753366005
C      -3.360558057394989     -0.710453704114075      0.576916547764080
C      -2.791433032043416     -1.150055948565316      1.807620342479340
C      -2.664343473074148      0.010809129435948      2.762276579050091
C      -2.804869756030410      1.168138584349217      1.808120790289525
C      -1.714504624114521     -2.950497500128799      0.573187519411116
C      -0.352592135682640     -3.389804258472309      0.572262099403579
C       0.263933428317839     -2.955275766079770      1.797534415623361
C      -0.743443194105362     -2.251702213459236      2.564476573462332
C      -1.970646554270775     -2.246449444428751      1.804174215068402
C      -0.236480854110187     -2.989554299353725     -1.850760560063112
C       0.751306186206468     -2.277796300994837     -2.612185981580095
C       1.966217532399420     -2.271854862305200     -1.837334429341112
C       1.727445264566069     -2.978242899651578     -0.615476534951026
C       0.364516607214300     -3.409845119493303     -0.612168338969918
C       2.783378463889941     -1.153603265918567     -1.838370003596548
C       2.414382463075428      0.006304733783379     -2.613670740224289
C       2.791569985319426      1.165183784543249     -1.849873324291801
C       3.394487292413037      0.718801788816959     -0.622935616006351
C       3.384924720423325     -0.712391584005008     -0.616171005912351
C       1.974686880721276      2.283889090463287     -1.840957858860542
C       0.754467328217006      2.286346866327639     -2.597349369521924
C      -0.236336711933048      2.994695820565362     -1.834666172021021
C       0.364439458835661      3.422954626911218     -0.601820429748826
C       1.735707260495103      2.983250971285512     -0.607261300244947
C      -1.553325256682918      2.568072412952112     -1.842159820602867
C      -1.929042867322782      1.411905615248292     -2.607632765881975
C      -2.916197781659763      0.695085642709626     -1.836090853007540
C      -3.145540932497912      1.404234246610094     -0.610825952949504
C      -2.305820486482898      2.562011679484310     -0.616724389682186
C      -2.914476260305490     -0.688946838546362     -1.833669228275278
C      -1.930553005917958     -1.407314259434405     -2.610866808069735
C      -1.552386428802348     -2.561875631931369     -1.847542559436571
C      -2.295428761262399     -2.549633115893587     -0.613307507173705
C      -3.141945733429615     -1.397281690269200     -0.611867930546429
C      -0.978070273879182     -0.716880854016774     -3.338446388540548
C      -0.976798797746812      0.725040933197005     -3.337175283431673
C       0.391368315510987      1.169446395751048     -3.335433068776126
C       1.238270626701113      0.006769805747801     -3.340426111553556
C       0.389373252913898     -1.159846123549642     -3.341811546971960
Cl     -1.647333561050221     -0.013834372109219      5.366757927598083
Cl     -4.119407050697347     -0.004183376967986      3.852518697131786
Cl      3.063099819161113     -2.205169027640433      4.116687944485937
64

C      -1.338076832388385     -0.000205596997694      3.579896337545902
C      -0.412180246281786     -1.144751693490552      3.278449561184545
C       0.958939937723818     -0.676661566815125      3.240805076889839
C       0.959007918795652      0.676059269598429      3.240040399227975
C      -0.412723029271136      1.144456788349991      3.277955119946364
C       2.305222299624142     -2.540611258065260      0.571017264879030
C       3.149830304759534     -1.383030732071540      0.559278266621080
C       2.949291869019802     -0.678523528349154      1.790882309763449
C       2.101156193396159     -1.493100226538491      2.733886112720397
C       1.581192754353943     -2.550847295054514      1.802327879754723
C       3.149267785845329      1.381660812718162      0.558950481935980
C       2.304540250279543      2.538869935411742      0.570268738164565
C       1.580138455500443      2.549076166682366      1.801500129364181
C       2.100822723094748      1.492256182255643      2.733305403267014
C       2.948712565532541      0.677390226293573      1.790958007616748
C      -0.346355297550741      3.370631696251816      0.576527951118534
C      -1.717136538690489      2.942455859386140      0.571848307349414
C      -1.988120066894533      2.246863779804505      1.795215799779457
C      -0.751828787632670      2.238020746188142      2.567393879934612
C       0.272731321056518      2.936093574666503      1.793065438085411
C      -3.376151169747768      0.714833428576418      0.562685458673270
C      -3.376109705950048     -0.714244679823137      0.562779371085382
C      -2.810329604670038     -1.156348973286287      1.800113777604737
C      -2.683406190120682      0.000096741517759      2.757215396337995
C      -2.810247293135489      1.156756932654753      1.800255683048247
C      -1.716796703758087     -2.941716820729425      0.571744901660433
C      -0.346215663077507     -3.370487097223867      0.576640574909046
C       0.272964120756538     -2.936546933011221      1.793636910421823
C      -0.751736519512729     -2.238316327899771      2.567861645278000
C      -1.987756244517611     -2.246283866462127      1.795197050031427
C      -0.240200052792100     -2.983860336346039     -1.851909821519598
C       0.743506762685876     -2.279332834675594     -2.621823075340530
C       1.959795181537667     -2.274007869942526     -1.849972962689226
C       1.724267855103432     -2.969162376799686     -0.617440248961351
C       0.362890861178135     -3.399548524066098     -0.613068901939617
C       2.773099734501427     -1.155861264159826     -1.858832948273156
C       2.400676461067830      0.000001416305024     -2.632590489956216
C       2.773457147415164      1.155929588530389     -1.859149271824619
C       3.369351709520087      0.712628702690323     -0.630625518738726
C       3.369389512863906     -0.713836902513486     -0.630195620168357
C       1.960537171209881      2.274148059160976     -1.850416529625239
C       0.743714483434841      2.279763585615460     -2.621801674187349
C      -0.240261506729648      2.984397038464674     -1.851765805026972
C       0.363142261402145      3.399799944482699     -0.613098966447021
C       1.724045552346640      2.968762599674875     -0.618015824754941
C      -1.557446881571332      2.560210323019847     -1.852566247865747
C      -1.938548707461094      1.409678694952114     -2.622155787191750
C      -2.923523091270296      0.692536328029852     -1.847267094624078
C      -3.148812244571003      1.398784730683956     -0.622220396375231
C      -2.298315844794072      2.549078365354698     -0.618987013473215
C      -2.922764756850654     -0.691767807557136     -1.847091671929950
C      -1.937787010751338     -1.408757938282727     -2.621782826465383
C      -1.556975933815479     -2.559259029382612     -1.852579873238297
C      -2.297438847046503     -2.548050932919646     -0.619057126149049
C      -3.147953491947158     -1.397997422279164     -0.622309740184635
C      -0.989092253339566     -0.720824354130679     -3.356670231476323
C      -0.989579402443534      0.721425721328198     -3.356731690668880
C       0.379258284231801      1.164669644156765     -3.357496065109362
C       1.226532697340425      0.000096226589391     -3.363545156012235
C       0.379213471498738     -1.164237612920807     -3.357674806512915
Cl     -1.667066248185060     -0.000977847022854      5.362101349013086
Cl     -4.127386861030165     -0.000464223710776      3.857717033685668
Cl      3.068480086941795     -2.119477620604776      4.138218047978583
Cl      3.067571802302749      2.120706121345804      4.137774600232622
65

C      -1.312081402359260     -0.003013972110720      3.555176112275419
C      -0.387049886108220     -1.160828842945808      3.256715385582518
C       0.926305319703582     -0.712443200796201      3.202990538393375
C       0.909129318108483      0.706610757994634      3.175348529264765
C      -0.385509114498319      1.142861387640653      3.248142904416178
C       2.297207826424609     -2.552563254819482      0.569862381795951
C       3.135109615776901     -1.383204121628508      0.558422317081208
C       2.926952920913909     -0.677536548386184      1.790046504610611
C       2.084898948793029     -1.507431402727287      2.727977092657042
C       1.578836663157306     -2.579186652733731      1.796946448136164
C       3.132822741918956      1.382119882985410      0.558502645164383
C       2.280837987014957      2.531693655879121      0.567626057701843
C       1.553560162690415      2.567060028302111      1.801089857015737
C       2.087801185842679      1.502090433896300      2.729376351147797
C       2.935918711892061      0.679745642951669      1.792790352717844
C      -0.342062608299872      3.370764816748196      0.576165588834842
C      -1.700827065470831      2.935658756035256      0.568574255445740
C      -1.962752273300984      2.266166101124031      1.807802004219582
C      -0.812033409692393      2.472771404274411      2.758562681057441
C       0.260932701139332      2.974272224557707      1.813672609810433
C      -3.320071772902768      0.713126669053199      0.564536935323516
C      -3.338022067107473     -0.715509791777556      0.566171324550731
C      -2.783054375845779     -1.160123539744361      1.800753583944605
C      -2.653337165169010     -0.002900271368611      2.760379708290579
C      -2.746338171978588      1.162870880638203      1.803345238836861
C      -1.718354515232215     -2.963600301940271      0.556858408219090
C      -0.350879506818860     -3.400370241037687      0.560491314716156
C       0.262539393220818     -2.975084400113773      1.789872378048463
C      -0.757603493777021     -2.292820770692290      2.552164919254991
C      -1.978623252904883     -2.273964507666232      1.795546859218552
C      -0.240365660714896     -2.993961570831436     -1.863852978940906
C       0.742483240619610     -2.284810907060180     -2.629842596321051
C       1.956641103430311     -2.279499525241651     -1.853885255061052
C       1.720658734859152     -2.977456017512533     -0.624951506898100
C       0.362112842642193     -3.413929901124670     -0.624978977391947
C       2.767802716111478     -1.159928017400580     -1.861489928677132
C       2.399781062128457     -0.007385974387747     -2.638883764517673
C       2.770490567180127      1.148314405180567     -1.863292481142205
C       3.356181545262406      0.710243589485054     -0.628675698298169
C       3.358529009363313     -0.717601800381883     -0.629352784492945
C       1.954170231710733      2.262540685640087     -1.860258305595068
C       0.743599679157160      2.269259256703243     -2.634803991221257
C      -0.237582431100669      2.972949925166180     -1.856871705991692
C       0.359243994363158      3.384797137513202     -0.615421851481977
C       1.712990252926974      2.949548804346315     -0.622106799483165
C      -1.552267090620373      2.548996012625307     -1.860838646936912
C      -1.934134413736180      1.399179442033658     -2.636763105573800
C      -2.909506690142943      0.683451498153213     -1.857377803192723
C      -3.117270988472245      1.384433326619183     -0.622597677782026
C      -2.276476224569730      2.536062781870471     -0.622369786195404
C      -2.915721866151452     -0.699345548807735     -1.852949695393155
C      -1.936021117238677     -1.417956870499214     -2.632633560679611
C      -1.555948224411636     -2.568931774798111     -1.864370966867343
C      -2.295382029677397     -2.559191885889162     -0.628695664035822
C      -3.133607233397597     -1.401120526680918     -0.624675352191529
C      -0.988979708963325     -0.728501259719724     -3.370331270527556
C      -0.987247717434389      0.712813900877409     -3.375361479426565
C       0.381171050008700      1.156624794079385     -3.374696937821871
C       1.228078889331227     -0.006239625154817     -3.374850718532470
C       0.380860033202664     -1.171849230311182     -3.369112662487649
Cl     -1.616405601853882      0.048020646835179      5.351443873849067
Cl     -4.095468902951303      0.033232292057129      3.844545844284747
Cl      3.075424810054655     -2.125785683787449      4.130530457210622
Cl      2.990642680028344      2.120965709829058      4.156920926662112
Cl     -1.198459432633974      3.594129223256539      4.125643090017714
66

C      -1.321472710908955     -0.028043981463162      3.563788695962579
C      -0.413174348629845     -1.208686047472044      3.357901254692425
C       1.013277895685077     -0.785606542877660      3.577714163327470
C       0.900166761744427      0.666835191458602      3.160852610024750
C      -0.372778779817662      1.079659495856998      3.152754472862080
C       2.277316068015969     -2.533847983177067      0.567817262046561
C       3.092376299209858     -1.370883898305572      0.571559660300139
C       2.865835871224619     -0.665466216635238      1.810445684702378
C       2.105268400381606     -1.550467943392318      2.769402484728480
C       1.551491717525372     -2.562813361555140      1.803922284231908
C       3.104002554893163      1.384742255552599      0.565142292669123
C       2.268527765251511      2.541298361033567      0.568083576757541
C       1.533130455678403      2.571633811258182      1.798095356320881
C       2.050802084666096      1.507248353365794      2.726991015320354
C       2.892562708701283      0.681897696328206      1.802044424155771
C      -0.354919820682198      3.393012790201808      0.557108971240598
C      -1.710646204122277      2.947810459147026      0.545662402043215
C      -1.965021267956020      2.260368090818526      1.782829813537305
C      -0.804533601463962      2.435836594901199      2.714673956110975
C       0.248394812602461      2.989248837251343      1.792681028400490
C      -3.321805798842428      0.712077392583251      0.544788591923691
C      -3.346757267306809     -0.708109722880088      0.543078121385189
C      -2.788513646059770     -1.156842166199454      1.784593771401795
C      -2.648262459048602     -0.008701525181929      2.747261224648362
C      -2.736792393873543      1.154954908933979      1.787904973852339
C      -1.714349571643590     -2.945611020089766      0.552949929441203
C      -0.357261816109775     -3.386258380299142      0.559169221074986
C       0.256932457281687     -2.958513364249771      1.781280755521093
C      -0.741814626072253     -2.230687722358187      2.561298481165027
C      -1.971463023229663     -2.236573973717603      1.771529559844446
C      -0.240910985340402     -2.989383342395420     -1.868361355159467
C       0.743962885991523     -2.285641780705836     -2.638086459982988
C       1.952194999836667     -2.277029637424618     -1.852865249168073
C       1.709210272949016     -2.965738464433135     -0.619735625069144
C       0.354317781486441     -3.407154243915001     -0.627906992644799
C       2.760167720583582     -1.156304831216148     -1.850135209129292
C       2.397212675898317     -0.005420940669580     -2.634178511395443
C       2.762939924282948      1.151732083036592     -1.860113811178713
C       3.336624046947034      0.717498728019932     -0.619712141282789
C       3.334448999152669     -0.708852269098594     -0.614068243141822
C       1.951082531881930      2.269496827088572     -1.862966295703357
C       0.744227525128345      2.272152644439619     -2.643481474538341
C      -0.239841967490568      2.980498530944319     -1.871718305002377
C       0.353634799248247      3.395447330303968     -0.629800718619493
C       1.705802453366901      2.956951726064967     -0.624269037863249
C      -1.553510579236707      2.553406276893358     -1.877782254373827
C      -1.931707693676719      1.400632524421342     -2.652781530011840
C      -2.907002193915644      0.684407592488257     -1.873754065433833
C      -3.117257953902894      1.386203479715584     -0.640675937055644
C      -2.281122232775945      2.541173876560841     -0.642481373356883
C      -2.911603907954507     -0.697015467604381     -1.873836728427229
C      -1.933473686672589     -1.416450118498496     -2.650343532449126
C      -1.556083110955446     -2.562603348946383     -1.874581276519883
C      -2.292600970240394     -2.547237033355642     -0.639787115227658
C      -3.129233651430283     -1.393739317015986     -0.641020355521425
C      -0.984111376610768     -0.728825458994147     -3.386340299071984
C      -0.983599776286188      0.712425291910352     -3.387144146911107
C       0.385462688606260      1.157679547056690     -3.381950770440006
C       1.231394583364928     -0.007013689698674     -3.377391924598048
C       0.385518412831611     -1.173518493833071     -3.380032361569854
Cl     -1.654132936793284      0.206456313724025      5.328444409495040
Cl     -4.111047856985882      0.026537598062455      3.805168135907017
Cl      3.305925020166725     -2.368868232889559      3.840990009019803
Cl      2.966829407342453      2.146320821996416      4.140435488989750
Cl     -1.176563863585997      3.497671009611184      4.121847700676551
Cl      1.407162829343742     -0.787451774437141      5.345723139527538
