60

C      -1.236263400000000      0.000000000000000      3.329976400000000
C      -0.382026400000000     -1.175756400000000      3.329976400000000
C       1.000158100000000     -0.726657400000000      3.329976400000000
C       1.000158100000000      0.726657400000000      3.329976400000000
C      -0.382026400000000      1.175756400000000      3.329976400000000
C       2.344335600000000     -2.601457500000000      0.594642100000000
C       3.198572600000000     -1.425701100000000      0.594642100000000
C       2.962467300000000     -0.699043700000000      1.830905500000000
C       1.962309200000000     -1.425701100000000      2.594958300000000
C       1.580282800000000     -2.601457500000000      1.830905500000000
C       3.198572600000000      1.425701100000000      0.594642100000000
C       2.344335600000000      2.601457500000000      0.594642100000000
C       1.580282800000000      2.601457500000000      1.830905500000000
C       1.962309200000000      1.425701100000000      2.594958300000000
C       2.962467300000000      0.699043700000000      1.830905500000000
C      -0.367509000000000      3.482589200000000      0.594642100000000
C      -1.749693500000000      3.033490300000000      0.594642100000000
C      -1.985798800000000      2.306832900000000      1.830905500000000
C      -0.749535400000000      2.306832900000000      2.594958300000000
C       0.250622700000000      3.033490300000000      1.830905500000000
C      -3.425705700000000      0.726657400000000      0.594642100000000
C      -3.425705700000000     -0.726657400000000      0.594642100000000
C      -2.807574000000000     -1.175756400000000      1.830905500000000
C      -2.425547600000000      0.000000000000000      2.594958300000000
C      -2.807574000000000      1.175756400000000      1.830905500000000
C      -1.749693500000000     -3.033490300000000      0.594642100000000
C      -0.367509000000000     -3.482589200000000      0.594642100000000
C       0.250622700000000     -3.033490300000000      1.830905500000000
C      -0.749535400000000     -2.306832900000000      2.594958300000000
C      -1.985798800000000     -2.306832900000000      1.830905500000000
C      -0.250622700000000     -3.033490300000000     -1.830905500000000
C       0.749535400000000     -2.306832900000000     -2.594958300000000
C       1.985798800000000     -2.306832900000000     -1.830905500000000
C       1.749693500000000     -3.033490300000000     -0.594642100000000
C       0.367509000000000     -3.482589200000000     -0.594642100000000
C       2.807574000000000     -1.175756400000000     -1.830905500000000
C       2.425547600000000      0.000000000000000     -2.594958300000000
C       2.807574000000000      1.175756400000000     -1.830905500000000
C       3.425705700000000      0.726657400000000     -0.594642100000000
C       3.425705700000000     -0.726657400000000     -0.594642100000000
C       1.985798800000000      2.306832900000000     -1.830905500000000
C       0.749535400000000      2.306832900000000     -2.594958300000000
C      -0.250622700000000      3.033490300000000     -1.830905500000000
C       0.367509000000000      3.482589200000000     -0.594642100000000
C       1.749693500000000      3.033490300000000     -0.594642100000000
C      -1.580282800000000      2.601457500000000     -1.830905500000000
C      -1.962309200000000      1.425701100000000     -2.594958300000000
C      -2.962467300000000      0.699043700000000     -1.830905500000000
C      -3.198572600000000      1.425701100000000     -0.594642100000000
C      -2.344335600000000      2.601457500000000     -0.594642100000000
C      -2.962467300000000     -0.699043700000000     -1.830905500000000
C      -1.962309200000000     -1.425701100000000     -2.594958300000000
C      -1.580282800000000     -2.601457500000000     -1.830905500000000
C      -2.344335600000000     -2.601457500000000     -0.594642100000000
C      -3.198572600000000     -1.425701100000000     -0.594642100000000
C      -1.000158100000000     -0.726657400000000     -3.329976400000000
C      -1.000158100000000      0.726657400000000     -3.329976400000000
C       0.382026400000000      1.175756400000000     -3.329976400000000
C       1.236263400000000      0.000000000000000     -3.329976400000000
C       0.382026400000000     -1.175756400000000     -3.329976400000000
61

C      -1.300665795948695      0.000000040408312      3.547430992196121
C      -0.370863020515549     -1.162421078035557      3.312180429207085
C       0.981837503868388     -0.720903474073410      3.281432651350531
C       0.981837572872061      0.720903570562594      3.281432643759653
C      -0.370862932773600      1.162421102544275      3.312180469327622
C       2.332431431989135     -2.569546964039459      0.575590009023625
C       3.181846216937972     -1.410178181154510      0.570199273877319
C       2.932091930206032     -0.691887235187997      1.794612649864664
C       1.943241965235686     -1.405625948162503      2.546334995785855
C       1.574506761785356     -2.565661874361215      1.796778333889217
C       3.181846188882342      1.410178095547877      0.570199269097282
C       2.332431614968514      2.569546996058405      0.575589923097343
C       1.574506711090195      2.565661757036440      1.796778430817972
C       1.943241826272619      1.405625854319836      2.546334890579681
C       2.932091858777895      0.691887281605234      1.794612614064755
C      -0.356578257267789      3.430576332964522      0.591742388772583
C      -1.732028752803045      2.987392228489040      0.591379813405644
C      -1.961117132294405      2.282184497996496      1.805000320651981
C      -0.730480885047405      2.266318485347530      2.579739157938208
C       0.253139861140643      2.977178950992038      1.809473757883374
C      -3.390698453109053      0.713762694167717      0.571186146460222
C      -3.390698378274183     -0.713762596348704      0.571186019554093
C      -2.769213975055229     -1.148812557741498      1.812827651953976
C      -2.412175902412045      0.000000025676288      2.553463299443566
C      -2.769214019335299      1.148812465782526      1.812827514790632
C      -1.732028837525088     -2.987392165613064      0.591379706297150
C      -0.356578155510567     -3.430576433219095      0.591742185621410
C       0.253139802285300     -2.977178862254674      1.809473898704705
C      -0.730480999325135     -2.266318395558428      2.579739127661101
C      -1.961117234778169     -2.282184407745924      1.805000379879793
C      -0.242438913660697     -2.999906870993211     -1.817786744099731
C       0.744707949468437     -2.281995991572754     -2.573211456734149
C       1.971127945873652     -2.283688456678223     -1.821914099488970
C       1.739080349163231     -2.998989427392731     -0.598418264997731
C       0.365741040819532     -3.432255900233435     -0.587285377630353
C       2.787344324423311     -1.163805240604006     -1.826591280778020
C       2.408159490231363      0.000000036206655     -2.581533715659022
C       2.787344477589938      1.163805126757287     -1.826591103184228
C       3.404049599720958      0.720487907291251     -0.606422598352940
C       3.404049562737248     -0.720487908593377     -0.606422573278702
C       1.971128118778269      2.283688489491361     -1.821914066111562
C       0.744707997003988      2.281995986653238     -2.573211545466780
C      -0.242439055305326      2.999906831802905     -1.817786703223686
C       0.365741126332582      3.432256033344793     -0.587285478806935
C       1.739080320463412      2.998989419353662     -0.598418256358279
C      -1.561287989397735      2.574105175512984     -1.813783218875463
C      -1.942380365134057      1.411741346155933     -2.576750145636806
C      -2.937768572013925      0.693935748964550     -1.825933412339088
C      -3.168552794706533      1.409996692415571     -0.599447853331085
C      -2.319927263925065      2.574794569446290     -0.598910954308014
C      -2.937768723731218     -0.693935639399546     -1.825933367076670
C      -1.942380247775936     -1.411741293293820     -2.576750125340620
C      -1.561287995935428     -2.574105226553312     -1.813783213962569
C      -2.319927199818689     -2.574794828711311     -0.598910862895781
C      -3.168552735771597     -1.409996783413457     -0.599447796100711
C      -0.987869830713398     -0.719823155381627     -3.298177277031159
C      -0.987869699939027      0.719823150270719     -3.298177469328395
C       0.380847946318141      1.162403341123257     -3.302898155386622
C       1.225265650477835      0.000000051008675     -3.302079306242147
C       0.380847976698544     -1.162403339030812     -3.302898136837805
Cl     -2.011027886205247      0.000000024660268      5.233980242676216
62

C      -1.301390222109700      0.014938969226089      3.536489553912886
C      -0.358127681124863     -1.144072282758551      3.294135664727053
C       0.951747448511065     -0.715431205868489      3.271421603114850
C       0.978558274372051      0.719442114688864      3.276909712559477
C      -0.376474195509616      1.177692312351320      3.310706042273789
C       2.306760851040212     -2.563270087511869      0.574911585493360
C       3.154116832417424     -1.399540519251933      0.572301414782631
C       2.937627202374838     -0.701964704268919      1.796042406666090
C       2.084459604023355     -1.518697242318536      2.729737933057665
C       1.580921263304757     -2.589202091397296      1.800728918165549
C       3.165445545056136      1.389398931377599      0.565385438754513
C       2.326502279695160      2.554854879035682      0.571733503382484
C       1.566965989721252      2.558885616977202      1.794635331009032
C       1.934084293511828      1.409243517321805      2.547028042658237
C       2.927426370488750      0.666391247334852      1.789965951767483
C      -0.362056722351136      3.433108241332910      0.588097480981852
C      -1.739625851503581      2.998501347339253      0.584976320648344
C      -1.975874865777794      2.291554082692474      1.803591244045317
C      -0.740301721033722      2.275200111729763      2.579805772855912
C       0.245835959548118      2.984066861308560      1.804101820461259
C      -3.397668810214458      0.724933506370136      0.568596884550614
C      -3.383997398434178     -0.707394108174553      0.572814755316963
C      -2.762802644663910     -1.133345789704712      1.820034863318476
C      -2.414918394246059      0.001552673249885      2.548511521244562
C      -2.783332960318360      1.166882180508067      1.806857538679182
C      -1.710442045245966     -2.983273196814144      0.585774429425941
C      -0.340462044062726     -3.421274436839706      0.577378014871845
C       0.274156623811928     -2.988360217175771      1.802762274523712
C      -0.741985521441375     -2.283229501265352      2.573882986267891
C      -1.932812631857366     -2.278799851856610      1.823551530869243
C      -0.243430822899297     -2.998938581816853     -1.841402655061177
C       0.740083857683571     -2.279479675543258     -2.603363609800832
C       1.960261238859379     -2.275202419037367     -1.835629873790444
C       1.726079967488606     -2.986633464113538     -0.613760638728297
C       0.365943003981396     -3.428712873092110     -0.612060726431028
C       2.773173082927853     -1.153870979152706     -1.835628429143226
C       2.403041652976227      0.007291577541302     -2.608356616269240
C       2.780424544635808      1.166051743211954     -1.845630041914647
C       3.388184135353546      0.718595599641491     -0.621352043217050
C       3.377669366243848     -0.712477500743675     -0.614779045456350
C       1.965868535352243      2.287008463750693     -1.834043291917548
C       0.740277579913984      2.287542559216682     -2.583643698288897
C      -0.246303237483593      3.001847828524875     -1.822003107523977
C       0.362002831302131      3.433323378045063     -0.593815266545101
C       1.732293796116768      2.989414913289250     -0.600745536115240
C      -1.566522929624577      2.579392370170977     -1.820610099451208
C      -1.945615727449123      1.415608190289532     -2.581251854066706
C      -2.940831987959223      0.698815913653130     -1.828878579462035
C      -3.174478422814611      1.416352340540882     -0.604505616878134
C      -2.324545171200591      2.581506430553716     -0.602690805038110
C      -2.934500632552117     -0.689989979092822     -1.821684171143013
C      -1.944749898170245     -1.409417087983448     -2.578919267835004
C      -1.561330345977865     -2.571490456623335     -1.822396010082865
C      -2.302044788927524     -2.567022066701147     -0.589757777298667
C      -3.160574517609832     -1.400624704144599     -0.594365594303896
C      -0.994704056170290     -0.715935294565640     -3.309207200659654
C      -0.993925663385147      0.724348738061175     -3.308244900193832
C       0.375283251424416      1.169167093088201     -3.318281105148456
C       1.220600171252496      0.007728114129400     -3.326686122269220
C       0.373796111489606     -1.158699024163068     -3.325675524804020
Cl     -2.028305430187247     -0.002417749316293      5.207410708820184
Cl      3.069718024658203     -2.208326318853427      4.110172927779258
63

C      -1.325019452930689      0.013359584751756      3.581894310306036
C      -0.383304643600516     -1.135239577705601      3.279372561829222
C       0.949273446996771     -0.706385603690464      3.271768337964599
C       0.966964641320023      0.701687099140104      3.264169159457341
C      -0.404803687991242      1.162315638158366      3.288299593527619
C       2.307876611902858     -2.556615105048331      0.575163284092284
C       3.163114224205617     -1.397833127321460      0.571610173549704
C       2.943670999211892     -0.701157989261727      1.796079100192538
C       2.083227450792946     -1.510509933348481      2.728704897408007
C       1.579405977895737     -2.575207321123838      1.796760491438789
C       3.169596385915919      1.389896646215450      0.562936647914628
C       2.324029306764490      2.549326864584680      0.567882979112960
C       1.560389661651721      2.547517861537902      1.790174428317290
C       1.926048231744878      1.400912335835083      2.541209233836081
C       2.929376462457819      0.668522107844188      1.790306326718180
C      -0.365651232508505      3.410733383551297      0.580427748661820
C      -1.733434455184698      2.966645761321432      0.573083982425022
C      -1.992880372813789      2.261794087492035      1.794733654571445
C      -0.748823879225749      2.260513525854661      2.568302717438227
C       0.239019229997668      2.966142842094132      1.795994592230538
C      -3.374143853379482      0.720836857367231      0.572791753366005
C      -3.360558057394989     -0.710453704114075      0.576916547764080
C      -2.791433032043416     -1.150055948565316      1.807620342479340
C      -2.664343473074148      0.010809129435948      2.762276579050091
C      -2.804869756030410      1.168138584349217      1.808120790289525
C      -1.714504624114521     -2.950497500128799      0.573187519411116
C      -0.352592135682640     -3.389804258472309      0.572262099403579
C       0.263933428317839     -2.955275766079770      1.797534415623361
C      -0.743443194105362     -2.251702213459236      2.564476573462332
C      -1.970646554270775     -2.246449444428751      1.804174215068402
C      -0.236480854110187     -2.989554299353725     -1.850760560063112
C       0.751306186206468     -2.277796300994837     -2.612185981580095
C       1.966217532399420     -2.271854862305200     -1.837334429341112
C       1.727445264566069     -2.978242899651578     -0.615476534951026
C       0.364516607214300     -3.409845119493303     -0.612168338969918
C       2.783378463889941     -1.153603265918567     -1.838370003596548
C       2.414382463075428      0.006304733783379     -2.613670740224289
C       2.791569985319426      1.165183784543249     -1.849873324291801
C       3.394487292413037      0.718801788816959     -0.622935616006351
C       3.384924720423325     -0.712391584005008     -0.616171005912351
C       1.974686880721276      2.283889090463287     -1.840957858860542
C       0.754467328217006      2.286346866327639     -2.597349369521924
C      -0.236336711933048      2.994695820565362     -1.834666172021021
C       0.364439458835661      3.422954626911218     -0.601820429748826
C       1.735707260495103      2.983250971285512     -0.607261300244947
C      -1.553325256682918      2.568072412952112     -1.842159820602867
C      -1.929042867322782      1.411905615248292     -2.607632765881975
C      -2.916197781659763      0.695085642709626     -1.836090853007540
C      -3.145540932497912      1.404234246610094     -0.610825952949504
C      -2.305820486482898      2.562011679484310     -0.616724389682186
C      -2.914476260305490     -0.688946838546362     -1.833669228275278
C      -1.930553005917958     -1.407314259434405     -2.610866808069735
C      -1.552386428802348     -2.561875631931369     -1.847542559436571
C      -2.295428761262399     -2.549633115893587     -0.613307507173705
C      -3.141945733429615     -1.397281690269200     -0.611867930546429
C      -0.978070273879182     -0.716880854016774     -3.338446388540548
C      -0.976798797746812      0.725040933197005     -3.337175283431673
C       0.391368315510987      1.169446395751048     -3.335433068776126
C       1.238270626701113      0.006769805747801     -3.340426111553556
C       0.389373252913898     -1.159846123549642     -3.341811546971960
Cl     -1.647333561050221     -0.013834372109219      5.366757927598083
Cl     -4.119407050697347     -0.004183376967986      3.852518697131786
Cl      3.063099819161113     -2.205169027640433      4.116687944485937
64

C      -1.307239419511898      0.022722116979402      3.573054615227917
C      -0.377717168580014     -1.137980938112843      3.253548559162300
C       0.903764216780581     -0.721995844293629      3.183364607901496
C       0.944209744041506      0.726731712461910      3.224417205055496
C      -0.399792775312407      1.187093411089382      3.285815377244288
C       2.287325526657265     -2.545992357532008      0.567715572945285
C       3.146719798161805     -1.399265653410718      0.565672105634302
C       2.933538378681613     -0.703932577782880      1.795839323110253
C       2.080688668159241     -1.520711389538876      2.725388225579790
C       1.556176429277612     -2.586189498880315      1.796183379886326
C       3.159202973196152      1.385108831318329      0.561001455997725
C       2.315980437363809      2.551485451906129      0.566890448221926
C       1.554037862075484      2.562762511906700      1.784409717604203
C       1.912932232868304      1.406228879458393      2.532439661289431
C       2.925363815471842      0.662625795728047      1.784354816436916
C      -0.371322120517501      3.425959614197592      0.568596672812989
C      -1.736439109771146      2.978228834180587      0.560139020147965
C      -1.990434956123374      2.280934815371015      1.788249908633451
C      -0.752346007199677      2.291652098083962      2.566550168678913
C       0.232561026189327      2.984981558784582      1.793314230780872
C      -3.339987337119084      0.720810084278115      0.570869635147490
C      -3.301922046015698     -0.702368676962592      0.574675581696366
C      -2.720406214118114     -1.149718561495418      1.811486576829573
C      -2.638019234643659      0.018752943236501      2.768440348689277
C      -2.781919836024696      1.172009168878473      1.810299200579021
C      -1.694770536270434     -2.935470359596234      0.574273803365168
C      -0.342212197427468     -3.384359732291151      0.576089685741327
C       0.261853806980880     -2.986655415554365      1.814237955094297
C      -0.798704021536363     -2.473629821790441      2.760394778478986
C      -1.949296711468249     -2.259371575782485      1.813235303095296
C      -0.231499142475907     -2.969621704082825     -1.852459985569992
C       0.752280385774508     -2.263355737849726     -2.626782944052122
C       1.963638629802320     -2.260812080162333     -1.853005800305108
C       1.719985173056340     -2.957858910820929     -0.622321877241419
C       0.363520926032933     -3.387428148806692     -0.612608966709921
C       2.783503382835793     -1.148677514539663     -1.848979086386860
C       2.411458321673574      0.011052692798447     -2.621360389714552
C       2.785312898768872      1.165399932251880     -1.852322732088907
C       3.388056182654454      0.718715171166792     -0.625806393828203
C       3.374600483833753     -0.711061566558610     -0.617434129437189
C       1.968546313415256      2.282666327984948     -1.843307321844869
C       0.751127930601800      2.287611043918551     -2.602187549829091
C      -0.237747512477938      2.998732317252983     -1.842950793699174
C       0.360510589872846      3.424800340906490     -0.607602707392083
C       1.729510931912822      2.979936549065667     -0.609645131323956
C      -1.554151835568733      2.575286712354340     -1.853234087836064
C      -1.929740568535200      1.421693391404470     -2.622016736778849
C      -2.911765044458357      0.704797917433673     -1.846844728849812
C      -3.132310670861127      1.407824915214076     -0.615405379761672
C      -2.306981016864516      2.571993196196251     -0.628827365822707
C      -2.901464924171457     -0.676621445623444     -1.847651623780842
C      -1.927413698754604     -1.392651314137662     -2.628110957450956
C      -1.544146473451534     -2.541902153288012     -1.852728211952287
C      -2.268688664841877     -2.528416029377942     -0.614521374331648
C      -3.106593750263944     -1.377405129506984     -0.612716399381116
C      -0.977967266293154     -0.706022195303483     -3.361841310825377
C      -0.979127220594295      0.734254943677081     -3.355023396876215
C       0.390254912136038      1.176261247717971     -3.348744303053539
C       1.237503465419848      0.013698585506266     -3.352959625057296
C       0.389167689002549     -1.150130348487724     -3.361701780146772
Cl     -1.612326127311777     -0.039007737730740      5.363922858228388
Cl     -4.093653902443916     -0.037819311904072      3.839927382105357
Cl      2.978099147876986     -2.188893403322047      4.145773814917124
Cl     -1.176403228767740     -3.587809390896969      4.129531106938997
65

C      -1.308778782107891      0.010088954771406      3.585569581472971
C      -0.392666218336759     -1.151287199955496      3.235403817213713
C       0.878561854969688     -0.730872578427268      3.124046340785517
C       0.886958805031301      0.728544797641517      3.150570548276757
C      -0.401058762658718      1.167909103887675      3.277083598141248
C       2.285458374591262     -2.562616479096459      0.565469318640656
C       3.138121769596181     -1.398565615793392      0.564295214235607
C       2.927590469142920     -0.711589083770224      1.783993527689516
C       2.068780592783263     -1.529040667681279      2.714447704058453
C       1.557403148901424     -2.609734890551037      1.793809756445502
C       3.140148977989226      1.392340276783995      0.550301832805647
C       2.297965071954651      2.553647532542004      0.551670241555700
C       1.549661401487052      2.593324151614389      1.780686459864739
C       1.935028443882373      1.417840527042054      2.511971517775854
C       2.909486320057848      0.671592112969934      1.784292432341493
C      -0.346204664043418      3.427950838708823      0.573115705556956
C      -1.705982512561053      2.962300043874045      0.564646220741353
C      -1.956556761880941      2.279186465031515      1.800658967498455
C      -0.812172758718741      2.490131759299198      2.752403849684393
C       0.240948867103255      3.028036273271746      1.805755821061337
C      -3.290010068326394      0.712037270433945      0.571747743641170
C      -3.279586012230485     -0.709640873131774      0.574781599099108
C      -2.708973609953948     -1.161956147233418      1.816380300378879
C      -2.624544471222830      0.008241506643963      2.772294557387965
C      -2.728678523332347      1.169699587782771      1.812947380318041
C      -1.695215501304618     -2.951133420732110      0.567559534621810
C      -0.341415819070731     -3.407331296865192      0.570124154003586
C       0.262432438665880     -3.012474401954745      1.809682288756538
C      -0.797031973529525     -2.492026435347694      2.750928610826319
C      -1.947128870028857     -2.278203278925465      1.806453659588340
C      -0.230837123862291     -2.984015774042081     -1.859684985756950
C       0.750829193159929     -2.271716086927890     -2.633358719897597
C       1.960543105583935     -2.269402824478838     -1.858968716432666
C       1.718381119598118     -2.965969941262600     -0.626102091327615
C       0.363230355806436     -3.404108703522868     -0.619343474739853
C       2.777834933626379     -1.153512544415315     -1.852362537325372
C       2.408316809891704      0.007090775886264     -2.629501489597969
C       2.780997698459792      1.162407290575239     -1.864640001347200
C       3.369160112699707      0.716659296566975     -0.627921279675075
C       3.370258635229970     -0.716435946864070     -0.628018362797109
C       1.967841758401371      2.282928928286716     -1.865817207857400
C       0.754239291445420      2.286290329375387     -2.629589460578028
C      -0.230793124165483      2.999709305982067     -1.853914180170877
C       0.369164437472436      3.428697564517984     -0.625109262227464
C       1.726881046093308      2.982162976335584     -0.630897965890281
C      -1.544564350696495      2.566240943149178     -1.859981045337520
C      -1.922837502702020      1.415448241632306     -2.633129006332336
C      -2.896598885770779      0.695414455862737     -1.852749219336554
C      -3.101493267099301      1.391814162974345     -0.615467625739773
C      -2.273296014469737      2.553095195960968     -0.622655149681110
C      -2.892566468011454     -0.685752079880525     -1.850778049179320
C      -1.924160097469651     -1.403679227753452     -2.633945513814959
C      -1.543366106638834     -2.554979988132487     -1.859723503090605
C      -2.269568079873407     -2.545598461704810     -0.621906939556492
C      -3.095960863575495     -1.386434132087814     -0.613317404017568
C      -0.977791294919628     -0.713131596945881     -3.372024805986379
C      -0.978312750697404      0.726122705712398     -3.372784469101933
C       0.391672433570426      1.172216972860757     -3.365379233314915
C       1.237561552553825      0.006943122884344     -3.365062252898420
C       0.389662268739450     -1.158167469648210     -3.371288914769609
Cl     -1.625217556289017     -0.003574948124834      5.372391952239807
Cl     -4.088352391617793      0.006230154912394      3.818997825906068
Cl      2.943638465246186     -2.161712208082216      4.163634242266086
Cl     -1.166128453912667     -3.579875945122515      4.136698927591258
Cl     -1.231827429111052      3.571410650429681      4.147865625826058
66

C      -1.303116086884849     -0.001076878577187      3.561553548445453
C      -0.391992324679629     -1.157137734912845      3.230364081925643
C       0.878136055259604     -0.729903662163694      3.109587121369313
C       0.878110907813893      0.727164508390787      3.109917476117133
C      -0.391470591796247      1.155073090491183      3.230345246006582
C       2.277782867522410     -2.541639330836321      0.558572798140326
C       3.118097256235732     -1.382005468208337      0.552527178267177
C       2.918289876286976     -0.679062762677052      1.787437247201514
C       2.073330218450123     -1.517056543818909      2.714116561668654
C       1.555411889088242     -2.592836358355955      1.791448527099196
C       3.117506054621411      1.381054264193288      0.553346494612815
C       2.277295685478201      2.540610117349860      0.560440164251783
C       1.555411069152979      2.591925560797286      1.793783715208122
C       2.073389097135840      1.514969061510126      2.715504516102313
C       2.918319873645078      0.677813344155756      1.788070229465924
C      -0.338917656522143      3.394405897910004      0.567556363813398
C      -1.695123949128002      2.947945979936303      0.562049872605973
C      -1.947803167337894      2.275752346512855      1.802035908011143
C      -0.803209473493249      2.495306101710187      2.753826606388605
C       0.263860446686500      3.002057895430104      1.807844189459434
C      -3.281121371667272      0.709293812850297      0.565508430003212
C      -3.281142460695065     -0.710655880806955      0.565037288029237
C      -2.716010042132268     -1.166595457422469      1.807468447925803
C      -2.624534628554853     -0.001136285394246      2.763842140960667
C      -2.715880765212340      1.165092214074349      1.808090753052631
C      -1.695022659956773     -2.948468851730593      0.560127879969080
C      -0.338818656994997     -3.394971074437491      0.564934519498546
C       0.263861352134579     -3.002531952159338      1.805007383452295
C      -0.802667559273849     -2.496456253472514      2.751411888218361
C      -1.947349806987656     -2.276801695609196      1.800247394662650
C      -0.235686096895968     -2.983291814211569     -1.866758180067886
C       0.741904266236653     -2.275218654829560     -2.644820053442762
C       1.950957368653984     -2.268701973092371     -1.869369944338100
C       1.712075634943038     -2.956625098696024     -0.632428917623556
C       0.361497459799092     -3.396869334491705     -0.625732598595481
C       2.761867963334111     -1.152167765582351     -1.869782364609408
C       2.394509624056632      0.000123689608916     -2.647062001699126
C       2.761757176226733      1.152025716816604     -1.869204110244544
C       3.342216257204447      0.713449380728077     -0.632583367882152
C       3.342498303548505     -0.713729250896949     -0.633048975815974
C       1.950444959777234      2.267989182726284     -1.867611324098804
C       0.741590465378971      2.274148143067639     -2.642674681171251
C      -0.235683594780017      2.981533568647087     -1.864293119420893
C       0.361017140965541      3.395417091361739     -0.623389188579235
C       1.711465144686170      2.955308140241421     -0.630492921417318
C      -1.548239922210707      2.556214317395173     -1.866000835810577
C      -1.929582476104007      1.407552390532500     -2.642353991991029
C      -2.898146909678827      0.689852584236274     -1.859484213176299
C      -3.098355436407612      1.386969789012920     -0.620901749062692
C      -2.270056473767388      2.544385166900061     -0.626754261283045
C      -2.898338940678848     -0.690701997175783     -1.860050379156414
C      -1.929798004101467     -1.408149629843053     -2.643490135149283
C      -1.548527733607477     -2.557738064051107     -1.868007836435404
C      -2.270508905926947     -2.545585632062507     -0.628507943692386
C      -3.098773789985525     -1.388167619765203     -0.621685726997267
C      -0.987277515771642     -0.719894973037425     -3.386040387722526
C      -0.987196487667100      0.719804429035125     -3.385290728739772
C       0.380762622993665      1.163867517095516     -3.384565825466056
C       1.225994785897160     -0.000017622666258     -3.386141956679327
C       0.380849918905556     -1.164191251391235     -3.385893432667794
Cl     -1.614843808072431      0.003835105143883      5.345437635986514
Cl     -4.080578387287117      0.001813059530158      3.818351548009592
Cl      2.971186497599283     -2.125856516102810      4.149617092389962
Cl      2.968658486222930      2.121338866690834      4.153847706685230
Cl     -1.180282169320267      3.575873895111938      4.140871018198012
Cl     -1.176963284062787     -3.580399449449252      4.135975736478093
