66

C       3.763518000000000     -1.105021000000000      0.825642000000000
C       3.857313000000000     -0.687268000000000     -0.687646000000000
C       3.572794000000000      0.804026000000000     -0.684370000000000
C       3.392955000000000      0.186388000000000      1.526143000000000
C       3.392607000000000      1.286779000000000      0.648963000000000
C       2.333577000000000     -0.022130000000000      2.407622000000000
C       2.570700000000000     -1.975963000000000      1.159287000000000
C       1.880711000000000     -1.408874000000000      2.246604000000000
C       1.892004000000000     -2.780575000000000      0.222253000000000
C       2.717699000000000     -1.220888000000000     -1.520085000000000
C       1.972324000000000     -2.378948000000000     -1.208201000000000
C       2.545673000000000      1.097364000000000     -1.629619000000000
C       2.127477000000000     -0.163643000000000     -2.233701000000000
C       1.632363000000000      2.134493000000000     -1.480374000000000
C       2.483979000000000      2.317540000000000      0.877270000000000
C       1.850951000000000      3.078292000000000     -0.284120000000000
C       1.387585000000000      0.996588000000000      2.680710000000000
C       1.571731000000000      2.219011000000000      1.944342000000000
C       0.044361000000000      0.630744000000000      3.123987000000000
C       0.562790000000000     -1.787325000000000      2.586005000000000
C      -0.360630000000000     -0.785574000000000      3.123268000000000
C       0.684300000000000     -3.354745000000000      0.673695000000000
C       0.057791000000000     -2.913004000000000      1.888729000000000
C      -0.373333000000000     -3.757584000000000     -0.234695000000000
C       0.843427000000000     -2.610420000000000     -2.020851000000000
C      -0.294212000000000     -3.393122000000000     -1.570141000000000
C       0.874907000000000     -0.289424000000000     -2.871941000000000
C       0.340069000000000     -1.599412000000000     -2.909403000000000
C       0.355923000000000      2.076445000000000     -2.168906000000000
C      -0.008682000000000      0.867924000000000     -2.926725000000000
C      -0.687995000000000      2.931648000000000     -1.742160000000000
C       0.539625000000000      3.522287000000000      0.314561000000000
C       0.448781000000000      3.080503000000000      1.672068000000000
C      -0.604259000000000      3.598757000000000     -0.431987000000000
C      -0.969133000000000      1.612210000000000      3.037698000000000
C      -0.771296000000000      2.834462000000000      2.266967000000000
C      -2.354480000000000      1.264881000000000      2.913995000000000
C      -1.736973000000000     -1.091812000000000      3.082383000000000
C      -2.736669000000000     -0.066248000000000      2.947844000000000
C      -1.359407000000000     -3.143533000000000      1.777471000000000
C      -1.639487000000000     -3.670762000000000      0.457379000000000
C      -2.237000000000000     -2.266400000000000      2.380464000000000
C      -2.792144000000000     -3.271785000000000     -0.213988000000000
C      -1.477445000000000     -2.930778000000000     -2.258476000000000
C      -1.071119000000000     -1.815364000000000     -3.089856000000000
C      -2.709874000000000     -2.892023000000000     -1.610947000000000
C      -1.369724000000000      0.624704000000000     -3.210694000000000
C      -1.905079000000000     -0.729055000000000     -3.261879000000000
C      -2.059858000000000      2.593247000000000     -1.948574000000000
C      -2.404140000000000      1.470534000000000     -2.692164000000000
C      -1.896467000000000      3.490930000000000      0.202113000000000
C      -1.983397000000000      3.127350000000000      1.553267000000000
C      -2.988108000000000      2.181211000000000      1.977358000000000
C      -2.818899000000000      2.920978000000000     -0.748019000000000
C      -3.927981000000000      1.696770000000000      1.073756000000000
C      -3.841996000000000      2.078297000000000     -0.325859000000000
C      -3.789621000000000     -0.548119000000000      2.075330000000000
C      -3.480501000000000     -1.915339000000000      1.723933000000000
C      -3.738939000000000     -2.385584000000000      0.435750000000000
C      -4.350942000000000      0.311218000000000      1.132378000000000
C      -3.605618000000000     -1.771735000000000     -1.823825000000000
C      -3.222626000000000     -0.722008000000000     -2.659488000000000
C      -3.531155000000000      0.645236000000000     -2.302767000000000
C      -4.218221000000000      0.925726000000000     -1.124557000000000
C      -4.267099000000000     -1.477067000000000     -0.565172000000000
C      -4.564370000000000     -0.158414000000000     -0.224641000000000
67

C      -2.748070000000000      3.093516000000000      0.832554000000000
C      -3.001003000000000      2.882068000000000     -0.516250000000000
C      -3.712312000000000      1.631181000000000     -0.661886000000000
C      -3.292964000000000      1.956320000000000      1.587298000000000
C      -3.897100000000000      1.055572000000000      0.660501000000000
C      -2.302569000000000      1.528024000000000      2.483066000000000
C      -1.432234000000000      3.366967000000000      1.291837000000000
C      -1.170134000000000      2.452698000000000      2.374537000000000
C      -0.395195000000000      3.686606000000000      0.359814000000000
C      -1.923066000000000      2.935783000000000     -1.460550000000000
C      -0.654362000000000      3.463759000000000     -1.077992000000000
C      -3.023805000000000      0.877195000000000     -1.667636000000000
C      -1.991276000000000      1.740751000000000     -2.248225000000000
C      -2.806848000000000     -0.492270000000000     -1.554061000000000
C      -3.677307000000000     -0.293106000000000      0.824071000000000
C      -3.518309000000000     -1.217910000000000     -0.384231000000000
C      -2.060536000000000      0.139610000000000      2.686024000000000
C      -2.859959000000000     -0.751980000000000      1.889846000000000
C      -0.738033000000000     -0.300097000000000      3.116435000000000
C       0.135787000000000      2.038901000000000      2.687866000000000
C       0.368176000000000      0.670239000000000      3.166260000000000
C       0.920603000000000      3.503364000000000      0.829210000000000
C       1.184630000000000      2.738886000000000      2.019740000000000
C       2.042376000000000      3.307868000000000     -0.068622000000000
C       0.433776000000000      3.084922000000000     -1.897568000000000
C       1.804320000000000      3.105185000000000     -1.420424000000000
C      -0.855860000000000      1.194433000000000     -2.863144000000000
C       0.319178000000000      2.004292000000000     -2.832539000000000
C      -1.697586000000000     -1.107291000000000     -2.249195000000000
C      -0.728998000000000     -0.259239000000000     -2.959052000000000
C      -1.285985000000000     -2.408267000000000     -1.856573000000000
C      -2.662889000000000     -2.323495000000000      0.181800000000000
C      -2.371785000000000     -2.062662000000000      1.556899000000000
C      -1.737910000000000     -2.981102000000000     -0.580899000000000
C      -0.411186000000000     -1.672142000000000      2.969867000000000
C      -1.223751000000000     -2.553328000000000      2.150928000000000
C       0.944014000000000     -2.121545000000000      2.842963000000000
C       1.692498000000000      0.186264000000000      3.118290000000000
C       1.983869000000000     -1.210758000000000      2.929408000000000
C       2.499445000000000      2.170229000000000      1.906691000000000
C       3.045150000000000      2.517536000000000      0.608990000000000
C       2.756011000000000      0.932454000000000      2.462907000000000
C       3.809766000000000      1.588742000000000     -0.089746000000000
C       2.557899000000000      2.102770000000000     -2.137315000000000
C       1.622440000000000      1.422941000000000     -3.012922000000000
C       3.559335000000000      1.374550000000000     -1.501542000000000
C       0.552463000000000     -0.780400000000000     -3.237828000000000
C       1.737553000000000      0.065998000000000     -3.238531000000000
C       0.048655000000000     -2.862986000000000     -2.066990000000000
C       0.956023000000000     -2.070939000000000     -2.762029000000000
C      -0.603514000000000     -3.624773000000000      0.042921000000000
C      -0.353803000000000     -3.425388000000000      1.406808000000000
C       0.996383000000000     -3.194640000000000      1.860246000000000
C       0.492505000000000     -3.604610000000000     -0.891813000000000
C       2.062065000000000     -3.256372000000000      0.967636000000000
C       1.803410000000000     -3.469274000000000     -0.446035000000000
C       3.142127000000000     -1.337702000000000      2.068879000000000
C       3.623483000000000     -0.005846000000000      1.779998000000000
C       4.115692000000000      0.303522000000000      0.511214000000000
C       3.165162000000000     -2.322995000000000      1.082123000000000
C       3.707883000000000     -0.042798000000000     -1.770604000000000
C       2.830750000000000     -0.680358000000000     -2.648745000000000
C       2.346181000000000     -2.010552000000000     -2.355479000000000
C       2.753237000000000     -2.668344000000000     -1.197210000000000
C       4.085357000000000     -0.702025000000000     -0.533156000000000
C       3.618876000000000     -1.986552000000000     -0.253978000000000
Cl     -5.145432000000000     -1.878141000000000     -0.993479000000000
68

C       2.894404000000000     -2.500833000000000      1.249295000000000
C       3.232713000000000     -2.336652000000000     -0.067125000000000
C       3.921507000000000     -0.989057000000000     -0.284839000000000
C       3.167005000000000     -1.248239000000000      1.957214000000000
C       3.711384000000000     -0.312054000000000      1.056506000000000
C       2.056623000000000     -0.959156000000000      2.767773000000000
C       1.608061000000000     -2.976339000000000      1.639262000000000
C       1.110841000000000     -2.066591000000000      2.636679000000000
C       0.721220000000000     -3.507365000000000      0.655608000000000
C       2.262634000000000     -2.582391000000000     -1.069452000000000
C       1.062300000000000     -3.302666000000000     -0.762076000000000
C       3.000198000000000     -0.377386000000000     -1.332359000000000
C       2.195280000000000     -1.420948000000000     -1.915688000000000
C       2.578996000000000      0.924187000000000     -1.318301000000000
C       3.257733000000000      0.976544000000000      1.109742000000000
C       3.069736000000000      1.820272000000000     -0.155616000000000
C       1.577969000000000      0.375114000000000      2.865194000000000
C       2.287224000000000      1.347225000000000      2.082625000000000
C       0.170769000000000      0.608842000000000      3.173493000000000
C      -0.267986000000000     -1.863604000000000      2.824267000000000
C      -0.760103000000000     -0.530286000000000      3.196290000000000
C      -0.644852000000000     -3.526696000000000      1.009654000000000
C      -1.129911000000000     -2.761580000000000      2.125660000000000
C      -1.697971000000000     -3.562454000000000      0.014931000000000
C       0.008064000000000     -3.153247000000000     -1.688775000000000
C      -1.376168000000000     -3.384091000000000     -1.323922000000000
C       1.042562000000000     -1.111966000000000     -2.659535000000000
C       0.024815000000000     -2.109751000000000     -2.676800000000000
C       1.441351000000000      1.317227000000000     -2.139474000000000
C       0.692539000000000      0.288397000000000     -2.861850000000000
C       0.797038000000000      2.548051000000000     -1.868610000000000
C       1.989605000000000      2.784847000000000      0.275995000000000
C       1.626295000000000      2.541901000000000      1.637056000000000
C       1.038079000000000      3.242092000000000     -0.593437000000000
C      -0.358491000000000      1.897936000000000      2.918473000000000
C       0.368050000000000      2.863227000000000      2.113029000000000
C      -1.752558000000000      2.108419000000000      2.660940000000000
C      -2.137114000000000     -0.277198000000000      3.018680000000000
C      -2.633102000000000      1.041352000000000      2.722146000000000
C      -2.503547000000000     -2.425113000000000      1.875109000000000
C      -2.870969000000000     -2.919630000000000      0.561769000000000
C      -3.003796000000000     -1.220622000000000      2.330165000000000
C      -3.710374000000000     -2.164160000000000     -0.250469000000000
C      -2.216965000000000     -2.555569000000000     -2.157437000000000
C      -1.332978000000000     -1.769094000000000     -2.998269000000000
C      -3.375496000000000     -1.977908000000000     -1.649201000000000
C      -0.630346000000000      0.572582000000000     -3.278438000000000
C      -1.650809000000000     -0.462442000000000     -3.315299000000000
C      -0.570351000000000      2.759311000000000     -2.204202000000000
C      -1.276649000000000      1.796498000000000     -2.920415000000000
C      -0.234198000000000      3.715365000000000     -0.097873000000000
C      -0.564367000000000      3.541583000000000      1.252959000000000
C      -1.893276000000000      3.110252000000000      1.613696000000000
C      -1.228254000000000      3.468671000000000     -1.111066000000000
C      -2.873666000000000      2.950012000000000      0.639607000000000
C      -2.532929000000000      3.136839000000000     -0.760491000000000
C      -3.718647000000000      0.932243000000000      1.769088000000000
C      -3.949132000000000     -0.474099000000000      1.526123000000000
C      -4.271958000000000     -0.921305000000000      0.243865000000000
C      -3.815662000000000      1.851731000000000      0.725496000000000
C      -3.730032000000000     -0.618491000000000     -2.015346000000000
C      -2.900871000000000      0.115638000000000     -2.862748000000000
C      -2.667293000000000      1.521630000000000     -2.615852000000000
C      -3.272662000000000      2.153988000000000     -1.532906000000000
C      -4.316737000000000      0.024816000000000     -0.854203000000000
C      -4.091417000000000      1.381410000000000     -0.619240000000000
Cl      5.645967000000000     -1.075736000000000     -0.862252000000000
Cl      4.605789000000000      2.717188000000000     -0.650834000000000
69

C       3.450077000000000     -1.953742000000000      0.646135000000000
C       3.474432000000000     -1.371316000000000     -0.721128000000000
C       3.803749000000000      0.111747000000000     -0.704028000000000
C       3.326588000000000     -0.697519000000000      1.484695000000000
C       3.546600000000000      0.460819000000000      0.736846000000000
C       2.247902000000000     -0.800583000000000      2.369217000000000
C       2.144974000000000     -2.651311000000000      0.950722000000000
C       1.555529000000000     -2.062501000000000      2.087627000000000
C       1.319983000000000     -3.197123000000000     -0.062540000000000
C       2.460645000000000     -1.629525000000000     -1.622525000000000
C       1.480322000000000     -2.674960000000000     -1.433845000000000
C       2.691143000000000      0.688080000000000     -1.574337000000000
C       2.068532000000000     -0.392401000000000     -2.273423000000000
C       2.001200000000000      1.841885000000000     -1.301502000000000
C       2.835294000000000      1.596897000000000      1.053300000000000
C       2.379952000000000      2.599994000000000     -0.011253000000000
C       1.503542000000000      0.343460000000000      2.738451000000000
C       1.914246000000000      1.573588000000000      2.122369000000000
C       0.111567000000000      0.194920000000000      3.164341000000000
C       0.182137000000000     -2.215681000000000      2.394725000000000
C      -0.546730000000000     -1.113570000000000      3.028931000000000
C       0.025051000000000     -3.585780000000000      0.341044000000000
C      -0.519750000000000     -3.155909000000000      1.598699000000000
C      -1.075297000000000     -3.687056000000000     -0.595497000000000
C       0.357211000000000     -2.611381000000000     -2.260704000000000
C      -0.911303000000000     -3.210236000000000     -1.888941000000000
C       0.821784000000000     -0.243015000000000     -2.902347000000000
C       0.054934000000000     -1.432032000000000     -3.058672000000000
C       0.732668000000000      2.089750000000000     -1.975378000000000
C       0.162765000000000      1.052643000000000     -2.836876000000000
C      -0.139295000000000      3.072653000000000     -1.448313000000000
C       1.160227000000000      3.206659000000000      0.643733000000000
C       0.977725000000000      2.652480000000000      1.948462000000000
C       0.057598000000000      3.574751000000000     -0.077985000000000
C      -0.699022000000000      1.352105000000000      3.182623000000000
C      -0.271235000000000      2.584469000000000      2.533312000000000
C      -2.123830000000000      1.282849000000000      3.038884000000000
C      -1.956578000000000     -1.153057000000000      2.971382000000000
C      -2.746211000000000      0.049193000000000      2.944830000000000
C      -1.953932000000000     -3.103978000000000      1.474076000000000
C      -2.311504000000000     -3.436097000000000      0.109029000000000
C      -2.658833000000000     -2.139461000000000      2.163416000000000
C      -3.358256000000000     -2.762369000000000     -0.513764000000000
C      -1.976589000000000     -2.466938000000000     -2.518827000000000
C      -1.359958000000000     -1.367448000000000     -3.241760000000000
C      -3.188157000000000     -2.267238000000000     -1.865635000000000
C      -1.222332000000000      1.088063000000000     -3.129581000000000
C      -1.988068000000000     -0.132276000000000     -3.305037000000000
C      -1.546723000000000      3.014686000000000     -1.672799000000000
C      -2.086036000000000      2.052824000000000     -2.520817000000000
C      -1.237447000000000      3.643842000000000      0.556477000000000
C      -1.401668000000000      3.168747000000000      1.865334000000000
C      -2.568005000000000      2.389120000000000      2.203449000000000
C      -2.242007000000000      3.353828000000000     -0.436181000000000
C      -3.573392000000000      2.179266000000000      1.264882000000000
C      -3.405554000000000      2.675563000000000     -0.090213000000000
C      -3.861841000000000     -0.140507000000000      2.038692000000000
C      -3.806970000000000     -1.499386000000000      1.552188000000000
C      -4.133148000000000     -1.784178000000000      0.225326000000000
C      -4.245176000000000      0.896978000000000      1.189150000000000
C      -3.863097000000000     -0.984378000000000     -1.961022000000000
C      -3.289443000000000      0.053737000000000     -2.694595000000000
C      -3.349809000000000      1.413121000000000     -2.203728000000000
C      -3.981299000000000      1.695922000000000     -0.996401000000000
C      -4.474156000000000     -0.700267000000000     -0.676613000000000
C      -4.528933000000000      0.611611000000000     -0.204397000000000
Cl      5.462970000000000      0.554869000000000     -1.332376000000000
Cl      3.654529000000000      3.886398000000000     -0.372732000000000
Cl      4.913045000000000     -3.009396000000000      1.055102000000000
