66

C       3.763518000000000     -1.105021000000000      0.825642000000000
C       3.857313000000000     -0.687268000000000     -0.687646000000000
C       3.572794000000000      0.804026000000000     -0.684370000000000
C       3.392955000000000      0.186388000000000      1.526143000000000
C       3.392607000000000      1.286779000000000      0.648963000000000
C       2.333577000000000     -0.022130000000000      2.407622000000000
C       2.570700000000000     -1.975963000000000      1.159287000000000
C       1.880711000000000     -1.408874000000000      2.246604000000000
C       1.892004000000000     -2.780575000000000      0.222253000000000
C       2.717699000000000     -1.220888000000000     -1.520085000000000
C       1.972324000000000     -2.378948000000000     -1.208201000000000
C       2.545673000000000      1.097364000000000     -1.629619000000000
C       2.127477000000000     -0.163643000000000     -2.233701000000000
C       1.632363000000000      2.134493000000000     -1.480374000000000
C       2.483979000000000      2.317540000000000      0.877270000000000
C       1.850951000000000      3.078292000000000     -0.284120000000000
C       1.387585000000000      0.996588000000000      2.680710000000000
C       1.571731000000000      2.219011000000000      1.944342000000000
C       0.044361000000000      0.630744000000000      3.123987000000000
C       0.562790000000000     -1.787325000000000      2.586005000000000
C      -0.360630000000000     -0.785574000000000      3.123268000000000
C       0.684300000000000     -3.354745000000000      0.673695000000000
C       0.057791000000000     -2.913004000000000      1.888729000000000
C      -0.373333000000000     -3.757584000000000     -0.234695000000000
C       0.843427000000000     -2.610420000000000     -2.020851000000000
C      -0.294212000000000     -3.393122000000000     -1.570141000000000
C       0.874907000000000     -0.289424000000000     -2.871941000000000
C       0.340069000000000     -1.599412000000000     -2.909403000000000
C       0.355923000000000      2.076445000000000     -2.168906000000000
C      -0.008682000000000      0.867924000000000     -2.926725000000000
C      -0.687995000000000      2.931648000000000     -1.742160000000000
C       0.539625000000000      3.522287000000000      0.314561000000000
C       0.448781000000000      3.080503000000000      1.672068000000000
C      -0.604259000000000      3.598757000000000     -0.431987000000000
C      -0.969133000000000      1.612210000000000      3.037698000000000
C      -0.771296000000000      2.834462000000000      2.266967000000000
C      -2.354480000000000      1.264881000000000      2.913995000000000
C      -1.736973000000000     -1.091812000000000      3.082383000000000
C      -2.736669000000000     -0.066248000000000      2.947844000000000
C      -1.359407000000000     -3.143533000000000      1.777471000000000
C      -1.639487000000000     -3.670762000000000      0.457379000000000
C      -2.237000000000000     -2.266400000000000      2.380464000000000
C      -2.792144000000000     -3.271785000000000     -0.213988000000000
C      -1.477445000000000     -2.930778000000000     -2.258476000000000
C      -1.071119000000000     -1.815364000000000     -3.089856000000000
C      -2.709874000000000     -2.892023000000000     -1.610947000000000
C      -1.369724000000000      0.624704000000000     -3.210694000000000
C      -1.905079000000000     -0.729055000000000     -3.261879000000000
C      -2.059858000000000      2.593247000000000     -1.948574000000000
C      -2.404140000000000      1.470534000000000     -2.692164000000000
C      -1.896467000000000      3.490930000000000      0.202113000000000
C      -1.983397000000000      3.127350000000000      1.553267000000000
C      -2.988108000000000      2.181211000000000      1.977358000000000
C      -2.818899000000000      2.920978000000000     -0.748019000000000
C      -3.927981000000000      1.696770000000000      1.073756000000000
C      -3.841996000000000      2.078297000000000     -0.325859000000000
C      -3.789621000000000     -0.548119000000000      2.075330000000000
C      -3.480501000000000     -1.915339000000000      1.723933000000000
C      -3.738939000000000     -2.385584000000000      0.435750000000000
C      -4.350942000000000      0.311218000000000      1.132378000000000
C      -3.605618000000000     -1.771735000000000     -1.823825000000000
C      -3.222626000000000     -0.722008000000000     -2.659488000000000
C      -3.531155000000000      0.645236000000000     -2.302767000000000
C      -4.218221000000000      0.925726000000000     -1.124557000000000
C      -4.267099000000000     -1.477067000000000     -0.565172000000000
C      -4.564370000000000     -0.158414000000000     -0.224641000000000
67

C      -4.230641000000000     -0.302508000000000     -0.290555000000000
C      -3.885491000000000     -0.192346000000000      1.154373000000000
C      -3.573229000000000      1.156646000000000      1.494972000000000
C      -3.831443000000000      1.079959000000000     -0.808828000000000
C      -3.534739000000000      1.935784000000000      0.290022000000000
C      -2.913828000000000      0.950563000000000     -1.838117000000000
C      -3.254694000000000     -1.205287000000000     -0.996365000000000
C      -2.627917000000000     -0.482665000000000     -2.024832000000000
C      -2.583799000000000     -2.265779000000000     -0.337504000000000
C      -2.999276000000000     -1.069897000000000      1.812398000000000
C      -2.442682000000000     -2.203028000000000      1.141203000000000
C      -2.483778000000000      1.149680000000000      2.394793000000000
C      -2.167103000000000     -0.255316000000000      2.665156000000000
C      -1.435035000000000      2.104403000000000      2.289532000000000
C      -2.507107000000000      2.864020000000000      0.156924000000000
C      -1.554687000000000      3.066273000000000      1.229258000000000
C      -1.855927000000000      1.906447000000000     -2.042234000000000
C      -1.777568000000000      2.958861000000000     -1.087758000000000
C      -0.638125000000000      1.484288000000000     -2.736215000000000
C      -1.422515000000000     -0.921933000000000     -2.621809000000000
C      -0.437751000000000      0.062290000000000     -3.074373000000000
C      -1.534591000000000     -2.854599000000000     -1.072143000000000
C      -1.004046000000000     -2.224098000000000     -2.251223000000000
C      -0.447832000000000     -3.573366000000000     -0.437207000000000
C      -1.272394000000000     -2.733003000000000      1.710930000000000
C      -0.316119000000000     -3.505327000000000      0.942379000000000
C      -0.877672000000000     -0.654596000000000      3.040398000000000
C      -0.524367000000000     -1.996607000000000      2.702865000000000
C      -0.097313000000000      1.739661000000000      2.770355000000000
C       0.173755000000000      0.357889000000000      3.194571000000000
C       0.997208000000000      2.523938000000000      2.333572000000000
C      -0.381834000000000      3.650003000000000      0.649460000000000
C      -0.519689000000000      3.585545000000000     -0.796050000000000
C       0.856016000000000      3.454645000000000      1.225528000000000
C       0.514546000000000      2.294400000000000     -2.597350000000000
C       0.583421000000000      3.323841000000000     -1.576765000000000
C       1.844718000000000      1.764801000000000     -2.743423000000000
C       0.875363000000000     -0.402503000000000     -3.295694000000000
C       2.025521000000000      0.443905000000000     -3.106390000000000
C       0.366847000000000     -2.635746000000000     -2.399915000000000
C       0.724759000000000     -3.476346000000000     -1.275061000000000
C       1.282505000000000     -1.752413000000000     -2.933159000000000
C       1.995118000000000     -3.373208000000000     -0.714457000000000
C       0.995632000000000     -3.342514000000000      1.528232000000000
C       0.851581000000000     -2.400745000000000      2.620114000000000
C       2.133377000000000     -3.304396000000000      0.727792000000000
C       1.509246000000000     -0.098809000000000      3.196740000000000
C       1.848606000000000     -1.481748000000000      2.886409000000000
C       2.332938000000000      2.000921000000000      2.270907000000000
C       2.589995000000000      0.714827000000000      2.711474000000000
C       2.041668000000000      3.367030000000000      0.401361000000000
C       1.907691000000000      3.301292000000000     -0.989867000000000
C       2.710024000000000      2.368897000000000     -1.742366000000000
C       2.983631000000000      2.501180000000000      1.069355000000000
C       3.676125000000000      1.592780000000000     -1.107530000000000
C       3.815145000000000      1.660994000000000      0.335824000000000
C       3.094518000000000     -0.340151000000000     -2.515671000000000
C       2.633872000000000     -1.704212000000000     -2.410359000000000
C       2.973892000000000     -2.479124000000000     -1.299647000000000
C       3.885398000000000      0.215276000000000     -1.510904000000000
C       3.200416000000000     -2.370188000000000      1.031333000000000
C       3.072165000000000     -1.494917000000000      2.111370000000000
C       3.533942000000000     -0.130456000000000      2.000055000000000
C       4.110340000000000      0.323058000000000      0.817660000000000
C       3.743967000000000     -1.883172000000000     -0.222594000000000
C       4.188935000000000     -0.565961000000000     -0.327501000000000
Cl     -5.978714000000000     -0.786047000000000     -0.608277000000000
68

C      -3.986753000000000     -0.109674000000000     -0.785793000000000
C      -3.986680000000000     -0.109502000000000      0.785763000000000
C      -3.445291000000000      1.261693000000000      1.150395000000000
C      -3.445701000000000      1.261656000000000     -1.150925000000000
C      -3.246599000000000      2.063574000000000     -0.000251000000000
C      -2.443832000000000      1.152700000000000     -2.102186000000000
C      -2.942821000000000     -1.015888000000000     -1.396340000000000
C      -2.194002000000000     -0.278523000000000     -2.329614000000000
C      -2.388669000000000     -2.136160000000000     -0.744599000000000
C      -2.943179000000000     -1.015863000000000      1.396688000000000
C      -2.388663000000000     -2.135966000000000      0.744984000000000
C      -2.443697000000000      1.152959000000000      2.101907000000000
C      -2.194070000000000     -0.278260000000000      2.329700000000000
C      -1.349848000000000      2.078001000000000      2.164951000000000
C      -2.179087000000000      2.967077000000000     -0.000250000000000
C      -1.332826000000000      3.089772000000000      1.162740000000000
C      -1.349894000000000      2.077689000000000     -2.165320000000000
C      -1.332787000000000      3.089601000000000     -1.163272000000000
C      -0.084381000000000      1.639439000000000     -2.761916000000000
C      -0.958768000000000     -0.738703000000000     -2.834008000000000
C       0.098246000000000      0.227280000000000     -3.145700000000000
C      -1.291015000000000     -2.732746000000000     -1.399946000000000
C      -0.624256000000000     -2.071511000000000     -2.487957000000000
C      -0.294113000000000     -3.514499000000000     -0.693126000000000
C      -1.291021000000000     -2.732511000000000      1.400444000000000
C      -0.294128000000000     -3.514330000000000      0.693711000000000
C      -0.958852000000000     -0.738262000000000      2.834183000000000
C      -0.624261000000000     -2.071123000000000      2.488298000000000
C      -0.084380000000000      1.639911000000000      2.761667000000000
C       0.098201000000000      0.227801000000000      3.145646000000000
C       1.074439000000000      2.400284000000000      2.478756000000000
C      -0.087455000000000      3.655739000000000      0.725630000000000
C      -0.087437000000000      3.655654000000000     -0.726243000000000
C       1.077467000000000      3.383654000000000      1.408162000000000
C       1.074436000000000      2.399856000000000     -2.479132000000000
C       1.077483000000000      3.383386000000000     -1.408702000000000
C       2.393379000000000      1.827357000000000     -2.522685000000000
C       1.409644000000000     -0.277244000000000     -3.263077000000000
C       2.562616000000000      0.516212000000000     -2.925465000000000
C       0.740897000000000     -2.527322000000000     -2.523280000000000
C       0.958586000000000     -3.427504000000000     -1.409469000000000
C       1.733147000000000     -1.657082000000000     -2.924585000000000
C       2.170808000000000     -3.396941000000000     -0.725223000000000
C       0.958584000000000     -3.427271000000000      1.410052000000000
C       0.740898000000000     -2.526967000000000      2.523745000000000
C       2.170805000000000     -3.396828000000000      0.725800000000000
C       1.409599000000000     -0.276709000000000      3.263152000000000
C       1.733117000000000     -1.656605000000000      2.924859000000000
C       2.393369000000000      1.827788000000000      2.522411000000000
C       2.562566000000000      0.516691000000000      2.925391000000000
C       2.334453000000000      3.284496000000000      0.699364000000000
C       2.334479000000000      3.284385000000000     -0.699902000000000
C       3.174909000000000      2.353476000000000     -1.414590000000000
C       3.174889000000000      2.353704000000000      1.414220000000000
C       4.046273000000000      1.514933000000000     -0.726082000000000
C       4.046253000000000      1.515052000000000      0.725852000000000
C       3.541760000000000     -0.332892000000000     -2.270673000000000
C       3.027128000000000     -1.682822000000000     -2.273216000000000
C       3.231688000000000     -2.516774000000000     -1.172424000000000
C       4.247646000000000      0.148241000000000     -1.171267000000000
C       3.231665000000000     -2.516565000000000      1.172857000000000
C       3.027108000000000     -1.682447000000000      2.273515000000000
C       3.541721000000000     -0.332508000000000      2.270744000000000
C       4.247614000000000      0.148436000000000      1.171271000000000
C       3.911801000000000     -1.996387000000000      0.000173000000000
C       4.407703000000000     -0.694136000000000      0.000072000000000
Cl     -5.592346000000000     -0.456139000000000     -1.575220000000000
Cl     -5.592682000000000     -0.454439000000000      1.575261000000000
69

C       3.763518000000000     -1.105021000000000      0.825642000000000
C       3.857313000000000     -0.687268000000000     -0.687646000000000
C       3.572794000000000      0.804026000000000     -0.684370000000000
C       3.392955000000000      0.186388000000000      1.526143000000000
C       3.392607000000000      1.286779000000000      0.648963000000000
C       2.333577000000000     -0.022130000000000      2.407622000000000
C       2.570700000000000     -1.975963000000000      1.159287000000000
C       1.880711000000000     -1.408874000000000      2.246604000000000
C       1.892004000000000     -2.780575000000000      0.222253000000000
C       2.717699000000000     -1.220888000000000     -1.520085000000000
C       1.972324000000000     -2.378948000000000     -1.208201000000000
C       2.545673000000000      1.097364000000000     -1.629619000000000
C       2.127477000000000     -0.163643000000000     -2.233701000000000
C       1.632363000000000      2.134493000000000     -1.480374000000000
C       2.483979000000000      2.317540000000000      0.877270000000000
C       1.850951000000000      3.078292000000000     -0.284120000000000
C       1.387585000000000      0.996588000000000      2.680710000000000
C       1.571731000000000      2.219011000000000      1.944342000000000
C       0.044361000000000      0.630744000000000      3.123987000000000
C       0.562790000000000     -1.787325000000000      2.586005000000000
C      -0.360630000000000     -0.785574000000000      3.123268000000000
C       0.684300000000000     -3.354745000000000      0.673695000000000
C       0.057791000000000     -2.913004000000000      1.888729000000000
C      -0.373333000000000     -3.757584000000000     -0.234695000000000
C       0.843427000000000     -2.610420000000000     -2.020851000000000
C      -0.294212000000000     -3.393122000000000     -1.570141000000000
C       0.874907000000000     -0.289424000000000     -2.871941000000000
C       0.340069000000000     -1.599412000000000     -2.909403000000000
C       0.355923000000000      2.076445000000000     -2.168906000000000
C      -0.008682000000000      0.867924000000000     -2.926725000000000
C      -0.687995000000000      2.931648000000000     -1.742160000000000
C       0.539625000000000      3.522287000000000      0.314561000000000
C       0.448781000000000      3.080503000000000      1.672068000000000
C      -0.604259000000000      3.598757000000000     -0.431987000000000
C      -0.969133000000000      1.612210000000000      3.037698000000000
C      -0.771296000000000      2.834462000000000      2.266967000000000
C      -2.354480000000000      1.264881000000000      2.913995000000000
C      -1.736973000000000     -1.091812000000000      3.082383000000000
C      -2.736669000000000     -0.066248000000000      2.947844000000000
C      -1.359407000000000     -3.143533000000000      1.777471000000000
C      -1.639487000000000     -3.670762000000000      0.457379000000000
C      -2.237000000000000     -2.266400000000000      2.380464000000000
C      -2.792144000000000     -3.271785000000000     -0.213988000000000
C      -1.477445000000000     -2.930778000000000     -2.258476000000000
C      -1.071119000000000     -1.815364000000000     -3.089856000000000
C      -2.709874000000000     -2.892023000000000     -1.610947000000000
C      -1.369724000000000      0.624704000000000     -3.210694000000000
C      -1.905079000000000     -0.729055000000000     -3.261879000000000
C      -2.059858000000000      2.593247000000000     -1.948574000000000
C      -2.404140000000000      1.470534000000000     -2.692164000000000
C      -1.896467000000000      3.490930000000000      0.202113000000000
C      -1.983397000000000      3.127350000000000      1.553267000000000
C      -2.988108000000000      2.181211000000000      1.977358000000000
C      -2.818899000000000      2.920978000000000     -0.748019000000000
C      -3.927981000000000      1.696770000000000      1.073756000000000
C      -3.841996000000000      2.078297000000000     -0.325859000000000
C      -3.789621000000000     -0.548119000000000      2.075330000000000
C      -3.480501000000000     -1.915339000000000      1.723933000000000
C      -3.738939000000000     -2.385584000000000      0.435750000000000
C      -4.350942000000000      0.311218000000000      1.132378000000000
C      -3.605618000000000     -1.771735000000000     -1.823825000000000
C      -3.222626000000000     -0.722008000000000     -2.659488000000000
C      -3.531155000000000      0.645236000000000     -2.302767000000000
C      -4.218221000000000      0.925726000000000     -1.124557000000000
C      -4.267099000000000     -1.477067000000000     -0.565172000000000
C      -4.564370000000000     -0.158414000000000     -0.224641000000000
Cl      5.261081000000000     -1.868639000000000      1.529594000000000
Cl      5.431293000000000     -1.089368000000000     -1.523436000000000
Cl      2.878547000000000      4.540385000000000     -0.815595000000000
