67

C       3.605255000000000     -1.453608000000000      1.290477000000000
C       3.852062000000000     -1.401075000000000     -0.060091000000000
C       4.187712000000000      0.029736000000000     -0.485174000000000
C       3.604726000000000     -0.091799000000000      1.821407000000000
C       3.867415000000000      0.807258000000000      0.775131000000000
C       2.489277000000000      0.049348000000000      2.672977000000000
C       2.477408000000000     -2.146795000000000      1.821376000000000
C       1.821178000000000     -1.246701000000000      2.734907000000000
C       1.701966000000000     -2.986614000000000      0.970034000000000
C       2.928318000000000     -1.981667000000000     -0.952834000000000
C       1.932661000000000     -2.896339000000000     -0.481139000000000
C       3.137323000000000      0.268847000000000     -1.558121000000000
C       2.557042000000000     -0.964808000000000     -1.925886000000000
C       2.412789000000000      1.481000000000000     -1.666707000000000
C       3.118612000000000      1.953440000000000      0.696424000000000
C       2.542884000000000      2.409427000000000     -0.576726000000000
C       1.722241000000000      1.251396000000000      2.652276000000000
C       2.157436000000000      2.258443000000000      1.731127000000000
C       0.307651000000000      1.193818000000000      3.017095000000000
C       0.440525000000000     -1.338543000000000      2.988810000000000
C      -0.332609000000000     -0.112911000000000      3.230594000000000
C       0.391310000000000     -3.266437000000000      1.414228000000000
C      -0.214462000000000     -2.490867000000000      2.460081000000000
C      -0.660482000000000     -3.669352000000000      0.502323000000000
C       0.838843000000000     -3.108328000000000     -1.345749000000000
C      -0.436309000000000     -3.594930000000000     -0.867790000000000
C       1.327641000000000     -1.027169000000000     -2.629257000000000
C       0.574422000000000     -2.217931000000000     -2.456395000000000
C       1.179893000000000      1.480293000000000     -2.456167000000000
C       0.658767000000000      0.216871000000000     -2.987640000000000
C       0.260825000000000      2.542368000000000     -2.257531000000000
C       1.461015000000000      3.276390000000000     -0.255681000000000
C       1.221847000000000      3.193826000000000      1.180715000000000
C       0.380190000000000      3.414327000000000     -1.112083000000000
C      -0.517558000000000      2.282128000000000      2.637137000000000
C      -0.060883000000000      3.265337000000000      1.671060000000000
C      -1.930055000000000      2.134608000000000      2.441909000000000
C      -1.737133000000000     -0.203051000000000      3.110870000000000
C      -2.537933000000000      0.916105000000000      2.693425000000000
C      -1.638188000000000     -2.508977000000000      2.259352000000000
C      -1.929553000000000     -3.243453000000000      1.043980000000000
C      -2.388034000000000     -1.400772000000000      2.600507000000000
C      -2.953021000000000     -2.810721000000000      0.205046000000000
C      -1.477119000000000     -3.092077000000000     -1.735794000000000
C      -0.832883000000000     -2.241674000000000     -2.720233000000000
C      -2.719795000000000     -2.735027000000000     -1.225841000000000
C      -0.714074000000000      0.134832000000000     -3.332387000000000
C      -1.462144000000000     -1.093945000000000     -3.172306000000000
C      -1.143750000000000      2.396138000000000     -2.531681000000000
C      -1.624449000000000      1.221054000000000     -3.080558000000000
C      -0.947660000000000      3.668588000000000     -0.587227000000000
C      -1.167568000000000      3.595922000000000      0.791064000000000
C      -2.341993000000000      2.930037000000000      1.293678000000000
C      -1.901563000000000      3.076742000000000     -1.492711000000000
C      -3.303722000000000      2.429775000000000      0.419086000000000
C      -3.077032000000000      2.505058000000000     -1.012315000000000
C      -3.606207000000000      0.438856000000000      1.835902000000000
C      -3.510923000000000     -1.001570000000000      1.778974000000000
C      -3.770215000000000     -1.677588000000000      0.583947000000000
C      -3.958281000000000      1.166618000000000      0.701104000000000
C      -3.397826000000000     -1.553584000000000     -1.727200000000000
C      -2.797114000000000     -0.765868000000000     -2.709004000000000
C      -2.897363000000000      0.674423000000000     -2.649466000000000
C      -3.593352000000000      1.287349000000000     -1.609878000000000
C      -4.076048000000000     -0.916447000000000     -0.613775000000000
C      -4.169841000000000      0.473601000000000     -0.556461000000000
Cl      5.882790000000000      0.288237000000000     -1.127725000000000
68

C       2.894404000000000     -2.500833000000000      1.249295000000000
C       3.232713000000000     -2.336652000000000     -0.067125000000000
C       3.921507000000000     -0.989057000000000     -0.284839000000000
C       3.167005000000000     -1.248239000000000      1.957214000000000
C       3.711384000000000     -0.312054000000000      1.056506000000000
C       2.056623000000000     -0.959156000000000      2.767773000000000
C       1.608061000000000     -2.976339000000000      1.639262000000000
C       1.110841000000000     -2.066591000000000      2.636679000000000
C       0.721220000000000     -3.507365000000000      0.655608000000000
C       2.262634000000000     -2.582391000000000     -1.069452000000000
C       1.062300000000000     -3.302666000000000     -0.762076000000000
C       3.000198000000000     -0.377386000000000     -1.332359000000000
C       2.195280000000000     -1.420948000000000     -1.915688000000000
C       2.578996000000000      0.924187000000000     -1.318301000000000
C       3.257733000000000      0.976544000000000      1.109742000000000
C       3.069736000000000      1.820272000000000     -0.155616000000000
C       1.577969000000000      0.375114000000000      2.865194000000000
C       2.287224000000000      1.347225000000000      2.082625000000000
C       0.170769000000000      0.608842000000000      3.173493000000000
C      -0.267986000000000     -1.863604000000000      2.824267000000000
C      -0.760103000000000     -0.530286000000000      3.196290000000000
C      -0.644852000000000     -3.526696000000000      1.009654000000000
C      -1.129911000000000     -2.761580000000000      2.125660000000000
C      -1.697971000000000     -3.562454000000000      0.014931000000000
C       0.008064000000000     -3.153247000000000     -1.688775000000000
C      -1.376168000000000     -3.384091000000000     -1.323922000000000
C       1.042562000000000     -1.111966000000000     -2.659535000000000
C       0.024815000000000     -2.109751000000000     -2.676800000000000
C       1.441351000000000      1.317227000000000     -2.139474000000000
C       0.692539000000000      0.288397000000000     -2.861850000000000
C       0.797038000000000      2.548051000000000     -1.868610000000000
C       1.989605000000000      2.784847000000000      0.275995000000000
C       1.626295000000000      2.541901000000000      1.637056000000000
C       1.038079000000000      3.242092000000000     -0.593437000000000
C      -0.358491000000000      1.897936000000000      2.918473000000000
C       0.368050000000000      2.863227000000000      2.113029000000000
C      -1.752558000000000      2.108419000000000      2.660940000000000
C      -2.137114000000000     -0.277198000000000      3.018680000000000
C      -2.633102000000000      1.041352000000000      2.722146000000000
C      -2.503547000000000     -2.425113000000000      1.875109000000000
C      -2.870969000000000     -2.919630000000000      0.561769000000000
C      -3.003796000000000     -1.220622000000000      2.330165000000000
C      -3.710374000000000     -2.164160000000000     -0.250469000000000
C      -2.216965000000000     -2.555569000000000     -2.157437000000000
C      -1.332978000000000     -1.769094000000000     -2.998269000000000
C      -3.375496000000000     -1.977908000000000     -1.649201000000000
C      -0.630346000000000      0.572582000000000     -3.278438000000000
C      -1.650809000000000     -0.462442000000000     -3.315299000000000
C      -0.570351000000000      2.759311000000000     -2.204202000000000
C      -1.276649000000000      1.796498000000000     -2.920415000000000
C      -0.234198000000000      3.715365000000000     -0.097873000000000
C      -0.564367000000000      3.541583000000000      1.252959000000000
C      -1.893276000000000      3.110252000000000      1.613696000000000
C      -1.228254000000000      3.468671000000000     -1.111066000000000
C      -2.873666000000000      2.950012000000000      0.639607000000000
C      -2.532929000000000      3.136839000000000     -0.760491000000000
C      -3.718647000000000      0.932243000000000      1.769088000000000
C      -3.949132000000000     -0.474099000000000      1.526123000000000
C      -4.271958000000000     -0.921305000000000      0.243865000000000
C      -3.815662000000000      1.851731000000000      0.725496000000000
C      -3.730032000000000     -0.618491000000000     -2.015346000000000
C      -2.900871000000000      0.115638000000000     -2.862748000000000
C      -2.667293000000000      1.521630000000000     -2.615852000000000
C      -3.272662000000000      2.153988000000000     -1.532906000000000
C      -4.316737000000000      0.024816000000000     -0.854203000000000
C      -4.091417000000000      1.381410000000000     -0.619240000000000
Cl      5.645967000000000     -1.075736000000000     -0.862252000000000
Cl      4.605789000000000      2.717188000000000     -0.650834000000000
69

C       3.450077000000000     -1.953742000000000      0.646135000000000
C       3.474432000000000     -1.371316000000000     -0.721128000000000
C       3.803749000000000      0.111747000000000     -0.704028000000000
C       3.326588000000000     -0.697519000000000      1.484695000000000
C       3.546600000000000      0.460819000000000      0.736846000000000
C       2.247902000000000     -0.800583000000000      2.369217000000000
C       2.144974000000000     -2.651311000000000      0.950722000000000
C       1.555529000000000     -2.062501000000000      2.087627000000000
C       1.319983000000000     -3.197123000000000     -0.062540000000000
C       2.460645000000000     -1.629525000000000     -1.622525000000000
C       1.480322000000000     -2.674960000000000     -1.433845000000000
C       2.691143000000000      0.688080000000000     -1.574337000000000
C       2.068532000000000     -0.392401000000000     -2.273423000000000
C       2.001200000000000      1.841885000000000     -1.301502000000000
C       2.835294000000000      1.596897000000000      1.053300000000000
C       2.379952000000000      2.599994000000000     -0.011253000000000
C       1.503542000000000      0.343460000000000      2.738451000000000
C       1.914246000000000      1.573588000000000      2.122369000000000
C       0.111567000000000      0.194920000000000      3.164341000000000
C       0.182137000000000     -2.215681000000000      2.394725000000000
C      -0.546730000000000     -1.113570000000000      3.028931000000000
C       0.025051000000000     -3.585780000000000      0.341044000000000
C      -0.519750000000000     -3.155909000000000      1.598699000000000
C      -1.075297000000000     -3.687056000000000     -0.595497000000000
C       0.357211000000000     -2.611381000000000     -2.260704000000000
C      -0.911303000000000     -3.210236000000000     -1.888941000000000
C       0.821784000000000     -0.243015000000000     -2.902347000000000
C       0.054934000000000     -1.432032000000000     -3.058672000000000
C       0.732668000000000      2.089750000000000     -1.975378000000000
C       0.162765000000000      1.052643000000000     -2.836876000000000
C      -0.139295000000000      3.072653000000000     -1.448313000000000
C       1.160227000000000      3.206659000000000      0.643733000000000
C       0.977725000000000      2.652480000000000      1.948462000000000
C       0.057598000000000      3.574751000000000     -0.077985000000000
C      -0.699022000000000      1.352105000000000      3.182623000000000
C      -0.271235000000000      2.584469000000000      2.533312000000000
C      -2.123830000000000      1.282849000000000      3.038884000000000
C      -1.956578000000000     -1.153057000000000      2.971382000000000
C      -2.746211000000000      0.049193000000000      2.944830000000000
C      -1.953932000000000     -3.103978000000000      1.474076000000000
C      -2.311504000000000     -3.436097000000000      0.109029000000000
C      -2.658833000000000     -2.139461000000000      2.163416000000000
C      -3.358256000000000     -2.762369000000000     -0.513764000000000
C      -1.976589000000000     -2.466938000000000     -2.518827000000000
C      -1.359958000000000     -1.367448000000000     -3.241760000000000
C      -3.188157000000000     -2.267238000000000     -1.865635000000000
C      -1.222332000000000      1.088063000000000     -3.129581000000000
C      -1.988068000000000     -0.132276000000000     -3.305037000000000
C      -1.546723000000000      3.014686000000000     -1.672799000000000
C      -2.086036000000000      2.052824000000000     -2.520817000000000
C      -1.237447000000000      3.643842000000000      0.556477000000000
C      -1.401668000000000      3.168747000000000      1.865334000000000
C      -2.568005000000000      2.389120000000000      2.203449000000000
C      -2.242007000000000      3.353828000000000     -0.436181000000000
C      -3.573392000000000      2.179266000000000      1.264882000000000
C      -3.405554000000000      2.675563000000000     -0.090213000000000
C      -3.861841000000000     -0.140507000000000      2.038692000000000
C      -3.806970000000000     -1.499386000000000      1.552188000000000
C      -4.133148000000000     -1.784178000000000      0.225326000000000
C      -4.245176000000000      0.896978000000000      1.189150000000000
C      -3.863097000000000     -0.984378000000000     -1.961022000000000
C      -3.289443000000000      0.053737000000000     -2.694595000000000
C      -3.349809000000000      1.413121000000000     -2.203728000000000
C      -3.981299000000000      1.695922000000000     -0.996401000000000
C      -4.474156000000000     -0.700267000000000     -0.676613000000000
C      -4.528933000000000      0.611611000000000     -0.204397000000000
Cl      5.462970000000000      0.554869000000000     -1.332376000000000
Cl      3.654529000000000      3.886398000000000     -0.372732000000000
Cl      4.913045000000000     -3.009396000000000      1.055102000000000
