65
 energy: -151.232018953736 gnorm: 0.059199628781 xtb: 6.4.1 (a3dbbd7)
C        -1.30877878210789    0.01008895477141    3.58556958147297
C        -0.39266621833676   -1.15128719995550    3.23540381721371
C         0.87856185496969   -0.73087257842727    3.12404634078552
C         0.88695880503130    0.72854479764152    3.15057054827676
C        -0.40105876265872    1.16790910388767    3.27708359814125
C         2.28545837459126   -2.56261647909646    0.56546931864066
C         3.13812176959618   -1.39856561579339    0.56429521423561
C         2.92759046914292   -0.71158908377022    1.78399352768952
C         2.06878059278326   -1.52904066768128    2.71444770405845
C         1.55740314890142   -2.60973489055104    1.79380975644550
C         3.14014897798923    1.39234027678399    0.55030183280565
C         2.29796507195465    2.55364753254200    0.55167024155570
C         1.54966140148705    2.59332415161439    1.78068645986474
C         1.93502844388237    1.41784052704205    2.51197151777585
C         2.90948632005785    0.67159211296993    1.78429243234149
C        -0.34620466404342    3.42795083870882    0.57311570555696
C        -1.70598251256105    2.96230004387405    0.56464622074135
C        -1.95655676188094    2.27918646503151    1.80065896749845
C        -0.81217275871874    2.49013175929920    2.75240384968439
C         0.24094886710325    3.02803627327175    1.80575582106134
C        -3.29001006832639    0.71203727043395    0.57174774364117
C        -3.27958601223049   -0.70964087313177    0.57478159909911
C        -2.70897360995395   -1.16195614723342    1.81638030037888
C        -2.62454447122283    0.00824150664396    2.77229455738797
C        -2.72867852333235    1.16969958778277    1.81294738031804
C        -1.69521550130462   -2.95113342073211    0.56755953462181
C        -0.34141581907073   -3.40733129686519    0.57012415400359
C         0.26243243866588   -3.01247440195475    1.80968228875654
C        -0.79703197352953   -2.49202643534769    2.75092861082632
C        -1.94712887002886   -2.27820327892546    1.80645365958834
C        -0.23083712386229   -2.98401577404208   -1.85968498575695
C         0.75082919315993   -2.27171608692789   -2.63335871989760
C         1.96054310558394   -2.26940282447884   -1.85896871643267
C         1.71838111959812   -2.96596994126260   -0.62610209132761
C         0.36323035580644   -3.40410870352287   -0.61934347473985
C         2.77783493362638   -1.15351254441531   -1.85236253732537
C         2.40831680989170    0.00709077588626   -2.62950148959797
C         2.78099769845979    1.16240729057524   -1.86464000134720
C         3.36916011269971    0.71665929656698   -0.62792127967508
C         3.37025863522997   -0.71643594686407   -0.62801836279711
C         1.96784175840137    2.28292892828672   -1.86581720785740
C         0.75423929144542    2.28629032937539   -2.62958946057803
C        -0.23079312416548    2.99970930598207   -1.85391418017088
C         0.36916443747244    3.42869756451798   -0.62510926222746
C         1.72688104609331    2.98216297633558   -0.63089796589028
C        -1.54456435069650    2.56624094314918   -1.85998104533752
C        -1.92283750270202    1.41544824163231   -2.63312900633234
C        -2.89659888577078    0.69541445586274   -1.85274921933655
C        -3.10149326709930    1.39181416297435   -0.61546762573977
C        -2.27329601446974    2.55309519596097   -0.62265514968111
C        -2.89256646801145   -0.68575207988053   -1.85077804917932
C        -1.92416009746965   -1.40367922775345   -2.63394551381496
C        -1.54336610663883   -2.55497998813249   -1.85972350309060
C        -2.26956807987341   -2.54559846170481   -0.62190693955649
C        -3.09596086357549   -1.38643413208781   -0.61331740401757
C        -0.97779129491963   -0.71313159694588   -3.37202480598638
C        -0.97831275069740    0.72612270571240   -3.37278446910193
C         0.39167243357043    1.17221697286076   -3.36537923331491
C         1.23756155255383    0.00694312288434   -3.36506225289842
C         0.38966226873945   -1.15816746964821   -3.37128891476961
Cl       -1.62521755628902   -0.00357494812483    5.37239195223981
Cl       -4.08835239161779    0.00623015491239    3.81899782590607
Cl        2.94363846524619   -2.16171220808222    4.16363424226609
Cl       -1.16612845391267   -3.57987594512251    4.13669892759126
Cl       -1.23182742911105    3.57141065042968    4.14786562582606
65
 energy: -151.239064167668 gnorm: 0.025847444332 xtb: 6.4.1 (a3dbbd7)
C        -1.29992746466818    0.00603120786179    3.55063114338467
C        -0.37697736101358   -1.16333914839061    3.24362612010500
C         0.89335785784249   -0.73132654542384    3.15473789130846
C         0.90205351089923    0.72963773178115    3.16630717760690
C        -0.39004389207434    1.17578492311824    3.27303663319964
C         2.29682716383020   -2.56988547192245    0.56626946157963
C         3.14263889070931   -1.39805494131143    0.57049098182910
C         2.93476826459898   -0.70314486662347    1.78797343419730
C         2.07011694271680   -1.52940171657317    2.71095997383223
C         1.56279293810176   -2.61734201432372    1.79148101243638
C         3.15312179985719    1.40536929363926    0.55620953853719
C         2.31402125377245    2.57429368823128    0.55469864105680
C         1.55912424847032    2.59785191833841    1.78213237086825
C         1.94154122582718    1.42866159571910    2.52819559679061
C         2.91089786855010    0.68285248986971    1.78443458111341
C        -0.34579341147263    3.43987893516073    0.57361821925928
C        -1.71175725552048    2.98018254131662    0.56662810314448
C        -1.96292723750783    2.29042194924596    1.79719953423332
C        -0.80574321221516    2.49809779867352    2.74403885451270
C         0.25071934883746    3.04936951855007    1.80524823687852
C        -3.31580640212730    0.71777261029721    0.56994902969575
C        -3.31042758981124   -0.71313298110592    0.57127434427282
C        -2.72947738415736   -1.16595225633394    1.80240578339172
C        -2.63059280138569    0.00515116882773    2.75624617030406
C        -2.73936620352114    1.17313356208534    1.80133915334982
C        -1.70718411297815   -2.97033485934572    0.56677189580770
C        -0.34595366333068   -3.42686329012528    0.56866211111670
C         0.26269466907380   -3.03413421225970    1.80500223788880
C        -0.79976061141779   -2.50153480134010    2.74838511977248
C        -1.95792856579383   -2.28738828018607    1.80055034012926
C        -0.23610575521682   -3.00156246822427   -1.85761274029603
C         0.75248324183264   -2.28287891736585   -2.62124896045530
C         1.97132387273941   -2.28120986402604   -1.85618928000090
C         1.72853280297081   -2.98905880450525   -0.62641530541787
C         0.36823089640223   -3.43066093530023   -0.62292370634095
C         2.78732171808783   -1.15846567306958   -1.84911403633772
C         2.41453365889800    0.00593253969793   -2.61830906287556
C         2.79115101107049    1.16810139942578   -1.85806684197684
C         3.38770121073499    0.72155693723193   -0.62418534103486
C         3.38355969974936   -0.71463411131999   -0.62287983565681
C         1.97681433964403    2.29182704408787   -1.85963252545428
C         0.75537564349243    2.29278162029373   -2.61905273622190
C        -0.23344444479809    3.01094357432462   -1.85094584923312
C         0.37412416651725    3.44543603390467   -0.62350981589012
C         1.73900402754459    3.00521204449805   -0.62958701510408
C        -1.55239944464130    2.58052785615086   -1.85672646356108
C        -1.93183751402331    1.42004500841597   -2.62002999923248
C        -2.91517337635619    0.69766784376066   -1.85159686419743
C        -3.12608797967363    1.40547581555849   -0.61811089245534
C        -2.29132556490760    2.56842648138414   -0.62204305888243
C        -2.91377090939677   -0.68895413617263   -1.85124780536341
C        -1.93464038802728   -1.41091893800374   -2.62204537751355
C        -1.55375833455451   -2.57195991280420   -1.85818878353853
C        -2.29099798730407   -2.56142601076169   -0.62314416052929
C        -3.12415682478434   -1.39906399551600   -0.61783308631317
C        -0.98111348711148   -0.71584910769543   -3.35682695269086
C        -0.98118508782884    0.72554653806729   -3.35650659883375
C         0.39049184472296    1.17202894612620   -3.35323059784422
C         1.23706824806308    0.00532813661998   -3.35277320594838
C         0.38848395189198   -1.16183890447829   -3.35640940869459
Cl       -1.57108637117995   -0.02300258539352    5.34152714310921
Cl       -4.10239833754449    0.00162017079832    3.79516570251236
Cl        2.95998131819388   -2.15570083084059    4.15033933216296
Cl       -1.17973162164182   -3.61961557389045    4.10982536154483
Cl       -1.22289435411241    3.62490125931289    4.10828306748046
65
 energy: -151.240122940498 gnorm: 0.009076729869 xtb: 6.4.1 (a3dbbd7)
C        -1.29580353354296    0.00331174226729    3.53133089828972
C        -0.37052761842372   -1.16725304747794    3.23786980868596
C         0.90031807671880   -0.73038698104951    3.17210327813662
C         0.90905252545909    0.72896380980899    3.17740901053356
C        -0.38633792786246    1.17945338733099    3.26875530623699
C         2.30148111618073   -2.57126153833594    0.56761367844517
C         3.14354662742788   -1.39727069301129    0.57443883919071
C         2.93607095459177   -0.69794478204662    1.78991357286972
C         2.07058663989527   -1.52900498599273    2.71233119838044
C         1.56341619131840   -2.61539802471196    1.78928121359887
C         3.15898295323586    1.41173509262803    0.56081556924400
C         2.32138737608417    2.58440906777108    0.55731806163877
C         1.56226892166890    2.59750392377920    1.78213654148076
C         1.94271046791192    1.43487935233085    2.53836578358887
C         2.90937746661801    0.68891170402271    1.78388687523630
C        -0.34733157183953    3.44520217885353    0.57125997701198
C        -1.71539310417014    2.98770007063956    0.56610716165411
C        -1.96615627819224    2.29426163861448    1.79252321197358
C        -0.80243674545067    2.49870293338046    2.73599989102202
C         0.25456876613780    3.05684219063727    1.80020460362170
C        -3.32961118491050    0.72053943327231    0.56891043930804
C        -3.32737287775918   -0.71570970194196    0.56910776319774
C        -2.73922699822944   -1.16760314989169    1.79189689258796
C        -2.62465880108382    0.00272158514653    2.74589762452417
C        -2.74313133098681    1.17324293448590    1.79232369009617
C        -1.71346258449309   -2.97964137749220    0.56545514368040
C        -0.34843414815885   -3.43606689788797    0.56712441476171
C         0.26220422567317   -3.04141459741255    1.79848018667043
C        -0.80200837676333   -2.50284313725376    2.74252212631784
C        -1.96324923590018   -2.29031051476140    1.79421639382037
C        -0.23843089485747   -3.00866455903501   -1.85470241422531
C         0.75368753789286   -2.28758034288526   -2.61250949574143
C         1.97621811656912   -2.28645628055226   -1.85197761799320
C         1.73356392745844   -3.00266896741576   -0.62491835121160
C         0.37178179458893   -3.44621563310743   -0.62459043019486
C         2.79047118203628   -1.16022738175294   -1.84490444934764
C         2.41717871794998    0.00535260239100   -2.60903350935668
C         2.79594442109672    1.17143754037745   -1.85212501956391
C         3.39747755145609    0.72356039264606   -0.62059417808187
C         3.39132139358012   -0.71329516407357   -0.61853358533935
C         1.98150062366674    2.29626343708683   -1.85441719603270
C         0.75593108321560    2.29498110541679   -2.61107183126711
C        -0.23513070296379    3.01442108261289   -1.84861627734462
C         0.37629877085410    3.45617019452665   -0.62346331895327
C         1.74418747441742    3.01739905190808   -0.62783995886737
C        -1.55631162475867    2.58601961525707   -1.85424068885493
C        -1.93584154361728    1.42109427127100   -2.61232819701986
C        -2.92367636073357    0.69784959958212   -1.85105521112648
C        -3.14054816919224    1.41291208721423   -0.62024390446954
C        -2.30355651594311    2.57559679528314   -0.62261789365379
C        -2.92384191603750   -0.69080076783503   -1.85159377715773
C        -1.93842463667959   -1.41384284432188   -2.61442517395097
C        -1.55803675868458   -2.57912209336043   -1.85614730230683
C        -2.30396170319733   -2.56960934127400   -0.62401645672479
C        -3.14030838780359   -1.40698142770513   -0.62090466476050
C        -0.98085893629604   -0.71652475755298   -3.34558959638099
C        -0.98103147404274    0.72466774390289   -3.34503382285179
C         0.39046476880614    1.17099193873090   -3.34313700458357
C         1.23696690048687    0.00462148559862   -3.34235866979132
C         0.38882490035150   -1.16265576405537   -3.34488869053757
Cl       -1.58502846561382   -0.03334462084123    5.31838035326643
Cl       -4.06793000448666    0.00067579553211    3.82629995342051
Cl        2.98592218359224   -2.16608887109737    4.13170293591800
Cl       -1.19281268970795   -3.64659881341697    4.08215403560962
Cl       -1.21375787101312    3.66960530298548    4.07100024419030
65
 energy: -151.240224853021 gnorm: 0.005519028075 xtb: 6.4.1 (a3dbbd7)
C        -1.29621155556288    0.00239389715027    3.53295922695682
C        -0.37056818456404   -1.16600966637926    3.23296469140605
C         0.90104207876001   -0.72955245905103    3.17665385335902
C         0.90931949508003    0.72793808250833    3.18041094712043
C        -0.38738849810802    1.17913468839772    3.26751586403207
C         2.30116127373215   -2.57017265637212    0.56903426923370
C         3.14281708541838   -1.39690709771434    0.57575363252617
C         2.93502344012052   -0.69622975583197    1.79021089256655
C         2.06988004893752   -1.52818867908115    2.71372953488756
C         1.56187777729696   -2.61223543885356    1.78919194234025
C         3.15945803893968    1.41280497816048    0.56259335088290
C         2.32192136609634    2.58597297594082    0.55863799549927
C         1.56166199628424    2.59612122930950    1.78214454195297
C         1.94101502091858    1.43617823477640    2.54054584643162
C         2.90813594218387    0.69027011976477    1.78344742959020
C        -0.34905258618256    3.44523548158231    0.57030078207363
C        -1.71672783648099    2.98754608904273    0.56638790514059
C        -1.96737654982614    2.29316242686119    1.79149876312259
C        -0.80227807005457    2.49553728871616    2.73349129661114
C         0.25412844064972    3.05526302522030    1.79727508539305
C        -3.33198598663831    0.72089577374918    0.56852220814901
C        -3.33059103938542   -0.71625292469805    0.56856600755404
C        -2.74096764709914   -1.16599786351838    1.78894727869243
C        -2.62681442888116    0.00213790029393    2.74714920748295
C        -2.74314840456305    1.17097637283265    1.78932380605561
C        -1.71507856898468   -2.98007470148051    0.56605817045599
C        -0.34957450946546   -3.43654666794627    0.56754120245204
C         0.26112209006456   -3.04024758254556    1.79618694862091
C        -0.80330783764935   -2.49986258515836    2.74063244819834
C        -1.96458441780148   -2.28874483202978    1.79281894636775
C        -0.23890892579224   -3.00890259752235   -1.85264677288686
C         0.75381687084176   -2.28777440280697   -2.60906562113582
C         1.97645848776421   -2.28693089970223   -1.84911872215739
C         1.73376856236860   -3.00596417040331   -0.62300423949398
C         0.37241069752326   -3.44962594678255   -0.62386746161960
C         2.78990123774834   -1.16021253145933   -1.84254471849531
C         2.41714310750125    0.00512787614621   -2.60528144029846
C         2.79629786107384    1.17224095786248   -1.84943331235610
C         3.39928149272999    0.72364584597267   -0.61894495143750
C         3.39320463956175   -0.71275783711829   -0.61657506027959
C         1.98203361947984    2.29693472883638   -1.85195228307178
C         0.75573152211924    2.29479333002380   -2.60803608422105
C        -0.23575451439545    3.01396216701703   -1.84746607016580
C         0.37613363561099    3.45916706596257   -0.62318587769390
C         1.74414641605570    3.01973170515462   -0.62652104102526
C        -1.55694539325914    2.58616032967602   -1.85293864798151
C        -1.93608863900693    1.42066719031945   -2.61022901978515
C        -2.92452781301670    0.69739437645485   -1.85101935776398
C        -3.14384796159059    1.41450486569448   -0.62099874515014
C        -2.30733156068438    2.57635626448477   -0.62254884810364
C        -2.92509176023866   -0.69114572385390   -1.85166169779285
C        -1.93811458653276   -1.41394907765089   -2.61199544738744
C        -1.55831929946676   -2.57957119773232   -1.85459743767490
C        -2.30742844005295   -2.57073286494009   -0.62351817593721
C        -3.14383274352082   -1.40897307226708   -0.62165201044824
C        -0.97979876452762   -0.71629185112629   -3.34177663088665
C        -0.98013547873894    0.72422839496215   -3.34136655425247
C         0.39068183903041    1.17037533435936   -3.33932700015407
C         1.23691770996353    0.00450543949222   -3.33834138637527
C         0.38930634298337   -1.16227001254965   -3.34063047395700
Cl       -1.53291935271030   -0.04063180851680    5.33115509117996
Cl       -4.09392146896219    0.00207350670188    3.79691829738331
Cl        2.99995221977515   -2.17488417102222    4.12062125268946
Cl       -1.19804493562200   -3.65249099366932    4.07225336322896
Cl       -1.20999991370317    3.68590815409859    4.05606100086951
65
 energy: -151.240345129903 gnorm: 0.002289432171 xtb: 6.4.1 (a3dbbd7)
C        -1.29683571212415    0.00284671444392    3.53200086599894
C        -0.37086183513973   -1.16604186032265    3.23406367142191
C         0.90071493982079   -0.72986299262418    3.17561760663124
C         0.90853513954966    0.72809636746021    3.17973491507757
C        -0.38770219569313    1.17945928056294    3.26897020401930
C         2.30034483365411   -2.56967910917711    0.56885823232427
C         3.14266826746304   -1.39699442303054    0.57492925897704
C         2.93472901120182   -0.69690359331606    1.78966559075700
C         2.06998281186176   -1.52819886653873    2.71358420424189
C         1.56189984378853   -2.61231905212798    1.78964356477779
C         3.15849651775239    1.41156427465489    0.56179554826616
C         2.32077647121127    2.58405975935663    0.55813419118084
C         1.56143825498977    2.59602244793910    1.78212719655020
C         1.94067960067138    1.43520152003289    2.53883783758833
C         2.90861721057402    0.68923449534630    1.78337723925645
C        -0.34873602182937    3.44429589070470    0.57039554441847
C        -1.71598978471869    2.98646245787377    0.56651988253466
C        -1.96669547486176    2.29292789479174    1.79228323753288
C        -0.80223983749753    2.49498978317605    2.73433698222622
C         0.25382483367456    3.05338220030157    1.79733025136987
C        -3.32982898027221    0.72055925687309    0.56902835381444
C        -3.32792941273295   -0.71603888645946    0.56932010586324
C        -2.73971064773935   -1.16657448709016    1.79072635069503
C        -2.62595636855248    0.00258406485396    2.74732040266811
C        -2.74276368254610    1.17163314580430    1.79061191208585
C        -1.71376360972495   -2.97864683793746    0.56633593784704
C        -0.34891479992181   -3.43489228855548    0.56770492609241
C         0.26160993350582   -3.03894953339822    1.79682554248252
C        -0.80228774651356   -2.49936280974308    2.74143711662345
C        -1.96324367918787   -2.28855014111853    1.79381921596740
C        -0.23848705961512   -3.00744559343029   -1.85309410233366
C         0.75354174947784   -2.28668442954712   -2.61042053575692
C         1.97551903124043   -2.28583777307253   -1.84966629302259
C         1.73284769103063   -3.00372821087553   -0.62311173878310
C         0.37203963467634   -3.44705888586798   -0.62365544560831
C         2.78914675868296   -1.15983412011236   -1.84327712057836
C         2.41646634722235    0.00514578608820   -2.60677661053893
C         2.79533493222341    1.17162526311850   -1.85038385521659
C         3.39768168830580    0.72317904628778   -0.61964463145563
C         3.39210191750105   -0.71287710815889   -0.61733716150353
C         1.98114101646903    2.29602282994755   -1.85274948565258
C         0.75550713837354    2.29425010960744   -2.60934364427217
C        -0.23545282929708    3.01320728584060   -1.84794629340653
C         0.37595272087676    3.45763436212954   -0.62338821757594
C         1.74321871803332    3.01752150164567   -0.62679820857519
C        -1.55616625048482    2.58512550025917   -1.85314054609923
C        -1.93530842702180    1.42034081405320   -2.61121361077280
C        -2.92286225781914    0.69726975383402   -1.85080054466214
C        -3.14144289744928    1.41342358685424   -0.62038924415621
C        -2.30546913905218    2.57514857874055   -0.62228332568121
C        -2.92317188514376   -0.69077943851549   -1.85126872373494
C        -1.93727149532758   -1.41326254226890   -2.61294167107777
C        -1.55740919901629   -2.57817395570349   -1.85475515526048
C        -2.30533485091030   -2.56932098052624   -0.62315674604833
C        -3.14109267370664   -1.40785278498155   -0.62083962372542
C        -0.97981371519016   -0.71606552096502   -3.34345448626881
C        -0.98013228987649    0.72435652078629   -3.34309236588753
C         0.39058127480053    1.17049803116244   -3.34097327058404
C         1.23680429015033    0.00463213317385   -3.34007353065192
C         0.38918122350206   -1.16195655997686   -3.34245260796518
Cl       -1.55717338213720   -0.04026904828025    5.32589322242216
Cl       -4.08590159416393    0.00285259602814    3.80693918182321
Cl        2.99852719904963   -2.17483497071061    4.12129324419636
Cl       -1.19482371340608   -3.64839932397825    4.07611552517939
Cl       -1.21005486911646    3.68105690242007    4.06010972446237
65
 energy: -151.240351928436 gnorm: 0.001015627623 xtb: 6.4.1 (a3dbbd7)
C        -1.29695474479458    0.00286908319843    3.53165646569219
C        -0.37085907520319   -1.16596234321031    3.23366902278643
C         0.90088401546283   -0.72981155518097    3.17635916866383
C         0.90841264481166    0.72811421442465    3.18045656787476
C        -0.38796586294517    1.17974048056194    3.26959782729368
C         2.30007774759479   -2.56945686023935    0.56905288279298
C         3.14251202156859   -1.39699808390883    0.57492734788153
C         2.93431713100391   -0.69679784787518    1.78961921181167
C         2.06978500512130   -1.52809622302410    2.71379810747676
C         1.56161964780657   -2.61197701080812    1.78986182383752
C         3.15823611752910    1.41137353172096    0.56187095317850
C         2.32056061815308    2.58374954718398    0.55816131504689
C         1.56132119569666    2.59588222914196    1.78224802807948
C         1.94016780202803    1.43514326593000    2.53875429889087
C         2.90855700978531    0.68914026901205    1.78342873736498
C        -0.34897802648834    3.44400809235967    0.57024200418255
C        -1.71611017537760    2.98625191489053    0.56657072633820
C        -1.96680007333103    2.29284868509165    1.79235768066465
C        -0.80222895321054    2.49417597002362    2.73405551164360
C         0.25361627398271    3.05254152389765    1.79680927002377
C        -3.32970945302105    0.72049045010750    0.56898527658525
C        -3.32781924851012   -0.71610681010426    0.56936598066975
C        -2.73992660268788   -1.16669252049857    1.79081750410526
C        -2.62525352905271    0.00269501587433    2.74720100429998
C        -2.74276774867196    1.17158100938018    1.79036818000536
C        -1.71372258676849   -2.97833636933179    0.56639218685049
C        -0.34899888035113   -3.43449682952003    0.56768165662749
C         0.26151645376249   -3.03845329651927    1.79655511723960
C        -0.80226039856486   -2.49872100775622    2.74134652173350
C        -1.96319780793351   -2.28839299133829    1.79384459678813
C        -0.23842339144930   -3.00711206928788   -1.85313581507987
C         0.75355898859712   -2.28640442779197   -2.61046252301028
C         1.97537718358251   -2.28559466161323   -1.84946906168827
C         1.73257122646817   -3.00352354042111   -0.62285652234989
C         0.37200948815330   -3.44674636065736   -0.62357958945234
C         2.78895556848034   -1.15976441172700   -1.84322056120324
C         2.41634437424338    0.00507357544374   -2.60678429792871
C         2.79515435845087    1.17153557392567   -1.85030946486817
C         3.39747086065204    0.72306814020310   -0.61958630523084
C         3.39204872450305   -0.71278873299861   -0.61720542226076
C         1.98096922695279    2.29580937293777   -1.85266523222992
C         0.75545013539765    2.29407514246022   -2.60946888998273
C        -0.23543103851360    3.01298407428060   -1.84810251580187
C         0.37590238578064    3.45754557052538   -0.62346303204063
C         1.74294784935027    3.01717079939598   -0.62669648137088
C        -1.55600547731768    2.58489809550771   -1.85312983436578
C        -1.93506899804696    1.42019484411996   -2.61135603719535
C        -2.92251900668077    0.69716416083934   -1.85092568337267
C        -3.14122892587527    1.41331787651380   -0.62044692347774
C        -2.30550257380174    2.57487010828275   -0.62226689457538
C        -2.92281367572157   -0.69070273684476   -1.85134475854196
C        -1.93696367400432   -1.41308488236744   -2.61305674504863
C        -1.55716945854316   -2.57788526977377   -1.85476579034572
C        -2.30526836116224   -2.56901437299282   -0.62311307445920
C        -3.14081426507855   -1.40780960455313   -0.62082793043481
C        -0.97966157739667   -0.71601109795128   -3.34372251027491
C        -0.97996966608119    0.72434809028099   -3.34337296218010
C         0.39065955189680    1.17048342757717   -3.34121643374626
C         1.23688984889113    0.00462463519858   -3.34028287006874
C         0.38929778052259   -1.16185740786776   -3.34265016076636
Cl       -1.56043937267095   -0.04234835510968    5.32556217729245
Cl       -4.08369831945489    0.00393576948178    3.80941789249206
Cl        2.99988629536422   -2.17574912932443    4.12008086834995
Cl       -1.19409268869816   -3.64766250515248    4.07625499864671
Cl       -1.20937121063971    3.68186880371872    4.05937140065916
65
 energy: -151.240353308060 gnorm: 0.000435006822 xtb: 6.4.1 (a3dbbd7)
C        -1.29707484276929    0.00283993349396    3.53121099483686
C        -0.37076412170527   -1.16583055053395    3.23300364085466
C         0.90113267097140   -0.72974077085571    3.17689439863433
C         0.90842683375973    0.72813938913890    3.18113962678364
C        -0.38819561088288    1.17993492182529    3.27007939295153
C         2.30003258379596   -2.56939662160667    0.56919869223386
C         3.14249524286167   -1.39705200862319    0.57492199557192
C         2.93401853506852   -0.69668698226803    1.78956230568692
C         2.06968952967715   -1.52802048276122    2.71394750876559
C         1.56151463036981   -2.61178682920622    1.79005332270238
C         3.15811537780689    1.41129859635810    0.56196473002226
C         2.32053144425709    2.58361125458723    0.55820609779121
C         1.56132973183462    2.59581954716554    1.78242957888205
C         1.93972437280724    1.43510054374144    2.53875732592727
C         2.90853852337447    0.68908733350502    1.78349093753715
C        -0.34918529679838    3.44389522169915    0.57017120938270
C        -1.71629624803480    2.98627491770104    0.56667992273213
C        -1.96691621807381    2.29288946142444    1.79246796689898
C        -0.80216426599835    2.49346445937343    2.73370134778077
C         0.25350018488397    3.05201330172428    1.79640718772870
C        -3.32974450857239    0.72042739667472    0.56894341392170
C        -3.32792836382699   -0.71619542145093    0.56943186614321
C        -2.74026690331099   -1.16678391119679    1.79091925464088
C        -2.62505242263719    0.00281334612151    2.74717994313965
C        -2.74271432761060    1.17147774098236    1.79006583583484
C        -1.71377581901401   -2.97823608304851    0.56649830793534
C        -0.34909866285661   -3.43434155555607    0.56766149001329
C         0.26150119131417   -3.03819568847114    1.79628809782368
C        -0.80225588497643   -2.49826038204002    2.74123047242724
C        -1.96326125040254   -2.28834369824117    1.79390137424398
C        -0.23840256404132   -3.00697153310962   -1.85316443467165
C         0.75358576243586   -2.28627535902138   -2.61045180887714
C         1.97534475979862   -2.28548139615826   -1.84931852454535
C         1.73241606049498   -3.00347780680968   -0.62264546327961
C         0.37202769065913   -3.44663647139830   -0.62351701346484
C         2.78888216143836   -1.15976125698494   -1.84320234953643
C         2.41628318029035    0.00500417105985   -2.60675878307204
C         2.79507483267826    1.17149051126498   -1.85023016816717
C         3.39740509934038    0.72300643128447   -0.61952401671196
C         3.39206509083056   -0.71270643195140   -0.61707357625514
C         1.98087817394606    2.29568143454820   -1.85255774162643
C         0.75540454660385    2.29398867687796   -2.60951292362500
C        -0.23543703401362    3.01290097023463   -1.84819613419244
C         0.37589446754385    3.45753208104444   -0.62346753141743
C         1.74278849424451    3.01698811244516   -0.62657028770223
C        -1.55593296338491    2.58481502609083   -1.85306419075617
C        -1.93495182809964    1.42013150077143   -2.61138571862971
C        -2.92237052032303    0.69709595272199   -1.85100939737230
C        -3.14116232524870    1.41329943209987   -0.62047392256479
C        -2.30561756207469    2.57472441803573   -0.62219681497581
C        -2.92266485699037   -0.69065642701179   -1.85136641132861
C        -1.93681031319000   -1.41300399206657   -2.61305135889859
C        -1.55704070115744   -2.57777343463497   -1.85472896127259
C        -2.30531690532273   -2.56885238364042   -0.62302797823395
C        -3.14071052285939   -1.40784782034305   -0.62077579111187
C        -0.97961485114906   -0.71600544543922   -3.34387489987765
C        -0.97989855780587    0.72435491309197   -3.34353771913142
C         0.39070116327425    1.17049478850867   -3.34137005921622
C         1.23696118189048    0.00460338121435   -3.34042670319705
C         0.38937182204937   -1.16183048296036   -3.34276515468765
Cl       -1.56064514637896   -0.04466697640136    5.32581816081290
Cl       -4.08408228557612    0.00536851029496    3.80937833809551
Cl        3.00097659712056   -2.17616450054252    4.11923305796432
Cl       -1.19337731422664   -3.64694337179057    4.07663911087416
Cl       -1.20879825456418    3.68257242676048    4.05902692134159
65
 energy: -151.240351449592 gnorm: 0.001380798956 xtb: 6.4.1 (a3dbbd7)
C        -1.29718210181728    0.00280846433836    3.53073345455598
C        -0.37065837570293   -1.16569366638995    3.23230731020515
C         0.90139049624473   -0.72966824646964    3.17742994912882
C         0.90845226324449    0.72817161077129    3.18183669968264
C        -0.38842649563110    1.18013105974425    3.27056609385346
C         2.29999790773541   -2.56934956376426    0.56934611458723
C         3.14248562452447   -1.39711149369939    0.57491983439575
C         2.93371928504908   -0.69657350970808    1.78950631805039
C         2.06959930709987   -1.52794918582823    2.71409660508868
C         1.56141605753428   -2.61161233581549    1.79025005714101
C         3.15799921016203    1.41123341977998    0.56206499373239
C         2.32051239223525    2.58348577138411    0.55825510376484
C         1.56134240702380    2.59576835202261    1.78261989974151
C         1.93927322441755    1.43506179551891    2.53876562021390
C         2.90852064141096    0.68903744509007    1.78355990451172
C        -0.34939685754860    3.44379779217416    0.57010126318727
C        -1.71649497800138    2.98631811090838    0.56678553890443
C        -1.96703954063323    2.29294450228038    1.79257490947110
C        -0.80209703011337    2.49274566087178    2.73332037185044
C         0.25338164964946    3.05150147670555    1.79600454472226
C        -3.32979552871703    0.72036212630851    0.56889248913217
C        -3.32806262427504   -0.71629004551361    0.56949427266830
C        -2.74063184222710   -1.16688415787605    1.79102127610367
C        -2.62484140560856    0.00293502330435    2.74713882561190
C        -2.74265562093885    1.17137296948238    1.78974360921672
C        -1.71384280259630   -2.97815167578661    0.56660132666251
C        -0.34920622093708   -3.43420230287699    0.56763632318190
C         0.26148517911197   -3.03795497400068    1.79601534302026
C        -0.80225915245292   -2.49780657256672    2.74110247335902
C        -1.96334170182561   -2.28830780632079    1.79395365333436
C        -0.23838453131539   -3.00684337583496   -1.85319687717890
C         0.75361501938944   -2.28615514577853   -2.61043778581352
C         1.97531828756057   -2.28537485314353   -1.84916638834385
C         1.73226289963470   -3.00343981878702   -0.62243288169091
C         0.37204596224843   -3.44653794269588   -0.62345696250891
C         2.78881635889662   -1.15976284792868   -1.84318215144703
C         2.41622732735772    0.00493488683697   -2.60672655592497
C         2.79500165380807    1.17144823817595   -1.85014503603224
C         3.39734582869561    0.72294797894504   -0.61945500656865
C         3.39208259383620   -0.71262316721938   -0.61693425321405
C         1.98079058022734    2.29555741949118   -1.85244431481312
C         0.75536090273609    2.29390623412171   -2.60955095938130
C        -0.23544540312507    3.01282689367823   -1.84828917964452
C         0.37588647108198    3.45752391221636   -0.62346952635259
C         1.74263094062213    3.01681487912811   -0.62643886372539
C        -1.55586600235971    2.58473912294462   -1.85299952248477
C        -1.93483954705242    1.42007178268026   -2.61141376894825
C        -2.92223446279985    0.69702910437415   -1.85109916346781
C        -3.14110837862836    1.41328576618042   -0.62050720666326
C        -2.30574061147658    2.57458474796935   -0.62213001198154
C        -2.92252883543767   -0.69061228961062   -1.85139073024635
C        -1.93666355140996   -1.41292835528076   -2.61304264398438
C        -1.55691845134897   -2.57767273267572   -1.85469436071197
C        -2.30537622092643   -2.56869929546889   -0.62294769392428
C        -3.14062140764719   -1.40789296705104   -0.62072692518829
C        -0.97957112002783   -0.71600329084628   -3.34402252933068
C        -0.97982912966890    0.72436180836617   -3.34369784802651
C         0.39074397086771    1.17050712900818   -3.34151666571185
C         1.23703557673499    0.00458077226018   -3.34056325528765
C         0.38944732566057   -1.16180804680996   -3.34287394660207
Cl       -1.56074034658558   -0.04707503232777    5.32609468504042
Cl       -4.08449228383093    0.00686617816002    3.80930301543092
Cl        3.00206719571124   -2.17654870030377    4.11840036332381
Cl       -1.19265348207131   -3.64620494542932    4.07705246110571
Cl       -1.20822581222928    3.68328993632896    4.05871630173691
65
 energy: -151.240353538194 gnorm: 0.000180467041 xtb: 6.4.1 (a3dbbd7)
C        -1.29699717910595    0.00284123064218    3.53116915540039
C        -0.37074032728169   -1.16580950396189    3.23292689843834
C         0.90112470405074   -0.72974224082611    3.17674403530415
C         0.90846808568634    0.72818300423118    3.18109881334794
C        -0.38818726486953    1.17990888087630    3.27005949077608
C         2.30009795539585   -2.56949724742162    0.56917555043078
C         3.14254043653866   -1.39708932425703    0.57492756949211
C         2.93404309981195   -0.69671108501428    1.78957137218022
C         2.06972627023988   -1.52806226404548    2.71392114491602
C         1.56157367545700   -2.61192782193117    1.79006308459608
C         3.15814224728604    1.41134397884826    0.56197518837164
C         2.32058290756815    2.58367627835388    0.55821439303477
C         1.56135150864868    2.59590118678120    1.78246503759243
C         1.93973567980760    1.43510459130100    2.53876484702058
C         2.90854338572605    0.68908704806909    1.78353097806113
C        -0.34917135169612    3.44399074455787    0.57019857090256
C        -1.71633516106066    2.98638220445855    0.56664791366791
C        -1.96693088466981    2.29296550264398    1.79245135665382
C        -0.80217332776764    2.49353341249608    2.73362265263622
C         0.25349422987426    3.05217983734441    1.79648706958932
C        -3.32978914262287    0.72041216485207    0.56889919069297
C        -3.32800788125287   -0.71620940146104    0.56940902379339
C        -2.74033219295708   -1.16682119608095    1.79094550081076
C        -2.62502977977969    0.00282267721199    2.74710610241936
C        -2.74267335528230    1.17148108806167    1.79002499661127
C        -1.71383376301018   -2.97832676773057    0.56646284381252
C        -0.34912600215452   -3.43444331333450    0.56762868589797
C         0.26150278829312   -3.03832501820407    1.79630747074827
C        -0.80229930818137   -2.49838249773293    2.74119586716770
C        -1.96334016779587   -2.28843498589915    1.79388698225931
C        -0.23841752111578   -3.00705217655374   -1.85320922906282
C         0.75359481819259   -2.28633970957607   -2.61047959541406
C         1.97537720416181   -2.28553015563450   -1.84936156013345
C         1.73243751728312   -3.00349047138563   -0.62268218103321
C         0.37201305192488   -3.44667210906097   -0.62354643386461
C         2.78893802981075   -1.15979264140737   -1.84322075927042
C         2.41632179154816    0.00501249691535   -2.60676680296085
C         2.79511502008917    1.17149747720724   -1.85023424445156
C         3.39742228041160    0.72302523476351   -0.61950677826214
C         3.39204010507447   -0.71272201844536   -0.61706439736234
C         1.98090408839258    2.29570795298400   -1.85256160042503
C         0.75542729500958    2.29402525767419   -2.60950969455660
C        -0.23543964553634    3.01296808381354   -1.84819436927083
C         0.37589644771348    3.45752345349512   -0.62345062322627
C         1.74281637201102    3.01703116826830   -0.62656451109016
C        -1.55596200951126    2.58486562881531   -1.85309260177062
C        -1.93498638285301    1.42016950750618   -2.61140359639414
C        -2.92244230647558    0.69711957505605   -1.85103992682597
C        -3.14119356298942    1.41330691064677   -0.62049896869091
C        -2.30560294776943    2.57476272648536   -0.62222388354874
C        -2.92273628987475   -0.69066547448651   -1.85138352183432
C        -1.93686924324566   -1.41303878571112   -2.61306855246677
C        -1.55708987696848   -2.57783972669467   -1.85476696618856
C        -2.30533204717292   -2.56890235794841   -0.62307193726804
C        -3.14075657533572   -1.40785349019209   -0.62079419842699
C        -0.97964935294747   -0.71602663001258   -3.34388320334499
C        -0.97992385974022    0.72436456608165   -3.34354380657345
C         0.39070596111245    1.17050946802264   -3.34136104038161
C         1.23697561026807    0.00459938368649   -3.34042024794177
C         0.38936834926316   -1.16186451521222   -3.34277422303847
Cl       -1.55999729885833   -0.04477754978244    5.32600284625520
Cl       -4.08421792116632    0.00553876429783    3.80918021908309
Cl        3.00068143655099   -2.17578347474814    4.11958042590607
Cl       -1.19334125405154   -3.64687629103169    4.07686321882496
Cl       -1.20895448455687    3.68238278707744    4.05942894890229
65
 energy: -151.240352828545 gnorm: 0.000477743248 xtb: 6.4.1 (a3dbbd7)
C        -1.29674677922373    0.00280946910760    3.53098284053377
C        -0.37064202002949   -1.16598457707964    3.23299202107753
C         0.90112703688088   -0.72977824786658    3.17676935112737
C         0.90853101306290    0.72825044022659    3.18114153175443
C        -0.38812681932622    1.18003251835358    3.27001864494555
C         2.30022725186286   -2.56970264725444    0.56915116656723
C         3.14255949115171   -1.39713142619702    0.57503128077333
C         2.93404182576786   -0.69669389679934    1.78965412327116
C         2.06973100470647   -1.52817196214006    2.71387458070162
C         1.56165541054058   -2.61221406485747    1.79003818499602
C         3.15820999498303    1.41151443700255    0.56210745321401
C         2.32070958780340    2.58394010968588    0.55829425154445
C         1.56137961996904    2.59607605911398    1.78253293394264
C         1.93974201862176    1.43521765588901    2.53894641283073
C         2.90844540048245    0.68917792139953    1.78363596673688
C        -0.34916490960256    3.44430006937186    0.57018492609852
C        -1.71643436654401    2.98671590085339    0.56653325558874
C        -1.96698216062917    2.29323867496355    1.79231653366411
C        -0.80220543366205    2.49395596510584    2.73351251793200
C         0.25353234628144    3.05270377326854    1.79656683511455
C        -3.32996716990099    0.72045573276219    0.56883761654225
C        -3.32825128269586   -0.71625422722987    0.56935432379969
C        -2.74043727153618   -1.16697112081327    1.79083735924108
C        -2.62467445178776    0.00279552493763    2.74674089512769
C        -2.74259991720963    1.17159253259392    1.78988531328194
C        -1.71400156076948   -2.97866241975186    0.56635594252066
C        -0.34920246063388   -3.43483265190892    0.56754742151826
C         0.26148881511574   -3.03877755314186    1.79629815275347
C        -0.80240541824517   -2.49880519226294    2.74113388009400
C        -1.96351652186528   -2.28873302436949    1.79378645146121
C        -0.23848597980221   -3.00731239670198   -1.85325156968394
C         0.75361397806292   -2.28652008766308   -2.61039721089568
C         1.97547611000132   -2.28569620277090   -1.84936906769124
C         1.73252746631547   -3.00371880570895   -0.62273743824222
C         0.37202062634412   -3.44698992964152   -0.62363499359813
C         2.78904051137961   -1.15986674662165   -1.84314035402279
C         2.41639776021308    0.00502825785914   -2.60659910951531
C         2.79521408762423    1.17156371962592   -1.85010972776637
C         3.39752402033327    0.72309435601983   -0.61936818031113
C         3.39204793896551   -0.71273034426997   -0.61694751448724
C         1.98099575974151    2.29583412902009   -1.85247861705678
C         0.75546788861524    2.29413605012698   -2.60938322882004
C        -0.23547612803354    3.01316191795661   -1.84817363771907
C         0.37591609616222    3.45770586259222   -0.62344529998781
C         1.74291651804448    3.01729299870474   -0.62652170599498
C        -1.55607829656358    2.58505774203584   -1.85314461699898
C        -1.93510974392293    1.42026051701988   -2.61133419562216
C        -2.92267009016352    0.69717131536276   -1.85106570380605
C        -3.14140729193633    1.41342636428452   -0.62055749979614
C        -2.30573255322069    2.57496427256293   -0.62231515730452
C        -2.92298176065556   -0.69070602990348   -1.85140544713374
C        -1.93702792190923   -1.41314532791067   -2.61299365909038
C        -1.55724523908847   -2.57807083624561   -1.85482214056409
C        -2.30551211396131   -2.56911941315688   -0.62316810277746
C        -3.14100861499698   -1.40795806800036   -0.62085332633044
C        -0.97970817703163   -0.71606692555616   -3.34372712677919
C        -0.97997244747963    0.72437459168644   -3.34338565291932
C         0.39070647536527    1.17052784873112   -3.34118221442235
C         1.23698506685214    0.00459009820234   -3.34022289878347
C         0.38935595422051   -1.16193243703664   -3.34260784828860
Cl       -1.55962417874276   -0.04486444044066    5.32574714649958
Cl       -4.08322642636135    0.00558500528892    3.80954784791186
Cl        3.00072586292827   -2.17539562983528    4.11969083254430
Cl       -1.19356444209032   -3.64777757806485    4.07652820160666
Cl       -1.20904030523284    3.68324640722778    4.05902503961032
65
 energy: -151.240353573352 gnorm: 0.000074487656 xtb: 6.4.1 (a3dbbd7)
C        -1.29698491815832    0.00283927088867    3.53109135414704
C        -0.37072589698673   -1.16578583077578    3.23290886847317
C         0.90112970060438   -0.72974751639479    3.17671717099572
C         0.90849247040422    0.72818965264101    3.18107764507431
C        -0.38817805588359    1.17987342744841    3.27005081655140
C         2.30010723929850   -2.56950865484021    0.56916757009850
C         3.14255072416290   -1.39709306171649    0.57491633030857
C         2.93406657937958   -0.69672088713016    1.78955909295741
C         2.06976923091318   -1.52807143382680    2.71392174237952
C         1.56159875128658   -2.61194926690018    1.79006428959217
C         3.15814656592098    1.41134687539868    0.56196270430265
C         2.32058868803249    2.58368104103791    0.55821152022449
C         1.56135395911298    2.59590648121740    1.78245711228342
C         1.93975374088331    1.43509759954831    2.53875382073124
C         2.90855148797359    0.68908198851522    1.78352453444058
C        -0.34915362487136    3.44400722007518    0.57020562984535
C        -1.71632609848788    2.98639100112880    0.56663514063198
C        -1.96691052399033    2.29296366768966    1.79244449194655
C        -0.80214865466240    2.49351558918734    2.73357354109553
C         0.25349444579576    3.05219557447769    1.79651323852774
C        -3.32977893351549    0.72040537945589    0.56889220484413
C        -3.32800974339302   -0.71621083229946    0.56941072657752
C        -2.74032248529335   -1.16681584539418    1.79095666707160
C        -2.62504216080646    0.00282588466849    2.74708177015197
C        -2.74264365163223    1.17147405090488    1.79001639668487
C        -1.71382994159698   -2.97833316019806    0.56646056452202
C        -0.34911436060891   -3.43444489636125    0.56763093145901
C         0.26151480598345   -3.03832879009605    1.79632152621631
C        -0.80228834131839   -2.49839374211833    2.74117638509621
C        -1.96333006999217   -2.28843095670231    1.79387962538352
C        -0.23841800799390   -3.00706024136513   -1.85320565287361
C         0.75358825572566   -2.28634996546733   -2.61048173443528
C         1.97537019396131   -2.28553373981859   -1.84936967106905
C         1.73244344887423   -3.00348026643667   -0.62269331502967
C         0.37201042778708   -3.44666960195139   -0.62354740402602
C         2.78893840630774   -1.15979321924644   -1.84322810568364
C         2.41632121484131    0.00501971705501   -2.60677324196408
C         2.79511568531711    1.17149727812553   -1.85024255271399
C         3.39741876646221    0.72302486619797   -0.61951476998823
C         3.39202686383411   -0.71273096096149   -0.61707889153846
C         1.98090271986531    2.29571106534311   -1.85256705238400
C         0.75542820048350    2.29402685997168   -2.60950278911688
C        -0.23544056973999    3.01297290475887   -1.84818385777397
C         0.37589289337615    3.45751756079488   -0.62344851392930
C         1.74281793957683    3.01703443828259   -0.62656964840470
C        -1.55596745674644    2.58486352961781   -1.85309474096533
C        -1.93499477037475    1.42017310126445   -2.61140376562144
C        -2.92245224009851    0.69712434383762   -1.85103509993150
C        -3.14119558964604    1.41330697151289   -0.62050005371786
C        -2.30558654015889    2.57477015963352   -0.62222899344482
C        -2.92274283644620   -0.69066941215143   -1.85137152595688
C        -1.93687862631873   -1.41304317811242   -2.61306215000276
C        -1.55709761109105   -2.57784319233180   -1.85476137397119
C        -2.30532107614929   -2.56891603933721   -0.62307636271303
C        -3.14076120660569   -1.40785257205705   -0.62079044568018
C        -0.97965540566645   -0.71602711743147   -3.34386301394162
C        -0.97993109168042    0.72436136380928   -3.34352508663554
C         0.39069822938079    1.17050546741301   -3.34133905193565
C         1.23696341516530    0.00460036941841   -3.34040167153727
C         0.38935859910694   -1.16186633686781   -3.34275765517762
Cl       -1.56019794980531   -0.04479236735501    5.32595205099566
Cl       -4.08423163852686    0.00558588251087    3.80922013401902
Cl        3.00069472480250   -2.17574250842720    4.11962801368883
Cl       -1.19336054479792   -3.64681795998222    4.07691012538140
Cl       -1.20900506803098    3.68234699796603    4.05958244598209
