60

C      -1.236263400000000      0.000000000000000      3.329976400000000
C      -0.382026400000000     -1.175756400000000      3.329976400000000
C       1.000158100000000     -0.726657400000000      3.329976400000000
C       1.000158100000000      0.726657400000000      3.329976400000000
C      -0.382026400000000      1.175756400000000      3.329976400000000
C       2.344335600000000     -2.601457500000000      0.594642100000000
C       3.198572600000000     -1.425701100000000      0.594642100000000
C       2.962467300000000     -0.699043700000000      1.830905500000000
C       1.962309200000000     -1.425701100000000      2.594958300000000
C       1.580282800000000     -2.601457500000000      1.830905500000000
C       3.198572600000000      1.425701100000000      0.594642100000000
C       2.344335600000000      2.601457500000000      0.594642100000000
C       1.580282800000000      2.601457500000000      1.830905500000000
C       1.962309200000000      1.425701100000000      2.594958300000000
C       2.962467300000000      0.699043700000000      1.830905500000000
C      -0.367509000000000      3.482589200000000      0.594642100000000
C      -1.749693500000000      3.033490300000000      0.594642100000000
C      -1.985798800000000      2.306832900000000      1.830905500000000
C      -0.749535400000000      2.306832900000000      2.594958300000000
C       0.250622700000000      3.033490300000000      1.830905500000000
C      -3.425705700000000      0.726657400000000      0.594642100000000
C      -3.425705700000000     -0.726657400000000      0.594642100000000
C      -2.807574000000000     -1.175756400000000      1.830905500000000
C      -2.425547600000000      0.000000000000000      2.594958300000000
C      -2.807574000000000      1.175756400000000      1.830905500000000
C      -1.749693500000000     -3.033490300000000      0.594642100000000
C      -0.367509000000000     -3.482589200000000      0.594642100000000
C       0.250622700000000     -3.033490300000000      1.830905500000000
C      -0.749535400000000     -2.306832900000000      2.594958300000000
C      -1.985798800000000     -2.306832900000000      1.830905500000000
C      -0.250622700000000     -3.033490300000000     -1.830905500000000
C       0.749535400000000     -2.306832900000000     -2.594958300000000
C       1.985798800000000     -2.306832900000000     -1.830905500000000
C       1.749693500000000     -3.033490300000000     -0.594642100000000
C       0.367509000000000     -3.482589200000000     -0.594642100000000
C       2.807574000000000     -1.175756400000000     -1.830905500000000
C       2.425547600000000      0.000000000000000     -2.594958300000000
C       2.807574000000000      1.175756400000000     -1.830905500000000
C       3.425705700000000      0.726657400000000     -0.594642100000000
C       3.425705700000000     -0.726657400000000     -0.594642100000000
C       1.985798800000000      2.306832900000000     -1.830905500000000
C       0.749535400000000      2.306832900000000     -2.594958300000000
C      -0.250622700000000      3.033490300000000     -1.830905500000000
C       0.367509000000000      3.482589200000000     -0.594642100000000
C       1.749693500000000      3.033490300000000     -0.594642100000000
C      -1.580282800000000      2.601457500000000     -1.830905500000000
C      -1.962309200000000      1.425701100000000     -2.594958300000000
C      -2.962467300000000      0.699043700000000     -1.830905500000000
C      -3.198572600000000      1.425701100000000     -0.594642100000000
C      -2.344335600000000      2.601457500000000     -0.594642100000000
C      -2.962467300000000     -0.699043700000000     -1.830905500000000
C      -1.962309200000000     -1.425701100000000     -2.594958300000000
C      -1.580282800000000     -2.601457500000000     -1.830905500000000
C      -2.344335600000000     -2.601457500000000     -0.594642100000000
C      -3.198572600000000     -1.425701100000000     -0.594642100000000
C      -1.000158100000000     -0.726657400000000     -3.329976400000000
C      -1.000158100000000      0.726657400000000     -3.329976400000000
C       0.382026400000000      1.175756400000000     -3.329976400000000
C       1.236263400000000      0.000000000000000     -3.329976400000000
C       0.382026400000000     -1.175756400000000     -3.329976400000000
61

C      -1.297709658912220      0.000000000000000      3.531632247672760
C      -0.371076044254750     -1.174788005863590      3.310581966430120
C       0.979797575504590     -0.721577052319610      3.281105349528220
C       0.979797575504590      0.721577052319610      3.281105349528220
C      -0.371076044254750      1.174788005863600      3.310581966430130
C       2.335441849462950     -2.582643486982960      0.583463405812490
C       3.182071695711500     -1.415430146361290      0.582344333723130
C       2.943739598679160     -0.694040601000040      1.807081865520270
C       1.950463984708830     -1.415567791359610      2.561765581670670
C       1.577674888658660     -2.578718015081030      1.809124542782110
C       3.182071695711500      1.415430146361290      0.582344333723130
C       2.335441849462950      2.582643486982960      0.583463405812490
C       1.577674888658660      2.578718015081030      1.809124542782110
C       1.950463984708830      1.415567791359610      2.561765581670660
C       2.943739598679160      0.694040601000040      1.807081865520270
C      -0.361192816841470      3.445192526128790      0.585829960473900
C      -1.734692901914990      3.001534599827200      0.589167933373500
C      -1.972207135102610      2.293084756078780      1.810596397202940
C      -0.734003326668930      2.276919003035000      2.568534800784190
C       0.253092575068930      2.997890645350740      1.808988677634710
C      -3.396497847464550      0.717587443120720      0.574104781675680
C      -3.396497847464550     -0.717587443120720      0.574104781675680
C      -2.771680376036520     -1.149644159154140      1.806648764348090
C      -2.421684653998640      0.000000000000000      2.560546273021430
C      -2.771680376036520      1.149644159154140      1.806648764348090
C      -1.734692901914990     -3.001534599827190      0.589167933373510
C      -0.361192816841480     -3.445192526128790      0.585829960473900
C       0.253092575068930     -2.997890645350730      1.808988677634710
C      -0.734003326668920     -2.276919003034990      2.568534800784190
C      -1.972207135102610     -2.293084756078780      1.810596397202950
C      -0.245858938108500     -3.009707058226850     -1.822325387635020
C       0.744390128339270     -2.288418764803610     -2.578228753840610
C       1.972681067298330     -2.288611706755200     -1.821148978011700
C       1.740312034280130     -3.008320222016710     -0.596235788294800
C       0.367248134663710     -3.451141297170270     -0.594434260780260
C       2.790273727901680     -1.165510100258890     -1.823306708612980
C       2.410770112463490     -0.000000000000000     -2.580309718590230
C       2.790273727901680      1.165510100258890     -1.823306708612980
C       3.405980956007670      0.721092502378880     -0.598756684035400
C       3.405980956007670     -0.721092502378880     -0.598756684035400
C       1.972681067298330      2.288611706755200     -1.821148978011700
C       0.744390128339270      2.288418764803600     -2.578228753840620
C      -0.245858938108500      3.009707058226850     -1.822325387635020
C       0.367248134663710      3.451141297170270     -0.594434260780260
C       1.740312034280130      3.008320222016710     -0.596235788294800
C      -1.568470699769340      2.580496804338010     -1.821227366010160
C      -1.947308570511690      1.415336871953560     -2.583606764068230
C      -2.942431609627680      0.694344753418890     -1.829774895042400
C      -3.174793801153030      1.414442857604300     -0.603269701858650
C      -2.326886543217420      2.581135882694290     -0.600864094877910
C      -2.942431609627680     -0.694344753418890     -1.829774895042400
C      -1.947308570511690     -1.415336871953560     -2.583606764068230
C      -1.568470699769340     -2.580496804338010     -1.821227366010160
C      -2.326886543217420     -2.581135882694290     -0.600864094877900
C      -3.174793801153030     -1.414442857604290     -0.603269701858650
C      -0.991385242686330     -0.720976078331480     -3.310298712345270
C      -0.991385242686330      0.720976078331480     -3.310298712345280
C       0.380541000318020      1.165485157344340     -3.308846871879520
C       1.226685972342420     -0.000000000000000     -3.307833681513340
C       0.380541000318020     -1.165485157344340     -3.308846871879520
Cl     -1.937374867411320     -0.000000000000050      5.255093168063590
62

C      -1.305241328795970      0.000000000005380      3.578073290234220
C      -0.381986221201590     -1.166157374887720      3.286229950442090
C       0.973164467856840     -0.719533366287460      3.268521058942510
C       0.973164467855300      0.719533366302160      3.268521058944730
C      -0.381986221204590      1.166157374903790      3.286229950452740
C       2.335257905658480     -2.581785817155330      0.582659183788670
C       3.184024290646400     -1.415510524499680      0.583051646339270
C       2.945755514690930     -0.693318305394350      1.807272452762140
C       1.946336167227050     -1.414288330307760      2.556915871810140
C       1.575372846359230     -2.577100024538350      1.805712631964640
C       3.184024290645680      1.415510524502950      0.583051646336180
C       2.335257905658400      2.581785817158750      0.582659183782370
C       1.575372846359290      2.577100024546140      1.805712631958970
C       1.946336167226230      1.414288330318140      2.556915871808420
C       2.945755514689500      0.693318305401760      1.807272452761240
C      -0.362867253886840      3.437161175939320      0.579054624182040
C      -1.733070794755980      2.992750616253320      0.575249515348270
C      -1.977523206291560      2.274962218235720      1.794570838578070
C      -0.736616259096860      2.274964977785290      2.565238141889620
C       0.247972499111120      2.992760918284230      1.805573038340600
C      -3.365901640178220      0.719537323330880      0.573752489023120
C      -3.365901640178880     -0.719537323322150      0.573752489025100
C      -2.781051902509460     -1.166178275433130      1.796330804270550
C      -2.633318007347430      0.000000000008240      2.753260191314180
C      -2.781051902507060      1.166178275446120      1.796330804265900
C      -1.733070794758150     -2.992750616246430      0.575249515356210
C      -0.362867253889060     -3.437161175934430      0.579054624190380
C       0.247972499110820     -2.992760918275990      1.805573038346080
C      -0.736616259096610     -2.274964977772870      2.565238141889860
C      -1.977523206293630     -2.274962218223760      1.794570838583130
C      -0.240456900662170     -3.007437825480850     -1.830342467305290
C       0.752316615868050     -2.288409938058000     -2.584241282733240
C       1.978240177388550     -2.288455278856700     -1.822883837984710
C       1.742589187221440     -3.007456955565840     -0.598751343931600
C       0.368992882451240     -3.448134251186720     -0.599343025336380
C       2.795666200087230     -1.165918227839080     -1.823256958638530
C       2.416973591098740     -0.000000000002710     -2.581085319768380
C       2.795666200087790      1.165918227835560     -1.823256958641480
C       3.409596806914120      0.721107954348460     -0.597782865656640
C       3.409596806914330     -0.721107954348570     -0.597782865655460
C       1.978240177389610      2.288455278853450     -1.822883837990840
C       0.752316615869260      2.288409938053220     -2.584241282739480
C      -0.240456900660360      3.007437825478840     -1.830342467313410
C       0.368992882452850      3.448134251187490     -0.599343025345300
C       1.742589187222580      3.007456955565890     -0.598751343939550
C      -1.562172860297130      2.581786793569120     -1.837849757978720
C      -1.938799752529340      1.415530084028890     -2.598493553925070
C      -2.930523864274690      0.693316528569810     -1.842221734690450
C      -3.159436989902610      1.414270699753030     -0.614038810205820
C      -2.321631605916170      2.577079567877640     -0.614524321632800
C      -2.930523864274550     -0.693316528569490     -1.842221734688680
C      -1.938799752529990     -1.415530084031790     -2.598493553921220
C      -1.562172860298770     -2.581786793570090     -1.837849757971510
C      -2.321631605918230     -2.577079567874010     -0.614524321625730
C      -3.159436989903440     -1.414270699748490     -0.614038810201680
C      -0.980337765271700     -0.721097157202070     -3.324157557265900
C      -0.980337765271440      0.721097157196200     -3.324157557267390
C       0.390321060207770      1.165796487704280     -3.317060468272900
C       1.237579081771700     -0.000000000003480     -3.313557252386610
C       0.390321060207220     -1.165796487710870     -3.317060468269710
Cl     -1.609493189302060     -0.000000000157970      5.364434190013630
Cl     -4.099571091786140      0.000000000042090      3.818029530816840
63

C      -1.308750518635010      0.008085060358800      3.563669254415080
C      -0.372814264818610     -1.151289936061630      3.266662015746940
C       0.953229986227860     -0.708537121157440      3.269701727934760
C       0.962244659636070      0.714976957219030      3.251475232695750
C      -0.392701198558130      1.176887488784030      3.278678217327200
C       2.309840730765840     -2.567143555391760      0.582280460244130
C       3.158246906255210     -1.399003629416240      0.582721091950620
C       2.953751629784690     -0.691243837940520      1.802968666190960
C       2.079421980886740     -1.512028502811720      2.724024281932480
C       1.576613032795580     -2.593718679417160      1.799827686980370
C       3.171369293865070      1.408497597706690      0.575798877127320
C       2.327176137795060      2.575683546010600      0.577286150232010
C       1.569752235064810      2.573267313032860      1.804404716221280
C       1.943855184632470      1.423490655287040      2.559015754429760
C       2.936229883651340      0.684452334683390      1.796557609855660
C      -0.366653635620720      3.440777706425420      0.577644310561330
C      -1.738726947693460      2.999466107498370      0.572270491034800
C      -1.988008292240570      2.285923839924840      1.792734462078150
C      -0.746179546463130      2.286355968060540      2.563446203899960
C       0.240932453354050      3.001734197809800      1.802363479801190
C      -3.369821566438120      0.724527422634740      0.570720486738830
C      -3.364173860589650     -0.715742590946280      0.573627223995260
C      -2.782861857037370     -1.158831918685930      1.793339692783270
C      -2.638533492203750      0.007406356995680      2.748405207231480
C      -2.788785249208020      1.174864716366490      1.793359169902790
C      -1.726477636294490     -2.985702708519620      0.568335637310420
C      -0.359361077923500     -3.430657849085340      0.569236202655680
C       0.254298048392350     -2.989017435268730      1.793433755906270
C      -0.745842746710150     -2.286515508251840      2.567112920295780
C      -1.965932751617230     -2.267798696092060      1.793893293934500
C      -0.243242203259060     -3.008741569066250     -1.844333474006480
C       0.748746664839670     -2.287915234873560     -2.598735336989040
C       1.972213507852400     -2.285503931073330     -1.833649594328220
C       1.732903978802500     -3.004774034649830     -0.610388370860780
C       0.368714021512010     -3.447765590937230     -0.614110213405440
C       2.788543797143320     -1.162718786916360     -1.833201662944490
C       2.413398745650720      0.002048347760770     -2.593350205542830
C       2.793174035311070      1.167637667851940     -1.834732377438880
C       3.403951051812290      0.720007443867220     -0.609076163829610
C       3.398936071495140     -0.714591546088100     -0.606218131764540
C       1.973586333057020      2.288610955725130     -1.830114555354060
C       0.749361065910210      2.289811630046940     -2.589353826417420
C      -0.243711570975780      3.008825768451010     -1.832129164640680
C       0.365654424186270      3.451133643070150     -0.604189043357470
C       1.737310823244230      3.005964410356760     -0.602914211309280
C      -1.565544074417850      2.583597759307160     -1.840660244255050
C      -1.941948468979070      1.417645091732340     -2.600733488437990
C      -2.932641633583250      0.696556633271650     -1.845225047371720
C      -3.163099939467460      1.418442544181820     -0.616735050563070
C      -2.325888758527580      2.581298997511590     -0.617454447868790
C      -2.931606710619810     -0.690644698903160     -1.843065276990080
C      -1.941021579729040     -1.413486939693520     -2.603506212188980
C      -1.563413013016850     -2.579156360651300     -1.845898967985360
C      -2.319036536395090     -2.572353462759350     -0.618269388726040
C      -3.159978518886210     -1.411159951700990     -0.617708271208290
C      -0.984197748283950     -0.718175432839800     -3.332228102289870
C      -0.984071134107810      0.723518546157460     -3.330575127362220
C       0.385827064303760      1.167656279853110     -3.325019189064800
C       1.233051369470200      0.002891123417900     -3.325567102757140
C       0.385722812688950     -1.163817957824640     -3.329319626825640
Cl     -1.599651807597290     -0.016402562857290      5.349313922086320
Cl     -4.100277944683920      0.005423123819510      3.818600716101990
Cl      3.060285382917070     -2.221268868376720      4.100384325869860
64

C      -1.316079646955440     -0.000161960559810      3.552848710451350
C      -0.392514146748010     -1.160796154023600      3.260306707949980
C       0.962096316387790     -0.685665276180930      3.235219352818120
C       0.962143445203850      0.685424774386290      3.235391569078530
C      -0.392497341354860      1.160547499376920      3.260499178594730
C       2.307465987584710     -2.565391740194390      0.576652850936000
C       3.150502365250600     -1.395306010002360      0.575723097714220
C       2.950759114634750     -0.683584145352840      1.798161926299930
C       2.092468739714530     -1.515004102270390      2.727977626752310
C       1.576368646464270     -2.589499879003070      1.795070816178060
C       3.150463768104470      1.395245225372300      0.575809432205470
C       2.307438540373110      2.565340546051480      0.576868568903350
C       1.576340450642870      2.589313145537330      1.795302013402620
C       2.092488304513390      1.514743041659270      2.728040613022420
C       2.950635958408710      0.683400139729860      1.798140378313300
C      -0.359654694979970      3.422490092610220      0.570596147045240
C      -1.730798016428900      2.982840727950170      0.569130041534940
C      -1.981757319338200      2.270112374428680      1.789528696515720
C      -0.748505458033300      2.271980633832940      2.565044104934980
C       0.257437734040930      2.983612795253800      1.788209023506240
C      -3.376108571406970      0.720348528711830      0.565515887610470
C      -3.376098577857340     -0.720416091552530      0.565446444866430
C      -2.796493044779650     -1.165347196279250      1.789726746478140
C      -2.653287001440340     -0.000117929050040      2.746313974679960
C      -2.796509840809840      1.165181133335130      1.789830964591110
C      -1.730797152552900     -2.982911830743850      0.568859409046140
C      -0.359649717077440     -3.422556767957670      0.570289600055510
C       0.257449782925350     -2.983778984351380      1.787932755109490
C      -0.748481987819980     -2.272222933592920      2.564824709815310
C      -1.981757068799370     -2.270294250239960      1.789317184890910
C      -0.247540194215720     -3.007458811945660     -1.846254712428920
C       0.744379204877700     -2.289444801665870     -2.604788047983890
C       1.966484930819050     -2.286830512522730     -1.841508662874440
C       1.728364830491860     -3.003480138025310     -0.614683195407140
C       0.366312029184770     -3.445227897374920     -0.616337502098290
C       2.782526667346710     -1.164554048605240     -1.842352906900970
C       2.406897823390470      0.000106927903180     -2.602299457855320
C       2.782526379669220      1.164707355703310     -1.842268377211440
C       3.387812415780990      0.715544364766680     -0.613311926194630
C       3.387817479784720     -0.715504039372120     -0.613357361491680
C       1.966484148662180      2.286985183683220     -1.841311956215230
C       0.744378742053330      2.289661513788390     -2.604585904575680
C      -0.247540887907170      3.007615769241400     -1.845986816040050
C       0.366299809175610      3.445284071610580     -0.616032550072480
C       1.728357087141020      3.003535599629160     -0.614423773819430
C      -1.567145036699410      2.579000425899960     -1.847505618371940
C      -1.946068879807880      1.414489154839020     -2.607850109378990
C      -2.936145904504140      0.693280606640830     -1.851598437738560
C      -3.165171337836340      1.414188451687050     -0.621525828421000
C      -2.323615272989990      2.572764749237110     -0.620548504093440
C      -2.936224734366630     -0.693160186625890     -1.851707168383370
C      -1.946095587057860     -1.414287343856020     -2.607993326140660
C      -1.567150395224420     -2.578856783802860     -1.847742949457190
C      -2.323619953890570     -2.572728987590700     -0.620784707239070
C      -3.165189877991010     -1.414160567542970     -0.621659468084230
C      -0.989142593701340     -0.720288900735760     -3.340124308610820
C      -0.989128543586030      0.720562341861550     -3.340056353845140
C       0.380570135261680      1.165930023499060     -3.337768471772840
C       1.227109053833100      0.000136895877520     -3.337465705742060
C       0.380562635648380     -1.165651766914850     -3.337868948515030
Cl     -1.592489934786960     -0.000318353357150      5.341842599221440
Cl     -4.103844754321270     -0.000203897855790      3.828563821276850
Cl      3.038546271438420     -2.209680114315690      4.108134489873770
Cl      3.038892476607730      2.209369063131960      4.108134519095550
65

C      -1.296497446864360     -0.001739219542180      3.522992425303190
C      -0.377084728731270     -1.175168029717750      3.245110756921620
C       0.938235085624910     -0.716686321490370      3.217080187485990
C       0.913089138249490      0.709847704450050      3.175318603587810
C      -0.372585371954980      1.162280607680010      3.237467797855720
C       2.301496337777270     -2.572777050428970      0.572778189480860
C       3.139133531818200     -1.397646585359560      0.573515944773700
C       2.929661982713740     -0.685244954434850      1.792948916479600
C       2.076353596956020     -1.524042971020000      2.717578830823000
C       1.572415374867150     -2.609026775209540      1.791345844088410
C       3.135108504805380      1.391955816504530      0.572207247579260
C       2.295465355020120      2.561775433585690      0.569494220425950
C       1.559966072770300      2.601078852538190      1.792316947845000
C       2.075370641045820      1.523418908065700      2.721198761231310
C       2.927189687287170      0.683003762473920      1.793321943292090
C      -0.351397926424400      3.427324539436980      0.569435762824360
C      -1.716643202398130      2.973869190953990      0.568325033553920
C      -1.966077505007700      2.281536279139460      1.793795358515960
C      -0.801719478128270      2.487488324840870      2.739488364987140
C       0.260255474106120      3.028260516620900      1.796933081124800
C      -3.340649087998060      0.714383379032510      0.568022391269450
C      -3.352584757303150     -0.725568100158320      0.569034943171220
C      -2.780620360344350     -1.175711766196960      1.787878423481200
C      -2.630386641236590     -0.006178243017640      2.740662530150460
C      -2.748021257136150      1.163367765299560      1.787849884562000
C      -1.730039566864870     -3.004045856144600      0.558466794532710
C      -0.361185067667010     -3.448651403539520      0.559120428893830
C       0.251155051690510     -3.015348043598870      1.786157115805520
C      -0.753703488852290     -2.321017516264940      2.562688779965060
C      -1.971256461874150     -2.292665544012110      1.788282306316980
C      -0.246205958449040     -3.018626644931290     -1.854156069852000
C       0.745535736819550     -2.295886511483560     -2.609363512571580
C       1.967264558731940     -2.293062400633880     -1.845185991685850
C       1.728903180610820     -3.012373679815620     -0.621138192597520
C       0.365923915611930     -3.459786018807960     -0.625214599996680
C       2.783010106829380     -1.169882978210740     -1.846369974177730
C       2.408363317454870     -0.005797637566350     -2.607099985242330
C       2.782948846683540      1.160129754317830     -1.847861835107980
C       3.381188360569680      0.711853465984740     -0.615775051850650
C       3.381593688724930     -0.718865630658150     -0.615049780486460
C       1.969401708995010      2.283590629353260     -1.850519493449860
C       0.747022083846610      2.285486577248110     -2.611745063825260
C      -0.243957878373060      3.004114991775170     -1.852250098354290
C       0.368063848534060      3.442403903778260     -0.622473917612090
C       1.728186102313960      2.999590478839660     -0.622485247981820
C      -1.562430101240900      2.574488295699160     -1.852857299024060
C      -1.943218262456400      1.409503783923070     -2.611512890253940
C      -2.930446342911720      0.687909109445370     -1.851398928791980
C      -3.147479333052290      1.405595657143540     -0.620300046575060
C      -2.309618633531170      2.564873398685600     -0.621222889480710
C      -2.930194547017910     -0.700867486430500     -1.848893499528130
C      -1.943276900003910     -1.422786560464400     -2.611788893407930
C      -1.565932326029420     -2.590156106992790     -1.855493939505540
C      -2.320631061416810     -2.585843361032580     -0.626934881583200
C      -3.157784633822950     -1.421090132829740     -0.624298065708250
C      -0.988130810607600     -0.727263003389050     -3.342780807235590
C      -0.987572546846990      0.714564316723280     -3.343898791855610
C       0.382044078389180      1.159616105535400     -3.343275033744000
C       1.228433268826630     -0.005700824671950     -3.342100784781560
C       0.381994227461790     -1.172334760220000     -3.341862861210240
Cl     -1.551060348380090      0.011635305858690      5.315112659749960
Cl     -4.081556546800750      0.001852370273370      3.817350849008620
Cl      3.039602533260120     -2.211150321132920      4.101400147903610
Cl      2.996301684132100      2.174814787563160      4.125588726355590
Cl     -1.196944830766120      3.644018908342330      4.076089837759330
66

C      -1.289155338293450     -0.001158863002700      3.506515392499060
C      -0.370072955475180     -1.174256449810400      3.222941956758900
C       0.899414870916750     -0.727765534121980      3.149388030995480
C       0.899451499474420      0.725587641274940      3.149611042025410
C      -0.370081862482780      1.171964595389500      3.222988010510570
C       2.295942772050760     -2.568552304649420      0.563295978028610
C       3.131144391129520     -1.394654579679070      0.566917157830390
C       2.918961607654380     -0.685518456644220      1.786569195627430
C       2.071697670221340     -1.530972220314940      2.712823763045270
C       1.561490294260920     -2.614160012937770      1.786188804042610
C       3.131165713846850      1.393663894522790      0.567487249658130
C       2.295859070010210      2.567491846743220      0.564336726358420
C       1.561421013516320      2.612591669750300      1.787253927163370
C       2.071692523117420      1.529046343407580      2.713405565401970
C       2.919191856984690      0.684074263679880      1.786933906048180
C      -0.349739085615970      3.437298023088960      0.564683532170820
C      -1.714966413037780      2.981394289239730      0.564179728787750
C      -1.964068016574220      2.292023597717130      1.791599690085610
C      -0.802564409475460      2.505662080959970      2.739834440425110
C       0.261926911900120      3.042684630508830      1.793432851435120
C      -3.328930502863700      0.718076422328890      0.566917183744670
C      -3.328841459121490     -0.719335355173070      0.566584288731030
C      -2.740847359661840     -1.171470366687120      1.786431544474900
C      -2.623224719193310     -0.001082340044340      2.740369188686010
C      -2.740998018983140      1.169760563814940      1.786983846271730
C      -1.714865104158930     -2.982634734373740      0.562953884626540
C      -0.349625463323470     -3.438477565772070      0.563280619943490
C       0.262012878937270     -3.044179715318870      1.792158244992400
C      -0.802461963487760     -2.507750770715840      2.738792023117560
C      -1.963875950888610     -2.293669580268620      1.790656696302360
C      -0.242525508631440     -3.010706110542850     -1.858231587562630
C       0.747939328525380     -2.290540950274610     -2.617508162604830
C       1.970543556620230     -2.288745088053070     -1.856561598353450
C       1.729583208220300     -3.005844997680270     -0.629058588604870
C       0.369664143666150     -3.450017372019560     -0.628959287873230
C       2.783616924577180     -1.165067540621990     -1.854026834770010
C       2.409828580088180      0.000094161119140     -2.614368641870380
C       2.783565430691030      1.164978939464870     -1.853563807480260
C       3.379239843794240      0.714904672051490     -0.620740464636140
C       3.379299554587410     -0.715439001867020     -0.621039706214490
C       1.970469326184640      2.288630106551030     -1.855652126033720
C       0.747877741039600      2.290683915876210     -2.616607580756310
C      -0.242611512905800      3.010473817458060     -1.857024262598820
C       0.369542685055960      3.449306725315210     -0.627559191915620
C       1.729461099784270      3.005215479169430     -0.627848325001120
C      -1.561006266332090      2.581131307467110     -1.857404459631260
C      -1.941540211480310      1.416349799348570     -2.616149345898440
C      -2.927068203739400      0.693663358936300     -1.853898586445790
C      -3.143209965720490      1.410425068744240     -0.622874949429750
C      -2.307600297988320      2.571535399117230     -0.624891084709510
C      -2.927224551916480     -0.694044161565080     -1.854252547301440
C      -1.941570289761900     -1.416360976298320     -2.616740554365140
C      -1.560964956811490     -2.581429396994210     -1.858452608723330
C      -2.307566420289010     -2.572360640430350     -0.625935221255090
C      -3.143236614035560     -1.411260626475240     -0.623461854804150
C      -0.986926569413740     -0.720426859796360     -3.349368500846020
C      -0.986900672305430      0.720767985743670     -3.349089251151800
C       0.383299141207190      1.166379833805270     -3.348991915753300
C       1.229639812072930      0.000211268328740     -3.348843630173030
C       0.383306491795190     -1.165969765630010     -3.349439944130800
Cl     -1.522467650281400     -0.000927680487380      5.297318200234180
Cl     -4.070734920296850     -0.001626292909690      3.816921592054190
Cl      2.989309611568410     -2.169052684711270      4.124537463737290
Cl      2.989157145956740      2.166674796143140      4.125589058592510
Cl     -1.195448220891520      3.655252782407510      4.072520805058500
Cl     -1.195310790973520     -3.658293967277890      4.070591157372730
