60

C      -1.236263400000000      0.000000000000000      3.329976400000000
C      -0.382026400000000     -1.175756400000000      3.329976400000000
C       1.000158100000000     -0.726657400000000      3.329976400000000
C       1.000158100000000      0.726657400000000      3.329976400000000
C      -0.382026400000000      1.175756400000000      3.329976400000000
C       2.344335600000000     -2.601457500000000      0.594642100000000
C       3.198572600000000     -1.425701100000000      0.594642100000000
C       2.962467300000000     -0.699043700000000      1.830905500000000
C       1.962309200000000     -1.425701100000000      2.594958300000000
C       1.580282800000000     -2.601457500000000      1.830905500000000
C       3.198572600000000      1.425701100000000      0.594642100000000
C       2.344335600000000      2.601457500000000      0.594642100000000
C       1.580282800000000      2.601457500000000      1.830905500000000
C       1.962309200000000      1.425701100000000      2.594958300000000
C       2.962467300000000      0.699043700000000      1.830905500000000
C      -0.367509000000000      3.482589200000000      0.594642100000000
C      -1.749693500000000      3.033490300000000      0.594642100000000
C      -1.985798800000000      2.306832900000000      1.830905500000000
C      -0.749535400000000      2.306832900000000      2.594958300000000
C       0.250622700000000      3.033490300000000      1.830905500000000
C      -3.425705700000000      0.726657400000000      0.594642100000000
C      -3.425705700000000     -0.726657400000000      0.594642100000000
C      -2.807574000000000     -1.175756400000000      1.830905500000000
C      -2.425547600000000      0.000000000000000      2.594958300000000
C      -2.807574000000000      1.175756400000000      1.830905500000000
C      -1.749693500000000     -3.033490300000000      0.594642100000000
C      -0.367509000000000     -3.482589200000000      0.594642100000000
C       0.250622700000000     -3.033490300000000      1.830905500000000
C      -0.749535400000000     -2.306832900000000      2.594958300000000
C      -1.985798800000000     -2.306832900000000      1.830905500000000
C      -0.250622700000000     -3.033490300000000     -1.830905500000000
C       0.749535400000000     -2.306832900000000     -2.594958300000000
C       1.985798800000000     -2.306832900000000     -1.830905500000000
C       1.749693500000000     -3.033490300000000     -0.594642100000000
C       0.367509000000000     -3.482589200000000     -0.594642100000000
C       2.807574000000000     -1.175756400000000     -1.830905500000000
C       2.425547600000000      0.000000000000000     -2.594958300000000
C       2.807574000000000      1.175756400000000     -1.830905500000000
C       3.425705700000000      0.726657400000000     -0.594642100000000
C       3.425705700000000     -0.726657400000000     -0.594642100000000
C       1.985798800000000      2.306832900000000     -1.830905500000000
C       0.749535400000000      2.306832900000000     -2.594958300000000
C      -0.250622700000000      3.033490300000000     -1.830905500000000
C       0.367509000000000      3.482589200000000     -0.594642100000000
C       1.749693500000000      3.033490300000000     -0.594642100000000
C      -1.580282800000000      2.601457500000000     -1.830905500000000
C      -1.962309200000000      1.425701100000000     -2.594958300000000
C      -2.962467300000000      0.699043700000000     -1.830905500000000
C      -3.198572600000000      1.425701100000000     -0.594642100000000
C      -2.344335600000000      2.601457500000000     -0.594642100000000
C      -2.962467300000000     -0.699043700000000     -1.830905500000000
C      -1.962309200000000     -1.425701100000000     -2.594958300000000
C      -1.580282800000000     -2.601457500000000     -1.830905500000000
C      -2.344335600000000     -2.601457500000000     -0.594642100000000
C      -3.198572600000000     -1.425701100000000     -0.594642100000000
C      -1.000158100000000     -0.726657400000000     -3.329976400000000
C      -1.000158100000000      0.726657400000000     -3.329976400000000
C       0.382026400000000      1.175756400000000     -3.329976400000000
C       1.236263400000000      0.000000000000000     -3.329976400000000
C       0.382026400000000     -1.175756400000000     -3.329976400000000
61

C      -1.297876415850440      0.000000006679220      3.532021166466770
C      -0.371044810654410     -1.174825432783840      3.310592619251980
C       0.979765159169790     -0.721561077125350      3.281047128204010
C       0.979765162888520      0.721561078581760      3.281047129038300
C      -0.371044803697150      1.174825439742370      3.310592611961330
C       2.335424770442980     -2.582623675148000      0.583446481526530
C       3.182049981461510     -1.415415733890740      0.582321643389920
C       2.943714392321970     -0.694030811240040      1.807040334677850
C       1.950460282927530     -1.415563311934970      2.561754708924690
C       1.577656558653250     -2.578673310001750      1.809106349934320
C       3.182049987245020      1.415415719491150      0.582321640755870
C       2.335424782002710      2.582623664811230      0.583446476451770
C       1.577656570554450      2.578673305722880      1.809106344085130
C       1.950460288024100      1.415563306764060      2.561754706094030
C       2.943714391968900      0.694030799817910      1.807040333056580
C      -0.361210755969350      3.445142950507450      0.585825837108890
C      -1.734696651755060      3.001537293099890      0.589169882673710
C      -1.972224809685150      2.293114930842910      1.810615775757450
C      -0.733999951989850      2.276887673883310      2.568520662595010
C       0.253092606409650      2.997835268393280      1.808964403428030
C      -3.396441116930200      0.717583963950480      0.574104594910550
C      -3.396441116780140     -0.717583946565960      0.574104596271800
C      -2.771620622967400     -1.149614470380600      1.806639830760530
C      -2.421678083743300      0.000000007063950      2.560574092220100
C      -2.771620616785020      1.149614485371090      1.806639827257410
C      -1.734696665701550     -3.001537283722360      0.589169889495620
C      -0.361210772558540     -3.445142946432100      0.585825844002100
C       0.253092591842620     -2.997835265599930      1.808964409075140
C      -0.733999963703910     -2.276887665999200      2.568520669306140
C      -1.972224821087630     -2.293114919853220      1.810615781865430
C      -0.245857499530260     -3.009700101953940     -1.822313479651180
C       0.744378538526540     -2.288404688786790     -2.578214056353990
C       1.972668515688530     -2.288597429341620     -1.821140661310600
C       1.740294683975960     -3.008283650765220     -0.596231994453140
C       0.367241664720220     -3.451123192739300     -0.594426766660740
C       2.790255767765390     -1.165501905741220     -1.823302206822190
C       2.410754742536800     -0.000000006466210     -2.580300106041010
C       2.790255776057980      1.165501891189910     -1.823302209719500
C       3.405964632658200      0.721083352985460     -0.598766162420650
C       3.405964630223930     -0.721083369982190     -0.598766161549690
C       1.972668527884960      2.288597417720250     -1.821140665870120
C       0.744378549889810      2.288404678896350     -2.578214060293490
C      -0.245857485658180      3.009700097516470     -1.822313485928760
C       0.367241680837520      3.451123189243860     -0.594426773404620
C       1.740294699604460      3.008283643051920     -0.596232000726250
C      -1.568460536810170      2.580485407445660     -1.821202762594970
C      -1.947288387265570      1.415331575239380     -2.583569027643160
C      -2.942420628094520      0.694339339049390     -1.829754601104050
C      -3.174773374203800      1.414438386714220     -0.603258129120740
C      -2.326882144883240      2.581123774258280     -0.600859511451970
C      -2.942420625082800     -0.694339327104050     -1.829754598993080
C      -1.947288392728870     -1.415331572238240     -2.583569025271510
C      -1.568460548818950     -2.580485405198100     -1.821202757256390
C      -2.326882157234260     -2.581123764696060     -0.600859506025960
C      -3.174773378703500     -1.414438372331360     -0.603258126665120
C      -0.991386304362060     -0.720970832758320     -3.310263329205440
C      -0.991386300884630      0.720970828372490     -3.310263326543490
C       0.380537838887230      1.165474562131990     -3.308813975110220
C       1.226679697668390     -0.000000008116790     -3.307811898062470
C       0.380537832120740     -1.165474572667070     -3.308813974676060
Cl     -1.937142444436250      0.000000087636830      5.254604199152910
62

C      -1.305909905216210      0.000000006456940      3.577552549474720
C      -0.382631431365270     -1.166117707158050      3.285963618227950
C       0.972569669539630     -0.719525099098940      3.268540933703900
C       0.972569670727220      0.719525095411670      3.268540934367580
C      -0.382631426660210      1.166117712385400      3.285963616853080
C       2.335242390471540     -2.581790913735870      0.582973167575590
C       3.184010030895910     -1.415519019063120      0.583553353436650
C       2.945457520532720     -0.693320996616510      1.807730126232660
C       1.945874845251050     -1.414275124289040      2.557131558951810
C       1.575080836592180     -2.577109434385860      1.805846686819560
C       3.184010037875740      1.415518996792770      0.583553354419520
C       2.335242405977810      2.581790897330090      0.582973167060290
C       1.575080851880150      2.577109424304740      1.805846685977520
C       1.945874852072850      1.414275112592750      2.557131559707080
C       2.945457521760570      0.693320976990130      1.807730128068520
C      -0.362886011055800      3.437180580236480      0.578774829834970
C      -1.733084644928000      2.992756700772520      0.574666823818580
C      -1.977811818922310      2.274947201373610      1.793917017676880
C      -0.737060608310210      2.274924610632690      2.564869703043290
C       0.247678096484040      2.992733679862410      1.805416646593380
C      -3.365951091513280      0.719526861215190      0.572802171852080
C      -3.365951085614700     -0.719526831046400      0.572802164429580
C      -2.781381068049490     -1.166212891737930      1.795536626646190
C      -2.633860829789940      0.000000012279620      2.752461798156050
C      -2.781381077612350      1.166212921701870      1.795536637959970
C      -1.733084662462100     -2.992756687891270      0.574666823068420
C      -0.362886033274150     -3.437180577788760      0.578774831310750
C       0.247678078068310     -2.992733680271630      1.805416648031140
C      -0.737060620726730     -2.274924603011290      2.564869704152530
C      -1.977811829033780     -2.274947182906040      1.793917015134660
C      -0.239961046383130     -3.007450610611330     -1.830584489474390
C       0.752988719683170     -2.288428327085320     -2.584262580805040
C       1.978739500766100     -2.288449168443630     -1.822633308647510
C       1.742835095295190     -3.007471133662690     -0.598570091094580
C       0.369232872792670     -3.448133390831370     -0.599467506342450
C       2.796191640781150     -1.165928467321620     -1.822839667359280
C       2.417661923296750     -0.000000009549880     -2.580767517673230
C       2.796191646779880      1.165928445758440     -1.822839666925180
C       3.409842791416370      0.721113163712960     -0.597227803801920
C       3.409842790851570     -0.721113188853000     -0.597227805593930
C       1.978739515224600      2.288449152611880     -1.822633308832970
C       0.752988733749360      2.288428319248020     -2.584262581429680
C      -0.239961027229160      3.007450609169020     -1.830584490073590
C       0.369232894794260      3.448133386947760     -0.599467507740750
C       1.742835114566500      3.007471120249290     -0.598570092343840
C      -1.561685130854570      2.581801872361340     -1.838387309018260
C      -1.938129471504290      1.415536171117760     -2.599106647460810
C      -2.930028152903420      0.693322283473780     -1.843043733421240
C      -3.159201246020570      1.414266475146650     -0.614930462393770
C      -2.321397141872560      2.577106608848910     -0.615236631877140
C      -2.930028156619650     -0.693322265615820     -1.843043740423790
C      -1.938129479369610     -1.415536161896060     -2.599106651746700
C      -1.561685146879010     -2.581801863867520     -1.838387309588440
C      -2.321397157152520     -2.577106592946150     -0.615236632985730
C      -3.159201251456110     -1.414266451936080     -0.614930466567810
C      -0.979502613991860     -0.721106461840890     -3.324534021734280
C      -0.979502611051100      0.721106464963290     -3.324534018537940
C       0.391148174965160      1.165795291848210     -3.317136715380310
C       1.238401413917300     -0.000000005634050     -3.313464433052720
C       0.391148168812590     -1.165795297725440     -3.317136716205460
Cl     -1.610647349202630      0.000000016133150      5.363939702143410
Cl     -4.100461633255610     -0.000000041194260      3.816901260529010
63

C      -1.309470878670870      0.007988076170460      3.563002333567880
C      -0.373504707536190     -1.151376758345080      3.266094022514270
C       0.952617552329590     -0.708629366086230      3.269421338126310
C       0.961574416724050      0.714826088477040      3.251043845914320
C      -0.393314797369570      1.176746489677850      3.278044266969980
C       2.309651591706790     -2.567049032573640      0.581930136641730
C       3.158042637556010     -1.398929745544680      0.582596881682210
C       2.953368281540490     -0.691237959220250      1.802815469763020
C       2.078808579539090     -1.512066754527380      2.723663238234750
C       1.576178196374000     -2.593665036608140      1.799312568684030
C       3.171182502644190      1.408576239318260      0.575834339301200
C       2.326973983548480      2.575737457326170      0.577271076107630
C       1.569338951564150      2.573210051593590      1.804255066318890
C       1.943366886878770      1.423421349455960      2.558873665268420
C       2.935801655674430      0.684450218947020      1.796489716249400
C      -0.366845060078770      3.440826174088650      0.577230951817250
C      -1.738907010360700      2.999526997778150      0.571602828011580
C      -1.988401185698960      2.285910226637260      1.791973861742640
C      -0.746714262047530      2.286284420408960      2.562878329524890
C       0.240533833568520      3.001724065415330      1.802014662110100
C      -3.370000878130060      0.724632492118220      0.569657873300280
C      -3.364348568456590     -0.715631740823240      0.572449337043580
C      -2.783183407472140     -1.158774750043130      1.792196121743030
C      -2.639028158347570      0.007343283864220      2.747414846028000
C      -2.789229372857130      1.174877875077850      1.792445825288730
C      -1.726672577228650     -2.985614640974200      0.567331429306460
C      -0.359574796780740     -3.430575915683610      0.568417564557220
C       0.253873677496610     -2.988959559012190      1.792706481471720
C      -0.746309937940510     -2.286441676723940      2.566264379886460
C      -1.966343173876480     -2.267786767949570      1.792866666594470
C      -0.243024791751720     -3.008502601866950     -1.845086840699570
C       0.749087560682450     -2.287637040177570     -2.599287138674100
C       1.972428490708190     -2.285285956907910     -1.834022411533910
C       1.732910829914500     -3.004658098444430     -0.610839823470040
C       0.368729887956360     -3.447612471619670     -0.614807364034370
C       2.788757160371850     -1.162507252491530     -1.833367374479520
C       2.413734350667200      0.002298328725670     -2.593492973215990
C       2.793381401642270      1.167843889517690     -1.834739643301650
C       3.403979394749590      0.720121108405360     -0.609023270078460
C       3.399001325361350     -0.714457110211350     -0.606269235349570
C       1.973801455523160      2.288808511804170     -1.830192787760480
C       0.749696218692350      2.290056194164420     -2.589642161191360
C      -0.243494109099630      3.009032656808940     -1.832541803432820
C       0.365670481553050      3.451280813768270     -0.604484328464660
C       1.737310125534390      3.006104537855290     -0.602999713699460
C      -1.565320695975860      2.583811997854650     -1.841317900730700
C      -1.941596030412140      1.417906774455440     -2.601516268375180
C      -2.932399485748230      0.696776342901350     -1.846223278492010
C      -3.163106326782160      1.418612438702600     -0.617729791074020
C      -2.325884722122770      2.581441715110940     -0.618244935474550
C      -2.931376075522150     -0.690411870444770     -1.844175770899830
C      -1.940664047166020     -1.413205548227990     -2.604457748692250
C      -1.563190356938040     -2.578919520668370     -1.846847478693380
C      -2.319039113686160     -2.572183414480760     -0.619361945361640
C      -3.159968853342690     -1.411010192733560     -0.618871687007370
C      -0.983722671320530     -0.717855183992130     -3.332993193058130
C      -0.983599129947900      0.723819578370310     -3.331253705501340
C       0.386292195690940      1.167958054226520     -3.325437683740980
C       1.233517249198480      0.003191372664210     -3.325916282852810
C       0.386194437808480     -1.163503525856780     -3.329880599083850
Cl     -1.600347090248780     -0.016225962074420      5.348705431337720
Cl     -4.101057451940530      0.005039707082310      3.817337480737340
Cl      3.059804760765910     -2.221764465358640      4.100100848470980
64

C      -1.316521800737570     -0.000043138666430      3.551691259579280
C      -0.392851506354730     -1.160723523127330      3.259241941407490
C       0.961663814159010     -0.685695416504500      3.234254822415200
C       0.961734924567830      0.685515823108030      3.234339291091590
C      -0.392773587625410      1.160609878476690      3.259324849333910
C       2.307062022781620     -2.565399757401700      0.575705979881730
C       3.150136118188580     -1.395351194797990      0.574781063712770
C       2.950277727300670     -0.683610488344830      1.797114521504610
C       2.091912079200340     -1.514889500620230      2.726868485066780
C       1.575916267094110     -2.589442666384550      1.794040781246910
C       3.150245286416960      1.395154397343580      0.574867759499570
C       2.307209849859420      2.565233898599480      0.575829894864480
C       1.576065246545520      2.589264290414870      1.794167158736530
C       2.092025880080470      1.514670545147930      2.726974204111210
C       2.950413374522910      0.683396261514780      1.797221172733910
C      -0.359855025917960      3.422546661194140      0.569443597609590
C      -1.730983037969060      2.982913783810400      0.567936360341780
C      -1.981987514221410      2.270215902157700      1.788336992992920
C      -0.748740695911560      2.272104770425780      2.563882165466150
C       0.257167156399970      2.983698345398030      1.787104885274500
C      -3.376297027957420      0.720448052586980      0.564310838008950
C      -3.376333363330580     -0.720325077674920      0.564278451132160
C      -2.796799477039190     -1.165234347959830      1.788538732849570
C      -2.653534229146180      0.000000836503540      2.745162153485880
C      -2.796733717552010      1.165278399448360      1.788586468925020
C      -1.731148592242320     -2.982881277773890      0.567802352571030
C      -0.360044030394870     -3.422585780846010      0.569290433889910
C       0.256999282244370     -2.983813222652710      1.786969320231980
C      -0.748869536336660     -2.272191589592320      2.563776047151550
C      -1.982117886809910     -2.270220496157570      1.788234482626700
C      -0.247813123140520     -3.007473926637480     -1.847247026734070
C       0.744141895599990     -2.289487167947440     -2.605774024432530
C       1.966199265553860     -2.286898915130270     -1.842462391139190
C       1.728033801862310     -3.003592977857560     -0.615637552662970
C       0.365999602867410     -3.445268318392030     -0.617314199003080
C       2.782269066969060     -1.164668764341660     -1.843297964420350
C       2.406701901748210     -0.000018094982420     -2.603251251474740
C       2.782326357162770      1.164577938274190     -1.843238450695750
C       3.387623021282670      0.715414998153930     -0.614248736174620
C       3.387592528144360     -0.715580088472780     -0.614294067317380
C       1.966319597900600      2.286850614915160     -1.842358421421930
C       0.744264307526610      2.289532788245250     -2.605671613076940
C      -0.247651785528540      3.007536084719780     -1.847112853998300
C       0.366185112407740      3.445241895779490     -0.617160228278680
C       1.728196510114370      3.003495341304470     -0.615498387939310
C      -1.567245687660200      2.578975277412240     -1.848674180059090
C      -1.946189035097590      1.414458113743000     -2.609016494767710
C      -2.936304648726940      0.693305229369200     -1.852827499941430
C      -3.165376633408430      1.414286493190810     -0.622722480367570
C      -2.323787969292910      2.572775385007760     -0.621748925903920
C      -2.936355782311890     -0.693108683834110     -1.852869318734910
C      -1.946268773896700     -1.414277636081060     -2.609084974323200
C      -1.567384928913700     -2.578847460440480     -1.848791036089330
C      -2.323929073667550     -2.572660652814670     -0.621866644347650
C      -3.165457641500010     -1.414125664675650     -0.622788317138300
C      -0.989296922419930     -0.720325819790000     -3.341250084884420
C      -0.989252177304590      0.720488344019580     -3.341208907660720
C       0.380460532312780      1.165824977515770     -3.338877052274020
C       1.226958688414710      0.000025096701870     -3.338513715834940
C       0.380397708004990     -1.165731043809130     -3.338930497706940
Cl     -1.592958524121530     -0.000098532457010      5.340606081164220
Cl     -4.104064676022700      0.000011903956990      3.827396655247090
Cl      3.038380061195510     -2.209715671871950      4.107094723476040
Cl      3.038475932653420      2.209472307209120      4.107234249552530
65

C      -1.296738504817050     -0.002001212676610      3.521480313082680
C      -0.377325035445880     -1.175476919189830      3.243980224776790
C       0.938084982835730     -0.717025932831340      3.215962999361400
C       0.912894415977590      0.709491336775080      3.173978969758690
C      -0.372801906155480      1.161902264862580      3.235731076351690
C       2.301309648915730     -2.572935521833400      0.571450245605550
C       3.138948445746670     -1.397838676034300      0.572284138677060
C       2.929484696638560     -0.685508435862030      1.791723199355180
C       2.076063739266150     -1.524284778915530      2.716260026992360
C       1.572162385037290     -2.609173005317060      1.789971458494770
C       3.134913901049040      1.391709222107970      0.571031882872180
C       2.295264298231810      2.561499443139220      0.568349987990630
C       1.559789644071700      2.600746002236530      1.791137233031750
C       2.075177986447210      1.523111525999660      2.719994329679000
C       2.927052577564260      0.682765508011660      1.792110373538830
C      -0.351516849174340      3.427063204840730      0.568303873547550
C      -1.716746632474400      2.973601182438870      0.567164105536800
C      -1.966304811079620      2.281348392332910      1.792631047740300
C      -0.801873592801780      2.487171280590800      2.738348259359710
C       0.260110366670720      3.028088317835660      1.795820367141100
C      -3.340752551915700      0.714233157714110      0.566761634615200
C      -3.352674827490670     -0.725704759321150      0.567650586116710
C      -2.780692467775020     -1.175903597931270      1.786383009411200
C      -2.630641843538900     -0.006484026926660      2.739430682043220
C      -2.748265347552280      1.163156760280640      1.786638387247120
C      -1.730225090506810     -3.004260495340610      0.557079717625480
C      -0.361384679874350     -3.448881316756730      0.557744093084100
C       0.250931529017230     -3.015596967328890      1.784789716070700
C      -0.753828623037330     -2.321183916084850      2.561289429449410
C      -1.971450371791660     -2.292926474610030      1.786903422312700
C      -0.246349447879270     -3.018738954057350     -1.855498217514470
C       0.745403730294920     -2.295958218510970     -2.610667105690020
C       1.967103726618900     -2.293165639308720     -1.846474836087310
C       1.728755681692240     -3.012571083497040     -0.622469533770170
C       0.365763980248430     -3.459966852200550     -0.626586406449270
C       2.782874095575900     -1.170018616284770     -1.847605575111120
C       2.408248375735680     -0.005911040191910     -2.608308823628130
C       2.782813068645060      1.159980724834270     -1.849035738036510
C       3.381101131306630      0.711658852133460     -0.616971461983510
C       3.381496815961430     -0.719028319142450     -0.616274806416540
C       1.969298586223400      2.283440747244430     -1.851676671549800
C       0.746937728822670      2.285363505119480     -2.612919972545080
C      -0.244046974066800      3.003955674758770     -1.853400963455760
C       0.367945957819820      3.442220216111700     -0.623609538050150
C       1.728060594806540      2.999445460272110     -0.623631636370890
C      -1.562499760422360      2.574336515801990     -1.854045814590880
C      -1.943295432593840      1.409400858128400     -2.612751991829270
C      -2.930525906072730      0.687783044433690     -1.852673081776180
C      -3.147584159015820      1.405472621535650     -0.621556147956670
C      -2.309714281886060      2.564692399731360     -0.622425461284080
C      -2.930288795113420     -0.700973750185140     -1.850250695986430
C      -1.943392861804890     -1.422876783397620     -2.613140551597250
C      -1.566075217534620     -2.590276717782030     -1.856860149445750
C      -2.320817150012850     -2.585992223624100     -0.628323300573540
C      -3.157953954317110     -1.421255684952290     -0.625690124714030
C      -0.988220420668690     -0.727327905447640     -3.344090506490170
C      -0.987655092157430      0.714483792653290     -3.345159753755440
C       0.381959753761320      1.159525836509490     -3.344496416417050
C       1.228329664915450     -0.005785982909190     -3.343340611485210
C       0.381889628297040     -1.172397263042480     -3.343159785748140
Cl     -1.551265630497040      0.012384312825230      5.313883160674050
Cl     -4.081665386441460      0.000861607762590      3.815914342272930
Cl      3.039620945430090     -2.211878386474510      4.099886470696650
Cl      2.995962566302030      2.174431955663800      4.124487734440620
Cl     -1.196910520571050      3.643281867557300      4.075240707952610
66

C      -1.319784225916740     -0.008643483708510      3.540580693375510
C      -0.407917674481940     -1.194944625333840      3.308033564728620
C       1.025053288686920     -0.770119644833290      3.550951109317350
C       0.908401192213320      0.689903817254540      3.172626280424830
C      -0.364572220595910      1.103297978768320      3.167004981072400
C       2.293501341851720     -2.559664287434690      0.572307649889460
C       3.126294579197870     -1.386607434736600      0.576179528092450
C       2.896869784330840     -0.675196175232840      1.795136436943860
C       2.108380927343530     -1.548849974120560      2.748279705051050
C       1.554532234023140     -2.575940663058270      1.787743585386470
C       3.127775153414430      1.396107251840080      0.569470537809340
C       2.289642217576050      2.565358807153480      0.563894501234560
C       1.548677765813940      2.597523189931140      1.783601764568810
C       2.057640136992260      1.520501580113390      2.716927387819720
C       2.911052680355190      0.687974625450760      1.791685798631700
C      -0.359542688209600      3.425670452870990      0.552205560604740
C      -1.724738662883670      2.971940495485140      0.548058822532690
C      -1.975168806693790      2.274752968224130      1.770123107738500
C      -0.802872542696540      2.449445024400730      2.704306165502760
C       0.249187629443920      3.019526394381670      1.777865427407950
C      -3.358488391329100      0.719291945185050      0.547558156211180
C      -3.373773405899490     -0.719244916049790      0.547287186912370
C      -2.795087424949460     -1.163422101119770      1.768533560876220
C      -2.647491321984000     -0.004410090521940      2.727285552005440
C      -2.764615002112370      1.163343264479740      1.770151514943010
C      -1.732565407716480     -2.980579447537120      0.556603439939630
C      -0.363164626822600     -3.425284096694940      0.562650510414450
C       0.249532761083700     -2.987140756188520      1.781880674263660
C      -0.748228722018100     -2.253113340051740      2.555613930409950
C      -1.980663884721860     -2.262897834649470      1.772033112158600
C      -0.246529826725400     -3.014584116363000     -1.855483773830550
C       0.747570424153670     -2.295472300786800     -2.611333775756920
C       1.968347537321590     -2.291054019318350     -1.846249643936420
C       1.724710090353930     -3.004718870073540     -0.618748780752640
C       0.363322054048800     -3.450420849013710     -0.623410211164850
C       2.783394592064740     -1.167751835197540     -1.845341622571850
C       2.411206802946600     -0.004556011671380     -2.609634055941510
C       2.783783089135560      1.163168945151430     -1.851843776336910
C       3.378001190349940      0.717331313993680     -0.617249827606280
C       3.376746815626830     -0.713323789121660     -0.612871287356700
C       1.969339739222500      2.285931973455790     -1.857425611698350
C       0.748490129593450      2.285450535960540     -2.622076850059560
C      -0.245205836991500      3.005095863900590     -1.867195883547980
C       0.363898860243110      3.444470642013950     -0.636440843240170
C       1.724787043529100      3.002527027335610     -0.630435829976340
C      -1.563915217507780      2.575060511993700     -1.871027440290450
C      -1.942438659375870      1.409269313214710     -2.628847813406960
C      -2.933101061638290      0.688647840005130     -1.870570614890010
C      -3.156083908046700      1.408178349229430     -0.641703653663940
C      -2.316533337586530      2.566603952020490     -0.642378030152830
C      -2.933540850207510     -0.699194781104930     -1.867889494145420
C      -1.942206469571240     -1.421982262519130     -2.623205853453390
C      -1.566335990788530     -2.585986913934980     -1.861311268972310
C      -2.325713202826680     -2.577171418462670     -0.635282511027870
C      -3.165490123009040     -1.416654423437940     -0.640337598683610
C      -0.984096022623140     -0.727813858745690     -3.352862630369970
C      -0.984119389602740      0.713308042786110     -3.356489441445350
C       0.385987250539260      1.159246888988880     -3.352640036276290
C       1.232673715657210     -0.006583412281690     -3.346699071707510
C       0.385963984495390     -1.172739539981760     -3.346824369010330
Cl     -1.640422251108800      0.160927131127920      5.313775264471470
Cl     -4.115776654807960     -0.007487251831780      3.780685316848180
Cl      3.286289367316700     -2.411246307421050      3.813345796123750
Cl      2.973794509990540      2.176977990261310      4.124624398095600
Cl     -1.169738213967580      3.522584727110520      4.106334718636290
Cl      1.369906468150460     -0.816663865505860      5.327097683291840
