61

C      -1.297876415850440      0.000000006679220      3.532021166466770
C      -0.371044810654410     -1.174825432783840      3.310592619251980
C       0.979765159169790     -0.721561077125350      3.281047128204010
C       0.979765162888520      0.721561078581760      3.281047129038300
C      -0.371044803697150      1.174825439742370      3.310592611961330
C       2.335424770442980     -2.582623675148000      0.583446481526530
C       3.182049981461510     -1.415415733890740      0.582321643389920
C       2.943714392321970     -0.694030811240040      1.807040334677850
C       1.950460282927530     -1.415563311934970      2.561754708924690
C       1.577656558653250     -2.578673310001750      1.809106349934320
C       3.182049987245020      1.415415719491150      0.582321640755870
C       2.335424782002710      2.582623664811230      0.583446476451770
C       1.577656570554450      2.578673305722880      1.809106344085130
C       1.950460288024100      1.415563306764060      2.561754706094030
C       2.943714391968900      0.694030799817910      1.807040333056580
C      -0.361210755969350      3.445142950507450      0.585825837108890
C      -1.734696651755060      3.001537293099890      0.589169882673710
C      -1.972224809685150      2.293114930842910      1.810615775757450
C      -0.733999951989850      2.276887673883310      2.568520662595010
C       0.253092606409650      2.997835268393280      1.808964403428030
C      -3.396441116930200      0.717583963950480      0.574104594910550
C      -3.396441116780140     -0.717583946565960      0.574104596271800
C      -2.771620622967400     -1.149614470380600      1.806639830760530
C      -2.421678083743300      0.000000007063950      2.560574092220100
C      -2.771620616785020      1.149614485371090      1.806639827257410
C      -1.734696665701550     -3.001537283722360      0.589169889495620
C      -0.361210772558540     -3.445142946432100      0.585825844002100
C       0.253092591842620     -2.997835265599930      1.808964409075140
C      -0.733999963703910     -2.276887665999200      2.568520669306140
C      -1.972224821087630     -2.293114919853220      1.810615781865430
C      -0.245857499530260     -3.009700101953940     -1.822313479651180
C       0.744378538526540     -2.288404688786790     -2.578214056353990
C       1.972668515688530     -2.288597429341620     -1.821140661310600
C       1.740294683975960     -3.008283650765220     -0.596231994453140
C       0.367241664720220     -3.451123192739300     -0.594426766660740
C       2.790255767765390     -1.165501905741220     -1.823302206822190
C       2.410754742536800     -0.000000006466210     -2.580300106041010
C       2.790255776057980      1.165501891189910     -1.823302209719500
C       3.405964632658200      0.721083352985460     -0.598766162420650
C       3.405964630223930     -0.721083369982190     -0.598766161549690
C       1.972668527884960      2.288597417720250     -1.821140665870120
C       0.744378549889810      2.288404678896350     -2.578214060293490
C      -0.245857485658180      3.009700097516470     -1.822313485928760
C       0.367241680837520      3.451123189243860     -0.594426773404620
C       1.740294699604460      3.008283643051920     -0.596232000726250
C      -1.568460536810170      2.580485407445660     -1.821202762594970
C      -1.947288387265570      1.415331575239380     -2.583569027643160
C      -2.942420628094520      0.694339339049390     -1.829754601104050
C      -3.174773374203800      1.414438386714220     -0.603258129120740
C      -2.326882144883240      2.581123774258280     -0.600859511451970
C      -2.942420625082800     -0.694339327104050     -1.829754598993080
C      -1.947288392728870     -1.415331572238240     -2.583569025271510
C      -1.568460548818950     -2.580485405198100     -1.821202757256390
C      -2.326882157234260     -2.581123764696060     -0.600859506025960
C      -3.174773378703500     -1.414438372331360     -0.603258126665120
C      -0.991386304362060     -0.720970832758320     -3.310263329205440
C      -0.991386300884630      0.720970828372490     -3.310263326543490
C       0.380537838887230      1.165474562131990     -3.308813975110220
C       1.226679697668390     -0.000000008116790     -3.307811898062470
C       0.380537832120740     -1.165474572667070     -3.308813974676060
Cl     -1.937142444436250      0.000000087636830      5.254604199152910
62

C      -1.305909905216210      0.000000006456940      3.577552549474720
C      -0.382631431365270     -1.166117707158050      3.285963618227950
C       0.972569669539630     -0.719525099098940      3.268540933703900
C       0.972569670727220      0.719525095411670      3.268540934367580
C      -0.382631426660210      1.166117712385400      3.285963616853080
C       2.335242390471540     -2.581790913735870      0.582973167575590
C       3.184010030895910     -1.415519019063120      0.583553353436650
C       2.945457520532720     -0.693320996616510      1.807730126232660
C       1.945874845251050     -1.414275124289040      2.557131558951810
C       1.575080836592180     -2.577109434385860      1.805846686819560
C       3.184010037875740      1.415518996792770      0.583553354419520
C       2.335242405977810      2.581790897330090      0.582973167060290
C       1.575080851880150      2.577109424304740      1.805846685977520
C       1.945874852072850      1.414275112592750      2.557131559707080
C       2.945457521760570      0.693320976990130      1.807730128068520
C      -0.362886011055800      3.437180580236480      0.578774829834970
C      -1.733084644928000      2.992756700772520      0.574666823818580
C      -1.977811818922310      2.274947201373610      1.793917017676880
C      -0.737060608310210      2.274924610632690      2.564869703043290
C       0.247678096484040      2.992733679862410      1.805416646593380
C      -3.365951091513280      0.719526861215190      0.572802171852080
C      -3.365951085614700     -0.719526831046400      0.572802164429580
C      -2.781381068049490     -1.166212891737930      1.795536626646190
C      -2.633860829789940      0.000000012279620      2.752461798156050
C      -2.781381077612350      1.166212921701870      1.795536637959970
C      -1.733084662462100     -2.992756687891270      0.574666823068420
C      -0.362886033274150     -3.437180577788760      0.578774831310750
C       0.247678078068310     -2.992733680271630      1.805416648031140
C      -0.737060620726730     -2.274924603011290      2.564869704152530
C      -1.977811829033780     -2.274947182906040      1.793917015134660
C      -0.239961046383130     -3.007450610611330     -1.830584489474390
C       0.752988719683170     -2.288428327085320     -2.584262580805040
C       1.978739500766100     -2.288449168443630     -1.822633308647510
C       1.742835095295190     -3.007471133662690     -0.598570091094580
C       0.369232872792670     -3.448133390831370     -0.599467506342450
C       2.796191640781150     -1.165928467321620     -1.822839667359280
C       2.417661923296750     -0.000000009549880     -2.580767517673230
C       2.796191646779880      1.165928445758440     -1.822839666925180
C       3.409842791416370      0.721113163712960     -0.597227803801920
C       3.409842790851570     -0.721113188853000     -0.597227805593930
C       1.978739515224600      2.288449152611880     -1.822633308832970
C       0.752988733749360      2.288428319248020     -2.584262581429680
C      -0.239961027229160      3.007450609169020     -1.830584490073590
C       0.369232894794260      3.448133386947760     -0.599467507740750
C       1.742835114566500      3.007471120249290     -0.598570092343840
C      -1.561685130854570      2.581801872361340     -1.838387309018260
C      -1.938129471504290      1.415536171117760     -2.599106647460810
C      -2.930028152903420      0.693322283473780     -1.843043733421240
C      -3.159201246020570      1.414266475146650     -0.614930462393770
C      -2.321397141872560      2.577106608848910     -0.615236631877140
C      -2.930028156619650     -0.693322265615820     -1.843043740423790
C      -1.938129479369610     -1.415536161896060     -2.599106651746700
C      -1.561685146879010     -2.581801863867520     -1.838387309588440
C      -2.321397157152520     -2.577106592946150     -0.615236632985730
C      -3.159201251456110     -1.414266451936080     -0.614930466567810
C      -0.979502613991860     -0.721106461840890     -3.324534021734280
C      -0.979502611051100      0.721106464963290     -3.324534018537940
C       0.391148174965160      1.165795291848210     -3.317136715380310
C       1.238401413917300     -0.000000005634050     -3.313464433052720
C       0.391148168812590     -1.165795297725440     -3.317136716205460
Cl     -1.610647349202630      0.000000016133150      5.363939702143410
Cl     -4.100461633255610     -0.000000041194260      3.816901260529010
63

C      -1.309470878670870      0.007988076170460      3.563002333567880
C      -0.373504707536190     -1.151376758345080      3.266094022514270
C       0.952617552329590     -0.708629366086230      3.269421338126310
C       0.961574416724050      0.714826088477040      3.251043845914320
C      -0.393314797369570      1.176746489677850      3.278044266969980
C       2.309651591706790     -2.567049032573640      0.581930136641730
C       3.158042637556010     -1.398929745544680      0.582596881682210
C       2.953368281540490     -0.691237959220250      1.802815469763020
C       2.078808579539090     -1.512066754527380      2.723663238234750
C       1.576178196374000     -2.593665036608140      1.799312568684030
C       3.171182502644190      1.408576239318260      0.575834339301200
C       2.326973983548480      2.575737457326170      0.577271076107630
C       1.569338951564150      2.573210051593590      1.804255066318890
C       1.943366886878770      1.423421349455960      2.558873665268420
C       2.935801655674430      0.684450218947020      1.796489716249400
C      -0.366845060078770      3.440826174088650      0.577230951817250
C      -1.738907010360700      2.999526997778150      0.571602828011580
C      -1.988401185698960      2.285910226637260      1.791973861742640
C      -0.746714262047530      2.286284420408960      2.562878329524890
C       0.240533833568520      3.001724065415330      1.802014662110100
C      -3.370000878130060      0.724632492118220      0.569657873300280
C      -3.364348568456590     -0.715631740823240      0.572449337043580
C      -2.783183407472140     -1.158774750043130      1.792196121743030
C      -2.639028158347570      0.007343283864220      2.747414846028000
C      -2.789229372857130      1.174877875077850      1.792445825288730
C      -1.726672577228650     -2.985614640974200      0.567331429306460
C      -0.359574796780740     -3.430575915683610      0.568417564557220
C       0.253873677496610     -2.988959559012190      1.792706481471720
C      -0.746309937940510     -2.286441676723940      2.566264379886460
C      -1.966343173876480     -2.267786767949570      1.792866666594470
C      -0.243024791751720     -3.008502601866950     -1.845086840699570
C       0.749087560682450     -2.287637040177570     -2.599287138674100
C       1.972428490708190     -2.285285956907910     -1.834022411533910
C       1.732910829914500     -3.004658098444430     -0.610839823470040
C       0.368729887956360     -3.447612471619670     -0.614807364034370
C       2.788757160371850     -1.162507252491530     -1.833367374479520
C       2.413734350667200      0.002298328725670     -2.593492973215990
C       2.793381401642270      1.167843889517690     -1.834739643301650
C       3.403979394749590      0.720121108405360     -0.609023270078460
C       3.399001325361350     -0.714457110211350     -0.606269235349570
C       1.973801455523160      2.288808511804170     -1.830192787760480
C       0.749696218692350      2.290056194164420     -2.589642161191360
C      -0.243494109099630      3.009032656808940     -1.832541803432820
C       0.365670481553050      3.451280813768270     -0.604484328464660
C       1.737310125534390      3.006104537855290     -0.602999713699460
C      -1.565320695975860      2.583811997854650     -1.841317900730700
C      -1.941596030412140      1.417906774455440     -2.601516268375180
C      -2.932399485748230      0.696776342901350     -1.846223278492010
C      -3.163106326782160      1.418612438702600     -0.617729791074020
C      -2.325884722122770      2.581441715110940     -0.618244935474550
C      -2.931376075522150     -0.690411870444770     -1.844175770899830
C      -1.940664047166020     -1.413205548227990     -2.604457748692250
C      -1.563190356938040     -2.578919520668370     -1.846847478693380
C      -2.319039113686160     -2.572183414480760     -0.619361945361640
C      -3.159968853342690     -1.411010192733560     -0.618871687007370
C      -0.983722671320530     -0.717855183992130     -3.332993193058130
C      -0.983599129947900      0.723819578370310     -3.331253705501340
C       0.386292195690940      1.167958054226520     -3.325437683740980
C       1.233517249198480      0.003191372664210     -3.325916282852810
C       0.386194437808480     -1.163503525856780     -3.329880599083850
Cl     -1.600347090248780     -0.016225962074420      5.348705431337720
Cl     -4.101057451940530      0.005039707082310      3.817337480737340
Cl      3.059804760765910     -2.221764465358640      4.100100848470980
64

C      -1.299700614281300      0.012146190684280      3.546702628557690
C      -0.362497595129770     -1.145085488640530      3.240177704221930
C       0.917956852103940     -0.718754380943930      3.207329678903020
C       0.951555724613660      0.733185846635060      3.229259167400750
C      -0.391852951293960      1.190676186163770      3.269083601275670
C       2.304407225215410     -2.563244893408420      0.572225867574180
C       3.152241536692680     -1.397476068025420      0.575231645592270
C       2.943850156135440     -0.691597105116640      1.794746891022320
C       2.077977270142370     -1.521696128600200      2.721888556132810
C       1.564963437780190     -2.598472301440720      1.793318978219070
C       3.165975210449940      1.407913822505180      0.572817246591510
C       2.324444722404490      2.580374302644710      0.574151982228320
C       1.568020379856410      2.587644386185270      1.800726245656850
C       1.931698011193420      1.428653787734430      2.549641839450920
C       2.928967501976060      0.682870481322630      1.788046845917870
C      -0.367687612550620      3.453973988684670      0.570130323633630
C      -1.739809162515030      3.011343204319820      0.565036475040680
C      -1.987430749353990      2.300545264305520      1.788307078270380
C      -0.747584560825300      2.309559721937790      2.560448509817400
C       0.239408378481150      3.017998094125730      1.800233941206460
C      -3.356621816941350      0.729317357292430      0.567715582621190
C      -3.338921541225080     -0.708491378683220      0.569782783773210
C      -2.743132736869930     -1.153832078003770      1.790363490803450
C      -2.628431315425940      0.014004285932830      2.745827069744330
C      -2.780084622153120      1.182816751012140      1.789736685307610
C      -1.712381191326840     -2.964941472741970      0.569971827235840
C      -0.347425836278860     -3.420064686118970      0.571154162731400
C       0.263956391036400     -3.019867001258070      1.798067664604630
C      -0.796348729352660     -2.473551106118110      2.739311539467820
C      -1.960289563346980     -2.270736628546080      1.794758303106250
C      -0.239086249783530     -3.000761264924270     -1.850074102142330
C       0.751796769878810     -2.282420623936080     -2.607968500822580
C       1.976574698743200     -2.281363310164690     -1.846108478354850
C       1.734009481843910     -2.997460802455770     -0.619487766980710
C       0.372554521239760     -3.437844576264970     -0.619597575371650
C       2.790222989207800     -1.158413154811780     -1.842432206634730
C       2.415168547835420      0.007532202287960     -2.600790450968970
C       2.793520566210650      1.171845187969570     -1.839482343911260
C       3.402176615541150      0.722152370721860     -0.613822208158460
C       3.396488470007140     -0.711568653808420     -0.612663768811500
C       1.973940522235080      2.292822346570260     -1.833916238073570
C       0.750436478114820      2.294854825082790     -2.593341999455980
C      -0.242514194565450      3.015394092139760     -1.838274658374130
C       0.365112249093430      3.457037069686080     -0.608690737659610
C       1.737393719557740      3.010066520097200     -0.606365101265280
C      -1.564670265423020      2.591387414468500     -1.847611615617310
C      -1.940196896609700      1.424767968836060     -2.607572049029110
C      -2.929557317069650      0.702888130533580     -1.849732689724720
C      -3.158948570982790      1.424182260170630     -0.621984109709530
C      -2.324937401773960      2.589878887595840     -0.624352160171510
C      -2.928110109556440     -0.683975116945450     -1.849546092508600
C      -1.938701940162150     -1.407593708667500     -2.610121264108650
C      -1.558395273560760     -2.570954686899400     -1.851345497247980
C      -2.305768693472950     -2.559276516530350     -0.619459897217530
C      -3.144655968140410     -1.400450552138010     -0.618881320116410
C      -0.982506159932810     -0.711879351432100     -3.339566507275400
C      -0.982742381756770      0.729890729935820     -3.335924193604820
C       0.387564357091840      1.174095885722870     -3.330730248209960
C       1.234665360785780      0.008915872905160     -3.332962147491520
C       0.387655586690670     -1.157529246032840     -3.338073170981640
Cl     -1.577187988888370     -0.032721794754170      5.334578823199750
Cl     -4.089356818968180      0.004268086688510      3.811098356033820
Cl      3.018374321130170     -2.186039359941710      4.114972295938530
Cl     -1.188619682970990     -3.617263498259930      4.083035320648650
65

C      -1.296738504817050     -0.002001212676610      3.521480313082680
C      -0.377325035445880     -1.175476919189830      3.243980224776790
C       0.938084982835730     -0.717025932831340      3.215962999361400
C       0.912894415977590      0.709491336775080      3.173978969758690
C      -0.372801906155480      1.161902264862580      3.235731076351690
C       2.301309648915730     -2.572935521833400      0.571450245605550
C       3.138948445746670     -1.397838676034300      0.572284138677060
C       2.929484696638560     -0.685508435862030      1.791723199355180
C       2.076063739266150     -1.524284778915530      2.716260026992360
C       1.572162385037290     -2.609173005317060      1.789971458494770
C       3.134913901049040      1.391709222107970      0.571031882872180
C       2.295264298231810      2.561499443139220      0.568349987990630
C       1.559789644071700      2.600746002236530      1.791137233031750
C       2.075177986447210      1.523111525999660      2.719994329679000
C       2.927052577564260      0.682765508011660      1.792110373538830
C      -0.351516849174340      3.427063204840730      0.568303873547550
C      -1.716746632474400      2.973601182438870      0.567164105536800
C      -1.966304811079620      2.281348392332910      1.792631047740300
C      -0.801873592801780      2.487171280590800      2.738348259359710
C       0.260110366670720      3.028088317835660      1.795820367141100
C      -3.340752551915700      0.714233157714110      0.566761634615200
C      -3.352674827490670     -0.725704759321150      0.567650586116710
C      -2.780692467775020     -1.175903597931270      1.786383009411200
C      -2.630641843538900     -0.006484026926660      2.739430682043220
C      -2.748265347552280      1.163156760280640      1.786638387247120
C      -1.730225090506810     -3.004260495340610      0.557079717625480
C      -0.361384679874350     -3.448881316756730      0.557744093084100
C       0.250931529017230     -3.015596967328890      1.784789716070700
C      -0.753828623037330     -2.321183916084850      2.561289429449410
C      -1.971450371791660     -2.292926474610030      1.786903422312700
C      -0.246349447879270     -3.018738954057350     -1.855498217514470
C       0.745403730294920     -2.295958218510970     -2.610667105690020
C       1.967103726618900     -2.293165639308720     -1.846474836087310
C       1.728755681692240     -3.012571083497040     -0.622469533770170
C       0.365763980248430     -3.459966852200550     -0.626586406449270
C       2.782874095575900     -1.170018616284770     -1.847605575111120
C       2.408248375735680     -0.005911040191910     -2.608308823628130
C       2.782813068645060      1.159980724834270     -1.849035738036510
C       3.381101131306630      0.711658852133460     -0.616971461983510
C       3.381496815961430     -0.719028319142450     -0.616274806416540
C       1.969298586223400      2.283440747244430     -1.851676671549800
C       0.746937728822670      2.285363505119480     -2.612919972545080
C      -0.244046974066800      3.003955674758770     -1.853400963455760
C       0.367945957819820      3.442220216111700     -0.623609538050150
C       1.728060594806540      2.999445460272110     -0.623631636370890
C      -1.562499760422360      2.574336515801990     -1.854045814590880
C      -1.943295432593840      1.409400858128400     -2.612751991829270
C      -2.930525906072730      0.687783044433690     -1.852673081776180
C      -3.147584159015820      1.405472621535650     -0.621556147956670
C      -2.309714281886060      2.564692399731360     -0.622425461284080
C      -2.930288795113420     -0.700973750185140     -1.850250695986430
C      -1.943392861804890     -1.422876783397620     -2.613140551597250
C      -1.566075217534620     -2.590276717782030     -1.856860149445750
C      -2.320817150012850     -2.585992223624100     -0.628323300573540
C      -3.157953954317110     -1.421255684952290     -0.625690124714030
C      -0.988220420668690     -0.727327905447640     -3.344090506490170
C      -0.987655092157430      0.714483792653290     -3.345159753755440
C       0.381959753761320      1.159525836509490     -3.344496416417050
C       1.228329664915450     -0.005785982909190     -3.343340611485210
C       0.381889628297040     -1.172397263042480     -3.343159785748140
Cl     -1.551265630497040      0.012384312825230      5.313883160674050
Cl     -4.081665386441460      0.000861607762590      3.815914342272930
Cl      3.039620945430090     -2.211878386474510      4.099886470696650
Cl      2.995962566302030      2.174431955663800      4.124487734440620
Cl     -1.196910520571050      3.643281867557300      4.075240707952610
66

C      -1.289216593191610     -0.001252701081310      3.504919256617990
C      -0.370088455055100     -1.174317387744990      3.221089487427490
C       0.899452251568920     -0.727793656041220      3.147908971387690
C       0.899477113882840      0.725494686077350      3.148231013976090
C      -0.370086190838870      1.171947947689250      3.221601903656940
C       2.295835403851590     -2.568488272127750      0.561667198729320
C       3.131073014806620     -1.394638333972680      0.565321659342940
C       2.918971317628060     -0.685590686858750      1.784998745371280
C       2.071662185164990     -1.531020156692810      2.711237489644310
C       1.561401381291070     -2.614072468031550      1.784523123195750
C       3.131091465183880      1.393582203879850      0.565967512586540
C       2.295790414812430      2.567393808644350      0.562838356732030
C       1.561357365256850      2.612402322504530      1.785712642266980
C       2.071691793833410      1.528957554337400      2.711936513723420
C       2.919184911133150      0.684010418977210      1.785382337980620
C      -0.349730687526130      3.437213442367870      0.563236440284730
C      -1.714937241437950      2.981334018850040      0.562734990175830
C      -1.964040868313180      2.291929128748970      1.790114427970450
C      -0.802527365955140      2.505499739469490      2.738388993222930
C       0.261923417429570      3.042503749362640      1.791912923848690
C      -3.328881139832240      0.718081320797630      0.565398192049130
C      -3.328821899183540     -0.719332530903440      0.565056093621390
C      -2.740914578491260     -1.171488008592510      1.784887502624300
C      -2.623304772671060     -0.001111598368670      2.738942363732020
C      -2.740985357107920      1.169709005974700      1.785441900150640
C      -1.714873666819300     -2.982556536516990      0.561378212983790
C      -0.349653046868630     -3.438401790419340      0.561680347253120
C       0.261987156737500     -3.044228282832500      1.790536630565440
C      -0.802472393506590     -2.507677514330270      2.737261840184310
C      -1.963983895549680     -2.293711258949490      1.789074129605330
C      -0.242584538913790     -3.010576582137790     -1.859834214137450
C       0.747866574173380     -2.290423005473530     -2.619124850718740
C       1.970454827730920     -2.288654101011300     -1.858169389376310
C       1.729506448260360     -3.005831525487890     -0.630691894867950
C       0.369615807544150     -3.449947813831080     -0.630581753408690
C       2.783511345637750     -1.165011446624610     -1.855609232370700
C       2.409722194044980      0.000159177217720     -2.615924377002770
C       2.783469637789200      1.165006884831580     -1.855089862724010
C       3.379211216326170      0.714877194506290     -0.622300600532210
C       3.379274889549830     -0.715416923697270     -0.622628878836030
C       1.970402344589950      2.288633703811540     -1.857140480624150
C       0.747825521438580      2.290698437863960     -2.618099806326330
C      -0.242632602613060      3.010486946363150     -1.858476016950280
C       0.369539230276080      3.449325857583530     -0.629020406002260
C       1.729430230178240      3.005237110542190     -0.629328470228020
C      -1.561000230049160      2.581168062659940     -1.858869342849450
C      -1.941538899704480      1.416427780275950     -2.617664483825620
C      -2.927043116235130      0.693733229728390     -1.855420778795710
C      -3.143199080190790      1.410474004231710     -0.624375869279960
C      -2.307633045620950      2.571556167444560     -0.626346261251870
C      -2.927213771289550     -0.693943407523940     -1.855795051868220
C      -1.941595042285040     -1.416244070622860     -2.618321743453320
C      -1.560983040386190     -2.581307441697320     -1.860046074609090
C      -2.307605145110680     -2.572267198681290     -0.627515333248720
C      -3.143227594088130     -1.411217844001150     -0.625026987973070
C      -0.986974149814340     -0.720314353776620     -3.350961618791540
C      -0.986933387368630      0.720860308350770     -3.350639779109020
C       0.383243273619380      1.166445972066130     -3.350530070437100
C       1.229560545010920      0.000296527273230     -3.350424092112870
C       0.383238331440230     -1.165860071958540     -3.351047083852320
Cl     -1.522592254395420     -0.001608036646110      5.295663876193950
Cl     -4.070643287880920     -0.001449112755720      3.815436910759550
Cl      2.989461193093420     -2.169552268670050      4.122676021011260
Cl      2.989355093066930      2.166962706390920      4.123712172261020
Cl     -1.195365358971440      3.655363610493450      4.070736547435670
Cl     -1.195269610787410     -3.658143249988650      4.069081633634840
